[ 2016-08-04T10:06:58+08:00 ] 127.0.0.1 /fang/Admin/public/dologin.html
INFO: [ app_begin ] --START--
INFO: Run Behavior\ReadHtmlCacheBehavior [ RunTime:0.001000s ]
INFO: Run Behavior\CheckLangBehavior [ RunTime:0.001000s ]
INFO: [ app_begin ] --END-- [ RunTime:0.002000s ]
SQL: SHOW COLUMNS FROM `sp_users` [ RunTime:0.0080s ]
SQL: SELECT * FROM `sp_users` WHERE `user_login` = 'admin' LIMIT 1   [ RunTime:0.0000s ]
SQL: SHOW COLUMNS FROM `sp_role_user` [ RunTime:0.0040s ]
SQL: SELECT `role_id` FROM sp_role_user a INNER JOIN sp_role as b on a.role_id =b.id  WHERE `user_id` = '1' AND `status` = 1  [ RunTime:0.0070s ]
SQL: UPDATE `sp_users` SET `user_login`='admin',`user_pass`='c535018ee94621232f297a57a5a743894a0e4a801fc389af',`user_nicename`='回到起点',`user_email`='497731598@qq.com',`user_url`='http;//www.jiazhengyc.com',`avatar`='5653dbdc47801.jpg',`sex`='1',`birthday`='1974-10-26',`signature`='这是什么东西啊，不想说出来啊，请你不要见谅',`last_login_ip`='127.0.0.1',`last_login_time`='2016-08-04 10:06:58',`create_time`='2015-04-28 10:30:38',`user_activation_key`='',`user_status`='1',`score`='0',`user_type`='1' WHERE `id` = 1 [ RunTime:0.0000s ]

[ 2016-08-04T10:07:51+08:00 ] 127.0.0.1 /fang/Admin/Rbac/authorize/id/2.html
NOTIC: D方法实例化没找到模型类Common\Model\AuthAccessModel

[ 2016-08-04T10:08:43+08:00 ] 127.0.0.1 /fang/Admin/User/edit_post.html
INFO: [ app_begin ] --START--
INFO: Run Behavior\ReadHtmlCacheBehavior [ RunTime:0.001001s ]
INFO: Run Behavior\CheckLangBehavior [ RunTime:0.002000s ]
INFO: [ app_begin ] --END-- [ RunTime:0.003001s ]
SQL: SHOW COLUMNS FROM `sp_users` [ RunTime:0.0020s ]
SQL: SELECT * FROM `sp_users` WHERE ( id=1 ) LIMIT 1   [ RunTime:0.0010s ]
SQL: SHOW COLUMNS FROM `sp_users` [ RunTime:0.0030s ]
SQL: SHOW COLUMNS FROM `sp_role` [ RunTime:0.0020s ]
NOTIC: [8] Undefined index: validate D:\wamp\www\fang\simplewind\Core\Library\Think\Model.class.php 第 1185 行.
SQL: SELECT * FROM `sp_users` WHERE `user_login` = 'hao123123' AND `id` <> '3' LIMIT 1   [ RunTime:0.0000s ]
SQL: SELECT * FROM `sp_users` WHERE `user_email` = 'ss@qq.com' AND `id` <> '3' LIMIT 1   [ RunTime:0.0000s ]
NOTIC: [8] Undefined index: auto D:\wamp\www\fang\simplewind\Core\Library\Think\Model.class.php 第 1128 行.
SQL: UPDATE `sp_users` SET `user_login`='hao123123',`user_email`='ss@qq.com' WHERE `id` = 3 [ RunTime:0.0010s ]
SQL: SHOW COLUMNS FROM `sp_role_user` [ RunTime:0.0020s ]
SQL: DELETE FROM `sp_role_user` WHERE `user_id` = 3 [ RunTime:0.0000s ]
SQL: INSERT INTO `sp_role_user` (`role_id`,`user_id`) VALUES ('2','3') [ RunTime:0.0000s ]
SQL: INSERT INTO `sp_role_user` (`role_id`,`user_id`) VALUES ('1','3') [ RunTime:0.0000s ]

[ 2016-08-04T10:09:01+08:00 ] 127.0.0.1 /fang/Admin/User/edit_post.html
INFO: [ app_begin ] --START--
INFO: Run Behavior\ReadHtmlCacheBehavior [ RunTime:0.000000s ]
INFO: Run Behavior\CheckLangBehavior [ RunTime:0.002001s ]
INFO: [ app_begin ] --END-- [ RunTime:0.003001s ]
SQL: SHOW COLUMNS FROM `sp_users` [ RunTime:0.0020s ]
SQL: SELECT * FROM `sp_users` WHERE ( id=1 ) LIMIT 1   [ RunTime:0.0000s ]
SQL: SHOW COLUMNS FROM `sp_users` [ RunTime:0.0020s ]
SQL: SHOW COLUMNS FROM `sp_role` [ RunTime:0.0020s ]
NOTIC: [8] Undefined index: validate D:\wamp\www\fang\simplewind\Core\Library\Think\Model.class.php 第 1185 行.
SQL: SELECT * FROM `sp_users` WHERE `user_login` = 'hao123123' AND `id` <> '3' LIMIT 1   [ RunTime:0.0000s ]
SQL: SELECT * FROM `sp_users` WHERE `user_email` = 'ss@qq.com' AND `id` <> '3' LIMIT 1   [ RunTime:0.0000s ]
NOTIC: [8] Undefined index: auto D:\wamp\www\fang\simplewind\Core\Library\Think\Model.class.php 第 1128 行.
SQL: UPDATE `sp_users` SET `user_login`='hao123123',`user_email`='ss@qq.com' WHERE `id` = 3 [ RunTime:0.0000s ]
SQL: SHOW COLUMNS FROM `sp_role_user` [ RunTime:0.0020s ]
SQL: DELETE FROM `sp_role_user` WHERE `user_id` = 3 [ RunTime:0.0010s ]
SQL: INSERT INTO `sp_role_user` (`role_id`,`user_id`) VALUES ('4','3') [ RunTime:0.0000s ]
SQL: INSERT INTO `sp_role_user` (`role_id`,`user_id`) VALUES ('3','3') [ RunTime:0.0000s ]
SQL: INSERT INTO `sp_role_user` (`role_id`,`user_id`) VALUES ('2','3') [ RunTime:0.0010s ]
SQL: INSERT INTO `sp_role_user` (`role_id`,`user_id`) VALUES ('1','3') [ RunTime:0.0000s ]

[ 2016-08-04T10:09:02+08:00 ] 127.0.0.1 /fang/Admin/User/edit_post.html
INFO: [ app_begin ] --START--
INFO: Run Behavior\ReadHtmlCacheBehavior [ RunTime:0.000000s ]
INFO: Run Behavior\CheckLangBehavior [ RunTime:0.001000s ]
INFO: [ app_begin ] --END-- [ RunTime:0.003001s ]
SQL: SHOW COLUMNS FROM `sp_users` [ RunTime:0.0020s ]
SQL: SELECT * FROM `sp_users` WHERE ( id=1 ) LIMIT 1   [ RunTime:0.0000s ]
SQL: SHOW COLUMNS FROM `sp_users` [ RunTime:0.0020s ]
SQL: SHOW COLUMNS FROM `sp_role` [ RunTime:0.0020s ]
NOTIC: [8] Undefined index: validate D:\wamp\www\fang\simplewind\Core\Library\Think\Model.class.php 第 1185 行.
SQL: SELECT * FROM `sp_users` WHERE `user_login` = 'hao123123' AND `id` <> '3' LIMIT 1   [ RunTime:0.0000s ]
SQL: SELECT * FROM `sp_users` WHERE `user_email` = 'ss@qq.com' AND `id` <> '3' LIMIT 1   [ RunTime:0.0000s ]
NOTIC: [8] Undefined index: auto D:\wamp\www\fang\simplewind\Core\Library\Think\Model.class.php 第 1128 行.
SQL: UPDATE `sp_users` SET `user_login`='hao123123',`user_email`='ss@qq.com' WHERE `id` = 3 [ RunTime:0.0000s ]
SQL: SHOW COLUMNS FROM `sp_role_user` [ RunTime:0.0020s ]
SQL: DELETE FROM `sp_role_user` WHERE `user_id` = 3 [ RunTime:0.0010s ]
SQL: INSERT INTO `sp_role_user` (`role_id`,`user_id`) VALUES ('4','3') [ RunTime:0.0000s ]
SQL: INSERT INTO `sp_role_user` (`role_id`,`user_id`) VALUES ('3','3') [ RunTime:0.0000s ]
SQL: INSERT INTO `sp_role_user` (`role_id`,`user_id`) VALUES ('2','3') [ RunTime:0.0000s ]
SQL: INSERT INTO `sp_role_user` (`role_id`,`user_id`) VALUES ('1','3') [ RunTime:0.0000s ]

[ 2016-08-04T10:09:03+08:00 ] 127.0.0.1 /fang/Admin/User/edit_post.html
INFO: [ app_begin ] --START--
INFO: Run Behavior\ReadHtmlCacheBehavior [ RunTime:0.000000s ]
INFO: Run Behavior\CheckLangBehavior [ RunTime:0.002000s ]
INFO: [ app_begin ] --END-- [ RunTime:0.003000s ]
SQL: SHOW COLUMNS FROM `sp_users` [ RunTime:0.0020s ]
SQL: SELECT * FROM `sp_users` WHERE ( id=1 ) LIMIT 1   [ RunTime:0.0000s ]
SQL: SHOW COLUMNS FROM `sp_users` [ RunTime:0.0020s ]
SQL: SHOW COLUMNS FROM `sp_role` [ RunTime:0.0010s ]
NOTIC: [8] Undefined index: validate D:\wamp\www\fang\simplewind\Core\Library\Think\Model.class.php 第 1185 行.
SQL: SELECT * FROM `sp_users` WHERE `user_login` = 'hao123123' AND `id` <> '3' LIMIT 1   [ RunTime:0.0010s ]
SQL: SELECT * FROM `sp_users` WHERE `user_email` = 'ss@qq.com' AND `id` <> '3' LIMIT 1   [ RunTime:0.0010s ]
NOTIC: [8] Undefined index: auto D:\wamp\www\fang\simplewind\Core\Library\Think\Model.class.php 第 1128 行.
SQL: UPDATE `sp_users` SET `user_login`='hao123123',`user_email`='ss@qq.com' WHERE `id` = 3 [ RunTime:0.0010s ]
SQL: SHOW COLUMNS FROM `sp_role_user` [ RunTime:0.0020s ]
SQL: DELETE FROM `sp_role_user` WHERE `user_id` = 3 [ RunTime:0.0010s ]
SQL: INSERT INTO `sp_role_user` (`role_id`,`user_id`) VALUES ('4','3') [ RunTime:0.0000s ]
SQL: INSERT INTO `sp_role_user` (`role_id`,`user_id`) VALUES ('3','3') [ RunTime:0.0000s ]
SQL: INSERT INTO `sp_role_user` (`role_id`,`user_id`) VALUES ('2','3') [ RunTime:0.0010s ]
SQL: INSERT INTO `sp_role_user` (`role_id`,`user_id`) VALUES ('1','3') [ RunTime:0.0000s ]

[ 2016-08-04T10:09:04+08:00 ] 127.0.0.1 /fang/Admin/User/edit_post.html
INFO: [ app_begin ] --START--
INFO: Run Behavior\ReadHtmlCacheBehavior [ RunTime:0.001000s ]
INFO: Run Behavior\CheckLangBehavior [ RunTime:0.002001s ]
INFO: [ app_begin ] --END-- [ RunTime:0.003001s ]
SQL: SHOW COLUMNS FROM `sp_users` [ RunTime:0.0020s ]
SQL: SELECT * FROM `sp_users` WHERE ( id=1 ) LIMIT 1   [ RunTime:0.0000s ]
SQL: SHOW COLUMNS FROM `sp_users` [ RunTime:0.0010s ]
SQL: SHOW COLUMNS FROM `sp_role` [ RunTime:0.0010s ]
NOTIC: [8] Undefined index: validate D:\wamp\www\fang\simplewind\Core\Library\Think\Model.class.php 第 1185 行.
SQL: SELECT * FROM `sp_users` WHERE `user_login` = 'hao123123' AND `id` <> '3' LIMIT 1   [ RunTime:0.0000s ]
SQL: SELECT * FROM `sp_users` WHERE `user_email` = 'ss@qq.com' AND `id` <> '3' LIMIT 1   [ RunTime:0.0010s ]
NOTIC: [8] Undefined index: auto D:\wamp\www\fang\simplewind\Core\Library\Think\Model.class.php 第 1128 行.
SQL: UPDATE `sp_users` SET `user_login`='hao123123',`user_email`='ss@qq.com' WHERE `id` = 3 [ RunTime:0.0010s ]
SQL: SHOW COLUMNS FROM `sp_role_user` [ RunTime:0.0020s ]
SQL: DELETE FROM `sp_role_user` WHERE `user_id` = 3 [ RunTime:0.0000s ]
SQL: INSERT INTO `sp_role_user` (`role_id`,`user_id`) VALUES ('4','3') [ RunTime:0.0000s ]
SQL: INSERT INTO `sp_role_user` (`role_id`,`user_id`) VALUES ('3','3') [ RunTime:0.0000s ]
SQL: INSERT INTO `sp_role_user` (`role_id`,`user_id`) VALUES ('2','3') [ RunTime:0.0000s ]
SQL: INSERT INTO `sp_role_user` (`role_id`,`user_id`) VALUES ('1','3') [ RunTime:0.0000s ]

[ 2016-08-04T10:09:04+08:00 ] 127.0.0.1 /fang/Admin/User/edit_post.html
INFO: [ app_begin ] --START--
INFO: Run Behavior\ReadHtmlCacheBehavior [ RunTime:0.001000s ]
INFO: Run Behavior\CheckLangBehavior [ RunTime:0.002000s ]
INFO: [ app_begin ] --END-- [ RunTime:0.003000s ]
SQL: SHOW COLUMNS FROM `sp_users` [ RunTime:0.0020s ]
SQL: SELECT * FROM `sp_users` WHERE ( id=1 ) LIMIT 1   [ RunTime:0.0000s ]
SQL: SHOW COLUMNS FROM `sp_users` [ RunTime:0.0020s ]
SQL: SHOW COLUMNS FROM `sp_role` [ RunTime:0.0020s ]
NOTIC: [8] Undefined index: validate D:\wamp\www\fang\simplewind\Core\Library\Think\Model.class.php 第 1185 行.
SQL: SELECT * FROM `sp_users` WHERE `user_login` = 'hao123123' AND `id` <> '3' LIMIT 1   [ RunTime:0.0000s ]
SQL: SELECT * FROM `sp_users` WHERE `user_email` = 'ss@qq.com' AND `id` <> '3' LIMIT 1   [ RunTime:0.0000s ]
NOTIC: [8] Undefined index: auto D:\wamp\www\fang\simplewind\Core\Library\Think\Model.class.php 第 1128 行.
SQL: UPDATE `sp_users` SET `user_login`='hao123123',`user_email`='ss@qq.com' WHERE `id` = 3 [ RunTime:0.0000s ]
SQL: SHOW COLUMNS FROM `sp_role_user` [ RunTime:0.0020s ]
SQL: DELETE FROM `sp_role_user` WHERE `user_id` = 3 [ RunTime:0.0010s ]
SQL: INSERT INTO `sp_role_user` (`role_id`,`user_id`) VALUES ('4','3') [ RunTime:0.0000s ]
SQL: INSERT INTO `sp_role_user` (`role_id`,`user_id`) VALUES ('3','3') [ RunTime:0.0000s ]
SQL: INSERT INTO `sp_role_user` (`role_id`,`user_id`) VALUES ('2','3') [ RunTime:0.0010s ]
SQL: INSERT INTO `sp_role_user` (`role_id`,`user_id`) VALUES ('1','3') [ RunTime:0.0000s ]

[ 2016-08-04T10:09:05+08:00 ] 127.0.0.1 /fang/Admin/User/edit_post.html
INFO: [ app_begin ] --START--
INFO: Run Behavior\ReadHtmlCacheBehavior [ RunTime:0.000000s ]
INFO: Run Behavior\CheckLangBehavior [ RunTime:0.001000s ]
INFO: [ app_begin ] --END-- [ RunTime:0.003000s ]
SQL: SHOW COLUMNS FROM `sp_users` [ RunTime:0.0020s ]
SQL: SELECT * FROM `sp_users` WHERE ( id=1 ) LIMIT 1   [ RunTime:0.0000s ]
SQL: SHOW COLUMNS FROM `sp_users` [ RunTime:0.0020s ]
SQL: SHOW COLUMNS FROM `sp_role` [ RunTime:0.0020s ]
NOTIC: [8] Undefined index: validate D:\wamp\www\fang\simplewind\Core\Library\Think\Model.class.php 第 1185 行.
SQL: SELECT * FROM `sp_users` WHERE `user_login` = 'hao123123' AND `id` <> '3' LIMIT 1   [ RunTime:0.0000s ]
SQL: SELECT * FROM `sp_users` WHERE `user_email` = 'ss@qq.com' AND `id` <> '3' LIMIT 1   [ RunTime:0.0000s ]
NOTIC: [8] Undefined index: auto D:\wamp\www\fang\simplewind\Core\Library\Think\Model.class.php 第 1128 行.
SQL: UPDATE `sp_users` SET `user_login`='hao123123',`user_email`='ss@qq.com' WHERE `id` = 3 [ RunTime:0.0000s ]
SQL: SHOW COLUMNS FROM `sp_role_user` [ RunTime:0.0020s ]
SQL: DELETE FROM `sp_role_user` WHERE `user_id` = 3 [ RunTime:0.0010s ]
SQL: INSERT INTO `sp_role_user` (`role_id`,`user_id`) VALUES ('4','3') [ RunTime:0.0000s ]
SQL: INSERT INTO `sp_role_user` (`role_id`,`user_id`) VALUES ('3','3') [ RunTime:0.0000s ]
SQL: INSERT INTO `sp_role_user` (`role_id`,`user_id`) VALUES ('2','3') [ RunTime:0.0010s ]
SQL: INSERT INTO `sp_role_user` (`role_id`,`user_id`) VALUES ('1','3') [ RunTime:0.0000s ]

[ 2016-08-04T10:09:05+08:00 ] 127.0.0.1 /fang/Admin/User/edit_post.html
INFO: [ app_begin ] --START--
INFO: Run Behavior\ReadHtmlCacheBehavior [ RunTime:0.000000s ]
INFO: Run Behavior\CheckLangBehavior [ RunTime:0.001000s ]
INFO: [ app_begin ] --END-- [ RunTime:0.003000s ]
SQL: SHOW COLUMNS FROM `sp_users` [ RunTime:0.0020s ]
SQL: SELECT * FROM `sp_users` WHERE ( id=1 ) LIMIT 1   [ RunTime:0.0000s ]
SQL: SHOW COLUMNS FROM `sp_users` [ RunTime:0.0020s ]
SQL: SHOW COLUMNS FROM `sp_role` [ RunTime:0.0010s ]
NOTIC: [8] Undefined index: validate D:\wamp\www\fang\simplewind\Core\Library\Think\Model.class.php 第 1185 行.
SQL: SELECT * FROM `sp_users` WHERE `user_login` = 'hao123123' AND `id` <> '3' LIMIT 1   [ RunTime:0.0000s ]
SQL: SELECT * FROM `sp_users` WHERE `user_email` = 'ss@qq.com' AND `id` <> '3' LIMIT 1   [ RunTime:0.0010s ]
NOTIC: [8] Undefined index: auto D:\wamp\www\fang\simplewind\Core\Library\Think\Model.class.php 第 1128 行.
SQL: UPDATE `sp_users` SET `user_login`='hao123123',`user_email`='ss@qq.com' WHERE `id` = 3 [ RunTime:0.0000s ]
SQL: SHOW COLUMNS FROM `sp_role_user` [ RunTime:0.0020s ]
SQL: DELETE FROM `sp_role_user` WHERE `user_id` = 3 [ RunTime:0.0010s ]
SQL: INSERT INTO `sp_role_user` (`role_id`,`user_id`) VALUES ('4','3') [ RunTime:0.0000s ]
SQL: INSERT INTO `sp_role_user` (`role_id`,`user_id`) VALUES ('3','3') [ RunTime:0.0000s ]
SQL: INSERT INTO `sp_role_user` (`role_id`,`user_id`) VALUES ('2','3') [ RunTime:0.0010s ]
SQL: INSERT INTO `sp_role_user` (`role_id`,`user_id`) VALUES ('1','3') [ RunTime:0.0000s ]

[ 2016-08-04T10:09:05+08:00 ] 127.0.0.1 /fang/Admin/User/edit_post.html
INFO: [ app_begin ] --START--
INFO: Run Behavior\ReadHtmlCacheBehavior [ RunTime:0.001000s ]
INFO: Run Behavior\CheckLangBehavior [ RunTime:0.001000s ]
INFO: [ app_begin ] --END-- [ RunTime:0.002000s ]
SQL: SHOW COLUMNS FROM `sp_users` [ RunTime:0.0020s ]
SQL: SELECT * FROM `sp_users` WHERE ( id=1 ) LIMIT 1   [ RunTime:0.0010s ]
SQL: SHOW COLUMNS FROM `sp_users` [ RunTime:0.0020s ]
SQL: SHOW COLUMNS FROM `sp_role` [ RunTime:0.0020s ]
NOTIC: [8] Undefined index: validate D:\wamp\www\fang\simplewind\Core\Library\Think\Model.class.php 第 1185 行.
SQL: SELECT * FROM `sp_users` WHERE `user_login` = 'hao123123' AND `id` <> '3' LIMIT 1   [ RunTime:0.0000s ]
SQL: SELECT * FROM `sp_users` WHERE `user_email` = 'ss@qq.com' AND `id` <> '3' LIMIT 1   [ RunTime:0.0000s ]
NOTIC: [8] Undefined index: auto D:\wamp\www\fang\simplewind\Core\Library\Think\Model.class.php 第 1128 行.
SQL: UPDATE `sp_users` SET `user_login`='hao123123',`user_email`='ss@qq.com' WHERE `id` = 3 [ RunTime:0.0000s ]
SQL: SHOW COLUMNS FROM `sp_role_user` [ RunTime:0.0010s ]
SQL: DELETE FROM `sp_role_user` WHERE `user_id` = 3 [ RunTime:0.0000s ]
SQL: INSERT INTO `sp_role_user` (`role_id`,`user_id`) VALUES ('4','3') [ RunTime:0.0010s ]
SQL: INSERT INTO `sp_role_user` (`role_id`,`user_id`) VALUES ('3','3') [ RunTime:0.0000s ]
SQL: INSERT INTO `sp_role_user` (`role_id`,`user_id`) VALUES ('2','3') [ RunTime:0.0000s ]
SQL: INSERT INTO `sp_role_user` (`role_id`,`user_id`) VALUES ('1','3') [ RunTime:0.0010s ]

[ 2016-08-04T10:09:06+08:00 ] 127.0.0.1 /fang/Admin/User/edit_post.html
INFO: [ app_begin ] --START--
INFO: Run Behavior\ReadHtmlCacheBehavior [ RunTime:0.000000s ]
INFO: Run Behavior\CheckLangBehavior [ RunTime:0.002000s ]
INFO: [ app_begin ] --END-- [ RunTime:0.003000s ]
SQL: SHOW COLUMNS FROM `sp_users` [ RunTime:0.0020s ]
SQL: SELECT * FROM `sp_users` WHERE ( id=1 ) LIMIT 1   [ RunTime:0.0000s ]
SQL: SHOW COLUMNS FROM `sp_users` [ RunTime:0.0020s ]
SQL: SHOW COLUMNS FROM `sp_role` [ RunTime:0.0020s ]
NOTIC: [8] Undefined index: validate D:\wamp\www\fang\simplewind\Core\Library\Think\Model.class.php 第 1185 行.
SQL: SELECT * FROM `sp_users` WHERE `user_login` = 'hao123123' AND `id` <> '3' LIMIT 1   [ RunTime:0.0010s ]
SQL: SELECT * FROM `sp_users` WHERE `user_email` = 'ss@qq.com' AND `id` <> '3' LIMIT 1   [ RunTime:0.0010s ]
NOTIC: [8] Undefined index: auto D:\wamp\www\fang\simplewind\Core\Library\Think\Model.class.php 第 1128 行.
SQL: UPDATE `sp_users` SET `user_login`='hao123123',`user_email`='ss@qq.com' WHERE `id` = 3 [ RunTime:0.0010s ]
SQL: SHOW COLUMNS FROM `sp_role_user` [ RunTime:0.0020s ]
SQL: DELETE FROM `sp_role_user` WHERE `user_id` = 3 [ RunTime:0.0000s ]
SQL: INSERT INTO `sp_role_user` (`role_id`,`user_id`) VALUES ('4','3') [ RunTime:0.0000s ]
SQL: INSERT INTO `sp_role_user` (`role_id`,`user_id`) VALUES ('3','3') [ RunTime:0.0000s ]
SQL: INSERT INTO `sp_role_user` (`role_id`,`user_id`) VALUES ('2','3') [ RunTime:0.0000s ]
SQL: INSERT INTO `sp_role_user` (`role_id`,`user_id`) VALUES ('1','3') [ RunTime:0.0000s ]

[ 2016-08-04T10:09:06+08:00 ] 127.0.0.1 /fang/Admin/User/edit_post.html
INFO: [ app_begin ] --START--
INFO: Run Behavior\ReadHtmlCacheBehavior [ RunTime:0.000000s ]
INFO: Run Behavior\CheckLangBehavior [ RunTime:0.002001s ]
INFO: [ app_begin ] --END-- [ RunTime:0.003001s ]
SQL: SHOW COLUMNS FROM `sp_users` [ RunTime:0.0020s ]
SQL: SELECT * FROM `sp_users` WHERE ( id=1 ) LIMIT 1   [ RunTime:0.0000s ]
SQL: SHOW COLUMNS FROM `sp_users` [ RunTime:0.0010s ]
SQL: SHOW COLUMNS FROM `sp_role` [ RunTime:0.0010s ]
NOTIC: [8] Undefined index: validate D:\wamp\www\fang\simplewind\Core\Library\Think\Model.class.php 第 1185 行.
SQL: SELECT * FROM `sp_users` WHERE `user_login` = 'hao123123' AND `id` <> '3' LIMIT 1   [ RunTime:0.0000s ]
SQL: SELECT * FROM `sp_users` WHERE `user_email` = 'ss@qq.com' AND `id` <> '3' LIMIT 1   [ RunTime:0.0000s ]
NOTIC: [8] Undefined index: auto D:\wamp\www\fang\simplewind\Core\Library\Think\Model.class.php 第 1128 行.
SQL: UPDATE `sp_users` SET `user_login`='hao123123',`user_email`='ss@qq.com' WHERE `id` = 3 [ RunTime:0.0000s ]
SQL: SHOW COLUMNS FROM `sp_role_user` [ RunTime:0.0020s ]
SQL: DELETE FROM `sp_role_user` WHERE `user_id` = 3 [ RunTime:0.0000s ]
SQL: INSERT INTO `sp_role_user` (`role_id`,`user_id`) VALUES ('4','3') [ RunTime:0.0000s ]
SQL: INSERT INTO `sp_role_user` (`role_id`,`user_id`) VALUES ('3','3') [ RunTime:0.0010s ]
SQL: INSERT INTO `sp_role_user` (`role_id`,`user_id`) VALUES ('2','3') [ RunTime:0.0000s ]
SQL: INSERT INTO `sp_role_user` (`role_id`,`user_id`) VALUES ('1','3') [ RunTime:0.0000s ]

[ 2016-08-04T10:09:07+08:00 ] 127.0.0.1 /fang/Admin/User/edit_post.html
INFO: [ app_begin ] --START--
INFO: Run Behavior\ReadHtmlCacheBehavior [ RunTime:0.001000s ]
INFO: Run Behavior\CheckLangBehavior [ RunTime:0.002000s ]
INFO: [ app_begin ] --END-- [ RunTime:0.004000s ]
SQL: SHOW COLUMNS FROM `sp_users` [ RunTime:0.0020s ]
SQL: SELECT * FROM `sp_users` WHERE ( id=1 ) LIMIT 1   [ RunTime:0.0000s ]
SQL: SHOW COLUMNS FROM `sp_users` [ RunTime:0.0020s ]
SQL: SHOW COLUMNS FROM `sp_role` [ RunTime:0.0020s ]
NOTIC: [8] Undefined index: validate D:\wamp\www\fang\simplewind\Core\Library\Think\Model.class.php 第 1185 行.
SQL: SELECT * FROM `sp_users` WHERE `user_login` = 'hao123123' AND `id` <> '3' LIMIT 1   [ RunTime:0.0000s ]
SQL: SELECT * FROM `sp_users` WHERE `user_email` = 'ss@qq.com' AND `id` <> '3' LIMIT 1   [ RunTime:0.0000s ]
NOTIC: [8] Undefined index: auto D:\wamp\www\fang\simplewind\Core\Library\Think\Model.class.php 第 1128 行.
SQL: UPDATE `sp_users` SET `user_login`='hao123123',`user_email`='ss@qq.com' WHERE `id` = 3 [ RunTime:0.0000s ]
SQL: SHOW COLUMNS FROM `sp_role_user` [ RunTime:0.0020s ]
SQL: DELETE FROM `sp_role_user` WHERE `user_id` = 3 [ RunTime:0.0000s ]
SQL: INSERT INTO `sp_role_user` (`role_id`,`user_id`) VALUES ('4','3') [ RunTime:0.0000s ]
SQL: INSERT INTO `sp_role_user` (`role_id`,`user_id`) VALUES ('3','3') [ RunTime:0.0000s ]
SQL: INSERT INTO `sp_role_user` (`role_id`,`user_id`) VALUES ('2','3') [ RunTime:0.0000s ]
SQL: INSERT INTO `sp_role_user` (`role_id`,`user_id`) VALUES ('1','3') [ RunTime:0.0000s ]

[ 2016-08-04T10:09:07+08:00 ] 127.0.0.1 /fang/Admin/User/edit_post.html
INFO: [ app_begin ] --START--
INFO: Run Behavior\ReadHtmlCacheBehavior [ RunTime:0.001000s ]
INFO: Run Behavior\CheckLangBehavior [ RunTime:0.002000s ]
INFO: [ app_begin ] --END-- [ RunTime:0.004000s ]
SQL: SHOW COLUMNS FROM `sp_users` [ RunTime:0.0020s ]
SQL: SELECT * FROM `sp_users` WHERE ( id=1 ) LIMIT 1   [ RunTime:0.0000s ]
SQL: SHOW COLUMNS FROM `sp_users` [ RunTime:0.0020s ]
SQL: SHOW COLUMNS FROM `sp_role` [ RunTime:0.0020s ]
NOTIC: [8] Undefined index: validate D:\wamp\www\fang\simplewind\Core\Library\Think\Model.class.php 第 1185 行.
SQL: SELECT * FROM `sp_users` WHERE `user_login` = 'hao123123' AND `id` <> '3' LIMIT 1   [ RunTime:0.0010s ]
SQL: SELECT * FROM `sp_users` WHERE `user_email` = 'ss@qq.com' AND `id` <> '3' LIMIT 1   [ RunTime:0.0000s ]
NOTIC: [8] Undefined index: auto D:\wamp\www\fang\simplewind\Core\Library\Think\Model.class.php 第 1128 行.
SQL: UPDATE `sp_users` SET `user_login`='hao123123',`user_email`='ss@qq.com' WHERE `id` = 3 [ RunTime:0.0000s ]
SQL: SHOW COLUMNS FROM `sp_role_user` [ RunTime:0.0010s ]
SQL: DELETE FROM `sp_role_user` WHERE `user_id` = 3 [ RunTime:0.0000s ]
SQL: INSERT INTO `sp_role_user` (`role_id`,`user_id`) VALUES ('4','3') [ RunTime:0.0000s ]
SQL: INSERT INTO `sp_role_user` (`role_id`,`user_id`) VALUES ('3','3') [ RunTime:0.0000s ]
SQL: INSERT INTO `sp_role_user` (`role_id`,`user_id`) VALUES ('2','3') [ RunTime:0.0000s ]
SQL: INSERT INTO `sp_role_user` (`role_id`,`user_id`) VALUES ('1','3') [ RunTime:0.0010s ]

[ 2016-08-04T10:09:08+08:00 ] 127.0.0.1 /fang/Admin/User/edit_post.html
INFO: [ app_begin ] --START--
INFO: Run Behavior\ReadHtmlCacheBehavior [ RunTime:0.001000s ]
INFO: Run Behavior\CheckLangBehavior [ RunTime:0.001000s ]
INFO: [ app_begin ] --END-- [ RunTime:0.002000s ]
SQL: SHOW COLUMNS FROM `sp_users` [ RunTime:0.0020s ]
SQL: SELECT * FROM `sp_users` WHERE ( id=1 ) LIMIT 1   [ RunTime:0.0000s ]
SQL: SHOW COLUMNS FROM `sp_users` [ RunTime:0.0020s ]
SQL: SHOW COLUMNS FROM `sp_role` [ RunTime:0.0020s ]
NOTIC: [8] Undefined index: validate D:\wamp\www\fang\simplewind\Core\Library\Think\Model.class.php 第 1185 行.
SQL: SELECT * FROM `sp_users` WHERE `user_login` = 'hao123123' AND `id` <> '3' LIMIT 1   [ RunTime:0.0000s ]
SQL: SELECT * FROM `sp_users` WHERE `user_email` = 'ss@qq.com' AND `id` <> '3' LIMIT 1   [ RunTime:0.0000s ]
NOTIC: [8] Undefined index: auto D:\wamp\www\fang\simplewind\Core\Library\Think\Model.class.php 第 1128 行.
SQL: UPDATE `sp_users` SET `user_login`='hao123123',`user_email`='ss@qq.com' WHERE `id` = 3 [ RunTime:0.0000s ]
SQL: SHOW COLUMNS FROM `sp_role_user` [ RunTime:0.0010s ]
SQL: DELETE FROM `sp_role_user` WHERE `user_id` = 3 [ RunTime:0.0000s ]
SQL: INSERT INTO `sp_role_user` (`role_id`,`user_id`) VALUES ('4','3') [ RunTime:0.0010s ]
SQL: INSERT INTO `sp_role_user` (`role_id`,`user_id`) VALUES ('3','3') [ RunTime:0.0000s ]
SQL: INSERT INTO `sp_role_user` (`role_id`,`user_id`) VALUES ('2','3') [ RunTime:0.0000s ]
SQL: INSERT INTO `sp_role_user` (`role_id`,`user_id`) VALUES ('1','3') [ RunTime:0.0010s ]

[ 2016-08-04T10:09:08+08:00 ] 127.0.0.1 /fang/Admin/User/edit_post.html
INFO: [ app_begin ] --START--
INFO: Run Behavior\ReadHtmlCacheBehavior [ RunTime:0.001000s ]
INFO: Run Behavior\CheckLangBehavior [ RunTime:0.001000s ]
INFO: [ app_begin ] --END-- [ RunTime:0.002000s ]
SQL: SHOW COLUMNS FROM `sp_users` [ RunTime:0.0020s ]
SQL: SELECT * FROM `sp_users` WHERE ( id=1 ) LIMIT 1   [ RunTime:0.0000s ]
SQL: SHOW COLUMNS FROM `sp_users` [ RunTime:0.0020s ]
SQL: SHOW COLUMNS FROM `sp_role` [ RunTime:0.0010s ]
NOTIC: [8] Undefined index: validate D:\wamp\www\fang\simplewind\Core\Library\Think\Model.class.php 第 1185 行.
SQL: SELECT * FROM `sp_users` WHERE `user_login` = 'hao123123' AND `id` <> '3' LIMIT 1   [ RunTime:0.0000s ]
SQL: SELECT * FROM `sp_users` WHERE `user_email` = 'ss@qq.com' AND `id` <> '3' LIMIT 1   [ RunTime:0.0010s ]
NOTIC: [8] Undefined index: auto D:\wamp\www\fang\simplewind\Core\Library\Think\Model.class.php 第 1128 行.
SQL: UPDATE `sp_users` SET `user_login`='hao123123',`user_email`='ss@qq.com' WHERE `id` = 3 [ RunTime:0.0000s ]
SQL: SHOW COLUMNS FROM `sp_role_user` [ RunTime:0.0020s ]
SQL: DELETE FROM `sp_role_user` WHERE `user_id` = 3 [ RunTime:0.0010s ]
SQL: INSERT INTO `sp_role_user` (`role_id`,`user_id`) VALUES ('4','3') [ RunTime:0.0000s ]
SQL: INSERT INTO `sp_role_user` (`role_id`,`user_id`) VALUES ('3','3') [ RunTime:0.0000s ]
SQL: INSERT INTO `sp_role_user` (`role_id`,`user_id`) VALUES ('2','3') [ RunTime:0.0010s ]
SQL: INSERT INTO `sp_role_user` (`role_id`,`user_id`) VALUES ('1','3') [ RunTime:0.0000s ]

[ 2016-08-04T10:09:09+08:00 ] 127.0.0.1 /fang/Admin/User/edit_post.html
INFO: [ app_begin ] --START--
INFO: Run Behavior\ReadHtmlCacheBehavior [ RunTime:0.001000s ]
INFO: Run Behavior\CheckLangBehavior [ RunTime:0.002000s ]
INFO: [ app_begin ] --END-- [ RunTime:0.005000s ]
SQL: SHOW COLUMNS FROM `sp_users` [ RunTime:0.0020s ]
SQL: SELECT * FROM `sp_users` WHERE ( id=1 ) LIMIT 1   [ RunTime:0.0000s ]
SQL: SHOW COLUMNS FROM `sp_users` [ RunTime:0.0010s ]
SQL: SHOW COLUMNS FROM `sp_role` [ RunTime:0.0010s ]
NOTIC: [8] Undefined index: validate D:\wamp\www\fang\simplewind\Core\Library\Think\Model.class.php 第 1185 行.
SQL: SELECT * FROM `sp_users` WHERE `user_login` = 'hao123123' AND `id` <> '3' LIMIT 1   [ RunTime:0.0000s ]
SQL: SELECT * FROM `sp_users` WHERE `user_email` = 'ss@qq.com' AND `id` <> '3' LIMIT 1   [ RunTime:0.0000s ]
NOTIC: [8] Undefined index: auto D:\wamp\www\fang\simplewind\Core\Library\Think\Model.class.php 第 1128 行.
SQL: UPDATE `sp_users` SET `user_login`='hao123123',`user_email`='ss@qq.com' WHERE `id` = 3 [ RunTime:0.0000s ]
SQL: SHOW COLUMNS FROM `sp_role_user` [ RunTime:0.0020s ]
SQL: DELETE FROM `sp_role_user` WHERE `user_id` = 3 [ RunTime:0.0000s ]
SQL: INSERT INTO `sp_role_user` (`role_id`,`user_id`) VALUES ('4','3') [ RunTime:0.0000s ]
SQL: INSERT INTO `sp_role_user` (`role_id`,`user_id`) VALUES ('3','3') [ RunTime:0.0000s ]
SQL: INSERT INTO `sp_role_user` (`role_id`,`user_id`) VALUES ('2','3') [ RunTime:0.0000s ]
SQL: INSERT INTO `sp_role_user` (`role_id`,`user_id`) VALUES ('1','3') [ RunTime:0.0000s ]

[ 2016-08-04T10:09:09+08:00 ] 127.0.0.1 /fang/Admin/User/edit_post.html
INFO: [ app_begin ] --START--
INFO: Run Behavior\ReadHtmlCacheBehavior [ RunTime:0.001000s ]
INFO: Run Behavior\CheckLangBehavior [ RunTime:0.001000s ]
INFO: [ app_begin ] --END-- [ RunTime:0.002000s ]
SQL: SHOW COLUMNS FROM `sp_users` [ RunTime:0.0020s ]
SQL: SELECT * FROM `sp_users` WHERE ( id=1 ) LIMIT 1   [ RunTime:0.0010s ]
SQL: SHOW COLUMNS FROM `sp_users` [ RunTime:0.0020s ]
SQL: SHOW COLUMNS FROM `sp_role` [ RunTime:0.0010s ]
NOTIC: [8] Undefined index: validate D:\wamp\www\fang\simplewind\Core\Library\Think\Model.class.php 第 1185 行.
SQL: SELECT * FROM `sp_users` WHERE `user_login` = 'hao123123' AND `id` <> '3' LIMIT 1   [ RunTime:0.0000s ]
SQL: SELECT * FROM `sp_users` WHERE `user_email` = 'ss@qq.com' AND `id` <> '3' LIMIT 1   [ RunTime:0.0010s ]
NOTIC: [8] Undefined index: auto D:\wamp\www\fang\simplewind\Core\Library\Think\Model.class.php 第 1128 行.
SQL: UPDATE `sp_users` SET `user_login`='hao123123',`user_email`='ss@qq.com' WHERE `id` = 3 [ RunTime:0.0010s ]
SQL: SHOW COLUMNS FROM `sp_role_user` [ RunTime:0.0020s ]
SQL: DELETE FROM `sp_role_user` WHERE `user_id` = 3 [ RunTime:0.0000s ]
SQL: INSERT INTO `sp_role_user` (`role_id`,`user_id`) VALUES ('4','3') [ RunTime:0.0000s ]
SQL: INSERT INTO `sp_role_user` (`role_id`,`user_id`) VALUES ('3','3') [ RunTime:0.0000s ]
SQL: INSERT INTO `sp_role_user` (`role_id`,`user_id`) VALUES ('2','3') [ RunTime:0.0000s ]
SQL: INSERT INTO `sp_role_user` (`role_id`,`user_id`) VALUES ('1','3') [ RunTime:0.0000s ]

[ 2016-08-04T10:09:10+08:00 ] 127.0.0.1 /fang/Admin/User/edit_post.html
INFO: [ app_begin ] --START--
INFO: Run Behavior\ReadHtmlCacheBehavior [ RunTime:0.001000s ]
INFO: Run Behavior\CheckLangBehavior [ RunTime:0.002000s ]
INFO: [ app_begin ] --END-- [ RunTime:0.003000s ]
SQL: SHOW COLUMNS FROM `sp_users` [ RunTime:0.0020s ]
SQL: SELECT * FROM `sp_users` WHERE ( id=1 ) LIMIT 1   [ RunTime:0.0000s ]
SQL: SHOW COLUMNS FROM `sp_users` [ RunTime:0.0020s ]
SQL: SHOW COLUMNS FROM `sp_role` [ RunTime:0.0020s ]
NOTIC: [8] Undefined index: validate D:\wamp\www\fang\simplewind\Core\Library\Think\Model.class.php 第 1185 行.
SQL: SELECT * FROM `sp_users` WHERE `user_login` = 'hao123123' AND `id` <> '3' LIMIT 1   [ RunTime:0.0000s ]
SQL: SELECT * FROM `sp_users` WHERE `user_email` = 'ss@qq.com' AND `id` <> '3' LIMIT 1   [ RunTime:0.0000s ]
NOTIC: [8] Undefined index: auto D:\wamp\www\fang\simplewind\Core\Library\Think\Model.class.php 第 1128 行.
SQL: UPDATE `sp_users` SET `user_login`='hao123123',`user_email`='ss@qq.com' WHERE `id` = 3 [ RunTime:0.0000s ]
SQL: SHOW COLUMNS FROM `sp_role_user` [ RunTime:0.0020s ]
SQL: DELETE FROM `sp_role_user` WHERE `user_id` = 3 [ RunTime:0.0010s ]
SQL: INSERT INTO `sp_role_user` (`role_id`,`user_id`) VALUES ('4','3') [ RunTime:0.0000s ]
SQL: INSERT INTO `sp_role_user` (`role_id`,`user_id`) VALUES ('3','3') [ RunTime:0.0000s ]
SQL: INSERT INTO `sp_role_user` (`role_id`,`user_id`) VALUES ('2','3') [ RunTime:0.0000s ]
SQL: INSERT INTO `sp_role_user` (`role_id`,`user_id`) VALUES ('1','3') [ RunTime:0.0000s ]

[ 2016-08-04T10:09:10+08:00 ] 127.0.0.1 /fang/Admin/User/edit_post.html
INFO: [ app_begin ] --START--
INFO: Run Behavior\ReadHtmlCacheBehavior [ RunTime:0.001000s ]
INFO: Run Behavior\CheckLangBehavior [ RunTime:0.001000s ]
INFO: [ app_begin ] --END-- [ RunTime:0.003000s ]
SQL: SHOW COLUMNS FROM `sp_users` [ RunTime:0.0020s ]
SQL: SELECT * FROM `sp_users` WHERE ( id=1 ) LIMIT 1   [ RunTime:0.0000s ]
SQL: SHOW COLUMNS FROM `sp_users` [ RunTime:0.0020s ]
SQL: SHOW COLUMNS FROM `sp_role` [ RunTime:0.0020s ]
NOTIC: [8] Undefined index: validate D:\wamp\www\fang\simplewind\Core\Library\Think\Model.class.php 第 1185 行.
SQL: SELECT * FROM `sp_users` WHERE `user_login` = 'hao123123' AND `id` <> '3' LIMIT 1   [ RunTime:0.0000s ]
SQL: SELECT * FROM `sp_users` WHERE `user_email` = 'ss@qq.com' AND `id` <> '3' LIMIT 1   [ RunTime:0.0000s ]
NOTIC: [8] Undefined index: auto D:\wamp\www\fang\simplewind\Core\Library\Think\Model.class.php 第 1128 行.
SQL: UPDATE `sp_users` SET `user_login`='hao123123',`user_email`='ss@qq.com' WHERE `id` = 3 [ RunTime:0.0000s ]
SQL: SHOW COLUMNS FROM `sp_role_user` [ RunTime:0.0020s ]
SQL: DELETE FROM `sp_role_user` WHERE `user_id` = 3 [ RunTime:0.0000s ]
SQL: INSERT INTO `sp_role_user` (`role_id`,`user_id`) VALUES ('4','3') [ RunTime:0.0000s ]
SQL: INSERT INTO `sp_role_user` (`role_id`,`user_id`) VALUES ('3','3') [ RunTime:0.0000s ]
SQL: INSERT INTO `sp_role_user` (`role_id`,`user_id`) VALUES ('2','3') [ RunTime:0.0000s ]
SQL: INSERT INTO `sp_role_user` (`role_id`,`user_id`) VALUES ('1','3') [ RunTime:0.0000s ]

[ 2016-08-04T10:09:11+08:00 ] 127.0.0.1 /fang/Admin/User/edit_post.html
INFO: [ app_begin ] --START--
INFO: Run Behavior\ReadHtmlCacheBehavior [ RunTime:0.000000s ]
INFO: Run Behavior\CheckLangBehavior [ RunTime:0.001000s ]
INFO: [ app_begin ] --END-- [ RunTime:0.003000s ]
SQL: SHOW COLUMNS FROM `sp_users` [ RunTime:0.0020s ]
SQL: SELECT * FROM `sp_users` WHERE ( id=1 ) LIMIT 1   [ RunTime:0.0000s ]
SQL: SHOW COLUMNS FROM `sp_users` [ RunTime:0.0020s ]
SQL: SHOW COLUMNS FROM `sp_role` [ RunTime:0.0020s ]
NOTIC: [8] Undefined index: validate D:\wamp\www\fang\simplewind\Core\Library\Think\Model.class.php 第 1185 行.
SQL: SELECT * FROM `sp_users` WHERE `user_login` = 'hao123123' AND `id` <> '3' LIMIT 1   [ RunTime:0.0000s ]
SQL: SELECT * FROM `sp_users` WHERE `user_email` = 'ss@qq.com' AND `id` <> '3' LIMIT 1   [ RunTime:0.0000s ]
NOTIC: [8] Undefined index: auto D:\wamp\www\fang\simplewind\Core\Library\Think\Model.class.php 第 1128 行.
SQL: UPDATE `sp_users` SET `user_login`='hao123123',`user_email`='ss@qq.com' WHERE `id` = 3 [ RunTime:0.0000s ]
SQL: SHOW COLUMNS FROM `sp_role_user` [ RunTime:0.0020s ]
SQL: DELETE FROM `sp_role_user` WHERE `user_id` = 3 [ RunTime:0.0010s ]
SQL: INSERT INTO `sp_role_user` (`role_id`,`user_id`) VALUES ('4','3') [ RunTime:0.0000s ]
SQL: INSERT INTO `sp_role_user` (`role_id`,`user_id`) VALUES ('3','3') [ RunTime:0.0000s ]
SQL: INSERT INTO `sp_role_user` (`role_id`,`user_id`) VALUES ('2','3') [ RunTime:0.0000s ]
SQL: INSERT INTO `sp_role_user` (`role_id`,`user_id`) VALUES ('1','3') [ RunTime:0.0000s ]

[ 2016-08-04T10:09:12+08:00 ] 127.0.0.1 /fang/Admin/User/edit_post.html
INFO: [ app_begin ] --START--
INFO: Run Behavior\ReadHtmlCacheBehavior [ RunTime:0.001000s ]
INFO: Run Behavior\CheckLangBehavior [ RunTime:0.001000s ]
INFO: [ app_begin ] --END-- [ RunTime:0.003000s ]
SQL: SHOW COLUMNS FROM `sp_users` [ RunTime:0.0020s ]
SQL: SELECT * FROM `sp_users` WHERE ( id=1 ) LIMIT 1   [ RunTime:0.0000s ]
SQL: SHOW COLUMNS FROM `sp_users` [ RunTime:0.0020s ]
SQL: SHOW COLUMNS FROM `sp_role` [ RunTime:0.0020s ]
NOTIC: [8] Undefined index: validate D:\wamp\www\fang\simplewind\Core\Library\Think\Model.class.php 第 1185 行.
SQL: SELECT * FROM `sp_users` WHERE `user_login` = 'hao123123' AND `id` <> '3' LIMIT 1   [ RunTime:0.0000s ]
SQL: SELECT * FROM `sp_users` WHERE `user_email` = 'ss@qq.com' AND `id` <> '3' LIMIT 1   [ RunTime:0.0000s ]
NOTIC: [8] Undefined index: auto D:\wamp\www\fang\simplewind\Core\Library\Think\Model.class.php 第 1128 行.
SQL: UPDATE `sp_users` SET `user_login`='hao123123',`user_email`='ss@qq.com' WHERE `id` = 3 [ RunTime:0.0000s ]
SQL: SHOW COLUMNS FROM `sp_role_user` [ RunTime:0.0020s ]
SQL: DELETE FROM `sp_role_user` WHERE `user_id` = 3 [ RunTime:0.0010s ]
SQL: INSERT INTO `sp_role_user` (`role_id`,`user_id`) VALUES ('4','3') [ RunTime:0.0000s ]
SQL: INSERT INTO `sp_role_user` (`role_id`,`user_id`) VALUES ('3','3') [ RunTime:0.0000s ]
SQL: INSERT INTO `sp_role_user` (`role_id`,`user_id`) VALUES ('2','3') [ RunTime:0.0010s ]
SQL: INSERT INTO `sp_role_user` (`role_id`,`user_id`) VALUES ('1','3') [ RunTime:0.0000s ]

[ 2016-08-04T10:09:12+08:00 ] 127.0.0.1 /fang/Admin/User/edit_post.html
INFO: [ app_begin ] --START--
INFO: Run Behavior\ReadHtmlCacheBehavior [ RunTime:0.000000s ]
INFO: Run Behavior\CheckLangBehavior [ RunTime:0.001000s ]
INFO: [ app_begin ] --END-- [ RunTime:0.003000s ]
SQL: SHOW COLUMNS FROM `sp_users` [ RunTime:0.0020s ]
SQL: SELECT * FROM `sp_users` WHERE ( id=1 ) LIMIT 1   [ RunTime:0.0000s ]
SQL: SHOW COLUMNS FROM `sp_users` [ RunTime:0.0020s ]
SQL: SHOW COLUMNS FROM `sp_role` [ RunTime:0.0020s ]
NOTIC: [8] Undefined index: validate D:\wamp\www\fang\simplewind\Core\Library\Think\Model.class.php 第 1185 行.
SQL: SELECT * FROM `sp_users` WHERE `user_login` = 'hao123123' AND `id` <> '3' LIMIT 1   [ RunTime:0.0000s ]
SQL: SELECT * FROM `sp_users` WHERE `user_email` = 'ss@qq.com' AND `id` <> '3' LIMIT 1   [ RunTime:0.0000s ]
NOTIC: [8] Undefined index: auto D:\wamp\www\fang\simplewind\Core\Library\Think\Model.class.php 第 1128 行.
SQL: UPDATE `sp_users` SET `user_login`='hao123123',`user_email`='ss@qq.com' WHERE `id` = 3 [ RunTime:0.0000s ]
SQL: SHOW COLUMNS FROM `sp_role_user` [ RunTime:0.0020s ]
SQL: DELETE FROM `sp_role_user` WHERE `user_id` = 3 [ RunTime:0.0010s ]
SQL: INSERT INTO `sp_role_user` (`role_id`,`user_id`) VALUES ('4','3') [ RunTime:0.0000s ]
SQL: INSERT INTO `sp_role_user` (`role_id`,`user_id`) VALUES ('3','3') [ RunTime:0.0000s ]
SQL: INSERT INTO `sp_role_user` (`role_id`,`user_id`) VALUES ('2','3') [ RunTime:0.0010s ]
SQL: INSERT INTO `sp_role_user` (`role_id`,`user_id`) VALUES ('1','3') [ RunTime:0.0000s ]

[ 2016-08-04T10:09:13+08:00 ] 127.0.0.1 /fang/Admin/User/edit_post.html
INFO: [ app_begin ] --START--
INFO: Run Behavior\ReadHtmlCacheBehavior [ RunTime:0.001000s ]
INFO: Run Behavior\CheckLangBehavior [ RunTime:0.002000s ]
INFO: [ app_begin ] --END-- [ RunTime:0.003000s ]
SQL: SHOW COLUMNS FROM `sp_users` [ RunTime:0.0020s ]
SQL: SELECT * FROM `sp_users` WHERE ( id=1 ) LIMIT 1   [ RunTime:0.0000s ]
SQL: SHOW COLUMNS FROM `sp_users` [ RunTime:0.0010s ]
SQL: SHOW COLUMNS FROM `sp_role` [ RunTime:0.0010s ]
NOTIC: [8] Undefined index: validate D:\wamp\www\fang\simplewind\Core\Library\Think\Model.class.php 第 1185 行.
SQL: SELECT * FROM `sp_users` WHERE `user_login` = 'hao123123' AND `id` <> '3' LIMIT 1   [ RunTime:0.0000s ]
SQL: SELECT * FROM `sp_users` WHERE `user_email` = 'ss@qq.com' AND `id` <> '3' LIMIT 1   [ RunTime:0.0000s ]
NOTIC: [8] Undefined index: auto D:\wamp\www\fang\simplewind\Core\Library\Think\Model.class.php 第 1128 行.
SQL: UPDATE `sp_users` SET `user_login`='hao123123',`user_email`='ss@qq.com' WHERE `id` = 3 [ RunTime:0.0000s ]
SQL: SHOW COLUMNS FROM `sp_role_user` [ RunTime:0.0020s ]
SQL: DELETE FROM `sp_role_user` WHERE `user_id` = 3 [ RunTime:0.0010s ]
SQL: INSERT INTO `sp_role_user` (`role_id`,`user_id`) VALUES ('4','3') [ RunTime:0.0000s ]
SQL: INSERT INTO `sp_role_user` (`role_id`,`user_id`) VALUES ('3','3') [ RunTime:0.0000s ]
SQL: INSERT INTO `sp_role_user` (`role_id`,`user_id`) VALUES ('2','3') [ RunTime:0.0000s ]
SQL: INSERT INTO `sp_role_user` (`role_id`,`user_id`) VALUES ('1','3') [ RunTime:0.0000s ]

[ 2016-08-04T10:09:13+08:00 ] 127.0.0.1 /fang/Admin/User/edit_post.html
INFO: [ app_begin ] --START--
INFO: Run Behavior\ReadHtmlCacheBehavior [ RunTime:0.001000s ]
INFO: Run Behavior\CheckLangBehavior [ RunTime:0.001000s ]
INFO: [ app_begin ] --END-- [ RunTime:0.002000s ]
SQL: SHOW COLUMNS FROM `sp_users` [ RunTime:0.0020s ]
SQL: SELECT * FROM `sp_users` WHERE ( id=1 ) LIMIT 1   [ RunTime:0.0000s ]
SQL: SHOW COLUMNS FROM `sp_users` [ RunTime:0.0010s ]
SQL: SHOW COLUMNS FROM `sp_role` [ RunTime:0.0010s ]
NOTIC: [8] Undefined index: validate D:\wamp\www\fang\simplewind\Core\Library\Think\Model.class.php 第 1185 行.
SQL: SELECT * FROM `sp_users` WHERE `user_login` = 'hao123123' AND `id` <> '3' LIMIT 1   [ RunTime:0.0000s ]
SQL: SELECT * FROM `sp_users` WHERE `user_email` = 'ss@qq.com' AND `id` <> '3' LIMIT 1   [ RunTime:0.0000s ]
NOTIC: [8] Undefined index: auto D:\wamp\www\fang\simplewind\Core\Library\Think\Model.class.php 第 1128 行.
SQL: UPDATE `sp_users` SET `user_login`='hao123123',`user_email`='ss@qq.com' WHERE `id` = 3 [ RunTime:0.0000s ]
SQL: SHOW COLUMNS FROM `sp_role_user` [ RunTime:0.0020s ]
SQL: DELETE FROM `sp_role_user` WHERE `user_id` = 3 [ RunTime:0.0000s ]
SQL: INSERT INTO `sp_role_user` (`role_id`,`user_id`) VALUES ('4','3') [ RunTime:0.0000s ]
SQL: INSERT INTO `sp_role_user` (`role_id`,`user_id`) VALUES ('3','3') [ RunTime:0.0000s ]
SQL: INSERT INTO `sp_role_user` (`role_id`,`user_id`) VALUES ('2','3') [ RunTime:0.0000s ]
SQL: INSERT INTO `sp_role_user` (`role_id`,`user_id`) VALUES ('1','3') [ RunTime:0.0000s ]

[ 2016-08-04T10:09:14+08:00 ] 127.0.0.1 /fang/Admin/User/edit_post.html
INFO: [ app_begin ] --START--
INFO: Run Behavior\ReadHtmlCacheBehavior [ RunTime:0.001000s ]
INFO: Run Behavior\CheckLangBehavior [ RunTime:0.002000s ]
INFO: [ app_begin ] --END-- [ RunTime:0.003000s ]
SQL: SHOW COLUMNS FROM `sp_users` [ RunTime:0.0020s ]
SQL: SELECT * FROM `sp_users` WHERE ( id=1 ) LIMIT 1   [ RunTime:0.0010s ]
SQL: SHOW COLUMNS FROM `sp_users` [ RunTime:0.0010s ]
SQL: SHOW COLUMNS FROM `sp_role` [ RunTime:0.0010s ]
NOTIC: [8] Undefined index: validate D:\wamp\www\fang\simplewind\Core\Library\Think\Model.class.php 第 1185 行.
SQL: SELECT * FROM `sp_users` WHERE `user_login` = 'hao123123' AND `id` <> '3' LIMIT 1   [ RunTime:0.0000s ]
SQL: SELECT * FROM `sp_users` WHERE `user_email` = 'ss@qq.com' AND `id` <> '3' LIMIT 1   [ RunTime:0.0000s ]
NOTIC: [8] Undefined index: auto D:\wamp\www\fang\simplewind\Core\Library\Think\Model.class.php 第 1128 行.
SQL: UPDATE `sp_users` SET `user_login`='hao123123',`user_email`='ss@qq.com' WHERE `id` = 3 [ RunTime:0.0000s ]
SQL: SHOW COLUMNS FROM `sp_role_user` [ RunTime:0.0020s ]
SQL: DELETE FROM `sp_role_user` WHERE `user_id` = 3 [ RunTime:0.0000s ]
SQL: INSERT INTO `sp_role_user` (`role_id`,`user_id`) VALUES ('4','3') [ RunTime:0.0000s ]
SQL: INSERT INTO `sp_role_user` (`role_id`,`user_id`) VALUES ('3','3') [ RunTime:0.0000s ]
SQL: INSERT INTO `sp_role_user` (`role_id`,`user_id`) VALUES ('2','3') [ RunTime:0.0000s ]
SQL: INSERT INTO `sp_role_user` (`role_id`,`user_id`) VALUES ('1','3') [ RunTime:0.0000s ]

[ 2016-08-04T10:09:15+08:00 ] 127.0.0.1 /fang/Admin/User/edit_post.html
INFO: [ app_begin ] --START--
INFO: Run Behavior\ReadHtmlCacheBehavior [ RunTime:0.001000s ]
INFO: Run Behavior\CheckLangBehavior [ RunTime:0.002000s ]
INFO: [ app_begin ] --END-- [ RunTime:0.004000s ]
SQL: SHOW COLUMNS FROM `sp_users` [ RunTime:0.0020s ]
SQL: SELECT * FROM `sp_users` WHERE ( id=1 ) LIMIT 1   [ RunTime:0.0000s ]
SQL: SHOW COLUMNS FROM `sp_users` [ RunTime:0.0010s ]
SQL: SHOW COLUMNS FROM `sp_role` [ RunTime:0.0010s ]
NOTIC: [8] Undefined index: validate D:\wamp\www\fang\simplewind\Core\Library\Think\Model.class.php 第 1185 行.
SQL: SELECT * FROM `sp_users` WHERE `user_login` = 'hao123123' AND `id` <> '3' LIMIT 1   [ RunTime:0.0000s ]
SQL: SELECT * FROM `sp_users` WHERE `user_email` = 'ss@qq.com' AND `id` <> '3' LIMIT 1   [ RunTime:0.0000s ]
NOTIC: [8] Undefined index: auto D:\wamp\www\fang\simplewind\Core\Library\Think\Model.class.php 第 1128 行.
SQL: UPDATE `sp_users` SET `user_login`='hao123123',`user_email`='ss@qq.com' WHERE `id` = 3 [ RunTime:0.0000s ]
SQL: SHOW COLUMNS FROM `sp_role_user` [ RunTime:0.0020s ]
SQL: DELETE FROM `sp_role_user` WHERE `user_id` = 3 [ RunTime:0.0010s ]
SQL: INSERT INTO `sp_role_user` (`role_id`,`user_id`) VALUES ('4','3') [ RunTime:0.0000s ]
SQL: INSERT INTO `sp_role_user` (`role_id`,`user_id`) VALUES ('3','3') [ RunTime:0.0000s ]
SQL: INSERT INTO `sp_role_user` (`role_id`,`user_id`) VALUES ('2','3') [ RunTime:0.0010s ]
SQL: INSERT INTO `sp_role_user` (`role_id`,`user_id`) VALUES ('1','3') [ RunTime:0.0000s ]

[ 2016-08-04T10:09:15+08:00 ] 127.0.0.1 /fang/Admin/User/edit_post.html
INFO: [ app_begin ] --START--
INFO: Run Behavior\ReadHtmlCacheBehavior [ RunTime:0.001000s ]
INFO: Run Behavior\CheckLangBehavior [ RunTime:0.002000s ]
INFO: [ app_begin ] --END-- [ RunTime:0.004000s ]
SQL: SHOW COLUMNS FROM `sp_users` [ RunTime:0.0020s ]
SQL: SELECT * FROM `sp_users` WHERE ( id=1 ) LIMIT 1   [ RunTime:0.0000s ]
SQL: SHOW COLUMNS FROM `sp_users` [ RunTime:0.0010s ]
SQL: SHOW COLUMNS FROM `sp_role` [ RunTime:0.0010s ]
NOTIC: [8] Undefined index: validate D:\wamp\www\fang\simplewind\Core\Library\Think\Model.class.php 第 1185 行.
SQL: SELECT * FROM `sp_users` WHERE `user_login` = 'hao123123' AND `id` <> '3' LIMIT 1   [ RunTime:0.0000s ]
SQL: SELECT * FROM `sp_users` WHERE `user_email` = 'ss@qq.com' AND `id` <> '3' LIMIT 1   [ RunTime:0.0010s ]
NOTIC: [8] Undefined index: auto D:\wamp\www\fang\simplewind\Core\Library\Think\Model.class.php 第 1128 行.
SQL: UPDATE `sp_users` SET `user_login`='hao123123',`user_email`='ss@qq.com' WHERE `id` = 3 [ RunTime:0.0010s ]
SQL: SHOW COLUMNS FROM `sp_role_user` [ RunTime:0.0020s ]
SQL: DELETE FROM `sp_role_user` WHERE `user_id` = 3 [ RunTime:0.0000s ]
SQL: INSERT INTO `sp_role_user` (`role_id`,`user_id`) VALUES ('4','3') [ RunTime:0.0000s ]
SQL: INSERT INTO `sp_role_user` (`role_id`,`user_id`) VALUES ('3','3') [ RunTime:0.0000s ]
SQL: INSERT INTO `sp_role_user` (`role_id`,`user_id`) VALUES ('2','3') [ RunTime:0.0000s ]
SQL: INSERT INTO `sp_role_user` (`role_id`,`user_id`) VALUES ('1','3') [ RunTime:0.0000s ]

[ 2016-08-04T10:09:16+08:00 ] 127.0.0.1 /fang/Admin/User/edit_post.html
INFO: [ app_begin ] --START--
INFO: Run Behavior\ReadHtmlCacheBehavior [ RunTime:0.001000s ]
INFO: Run Behavior\CheckLangBehavior [ RunTime:0.001000s ]
INFO: [ app_begin ] --END-- [ RunTime:0.002000s ]
SQL: SHOW COLUMNS FROM `sp_users` [ RunTime:0.0020s ]
SQL: SELECT * FROM `sp_users` WHERE ( id=1 ) LIMIT 1   [ RunTime:0.0000s ]
SQL: SHOW COLUMNS FROM `sp_users` [ RunTime:0.0010s ]
SQL: SHOW COLUMNS FROM `sp_role` [ RunTime:0.0010s ]
NOTIC: [8] Undefined index: validate D:\wamp\www\fang\simplewind\Core\Library\Think\Model.class.php 第 1185 行.
SQL: SELECT * FROM `sp_users` WHERE `user_login` = 'hao123123' AND `id` <> '3' LIMIT 1   [ RunTime:0.0000s ]
SQL: SELECT * FROM `sp_users` WHERE `user_email` = 'ss@qq.com' AND `id` <> '3' LIMIT 1   [ RunTime:0.0010s ]
NOTIC: [8] Undefined index: auto D:\wamp\www\fang\simplewind\Core\Library\Think\Model.class.php 第 1128 行.
SQL: UPDATE `sp_users` SET `user_login`='hao123123',`user_email`='ss@qq.com' WHERE `id` = 3 [ RunTime:0.0010s ]
SQL: SHOW COLUMNS FROM `sp_role_user` [ RunTime:0.0020s ]
SQL: DELETE FROM `sp_role_user` WHERE `user_id` = 3 [ RunTime:0.0000s ]
SQL: INSERT INTO `sp_role_user` (`role_id`,`user_id`) VALUES ('4','3') [ RunTime:0.0000s ]
SQL: INSERT INTO `sp_role_user` (`role_id`,`user_id`) VALUES ('3','3') [ RunTime:0.0010s ]
SQL: INSERT INTO `sp_role_user` (`role_id`,`user_id`) VALUES ('2','3') [ RunTime:0.0000s ]
SQL: INSERT INTO `sp_role_user` (`role_id`,`user_id`) VALUES ('1','3') [ RunTime:0.0000s ]

[ 2016-08-04T10:09:16+08:00 ] 127.0.0.1 /fang/Admin/User/edit_post.html
INFO: [ app_begin ] --START--
INFO: Run Behavior\ReadHtmlCacheBehavior [ RunTime:0.000000s ]
INFO: Run Behavior\CheckLangBehavior [ RunTime:0.001000s ]
INFO: [ app_begin ] --END-- [ RunTime:0.003000s ]
SQL: SHOW COLUMNS FROM `sp_users` [ RunTime:0.0020s ]
SQL: SELECT * FROM `sp_users` WHERE ( id=1 ) LIMIT 1   [ RunTime:0.0010s ]
SQL: SHOW COLUMNS FROM `sp_users` [ RunTime:0.0020s ]
SQL: SHOW COLUMNS FROM `sp_role` [ RunTime:0.0020s ]
NOTIC: [8] Undefined index: validate D:\wamp\www\fang\simplewind\Core\Library\Think\Model.class.php 第 1185 行.
SQL: SELECT * FROM `sp_users` WHERE `user_login` = 'hao123123' AND `id` <> '3' LIMIT 1   [ RunTime:0.0000s ]
SQL: SELECT * FROM `sp_users` WHERE `user_email` = 'ss@qq.com' AND `id` <> '3' LIMIT 1   [ RunTime:0.0010s ]
NOTIC: [8] Undefined index: auto D:\wamp\www\fang\simplewind\Core\Library\Think\Model.class.php 第 1128 行.
SQL: UPDATE `sp_users` SET `user_login`='hao123123',`user_email`='ss@qq.com' WHERE `id` = 3 [ RunTime:0.0000s ]
SQL: SHOW COLUMNS FROM `sp_role_user` [ RunTime:0.0020s ]
SQL: DELETE FROM `sp_role_user` WHERE `user_id` = 3 [ RunTime:0.0010s ]
SQL: INSERT INTO `sp_role_user` (`role_id`,`user_id`) VALUES ('4','3') [ RunTime:0.0000s ]
SQL: INSERT INTO `sp_role_user` (`role_id`,`user_id`) VALUES ('3','3') [ RunTime:0.0000s ]
SQL: INSERT INTO `sp_role_user` (`role_id`,`user_id`) VALUES ('2','3') [ RunTime:0.0010s ]
SQL: INSERT INTO `sp_role_user` (`role_id`,`user_id`) VALUES ('1','3') [ RunTime:0.0000s ]

[ 2016-08-04T10:09:17+08:00 ] 127.0.0.1 /fang/Admin/User/edit_post.html
INFO: [ app_begin ] --START--
INFO: Run Behavior\ReadHtmlCacheBehavior [ RunTime:0.000000s ]
INFO: Run Behavior\CheckLangBehavior [ RunTime:0.001000s ]
INFO: [ app_begin ] --END-- [ RunTime:0.003000s ]
SQL: SHOW COLUMNS FROM `sp_users` [ RunTime:0.0020s ]
SQL: SELECT * FROM `sp_users` WHERE ( id=1 ) LIMIT 1   [ RunTime:0.0000s ]
SQL: SHOW COLUMNS FROM `sp_users` [ RunTime:0.0020s ]
SQL: SHOW COLUMNS FROM `sp_role` [ RunTime:0.0020s ]
NOTIC: [8] Undefined index: validate D:\wamp\www\fang\simplewind\Core\Library\Think\Model.class.php 第 1185 行.
SQL: SELECT * FROM `sp_users` WHERE `user_login` = 'hao123123' AND `id` <> '3' LIMIT 1   [ RunTime:0.0000s ]
SQL: SELECT * FROM `sp_users` WHERE `user_email` = 'ss@qq.com' AND `id` <> '3' LIMIT 1   [ RunTime:0.0000s ]
NOTIC: [8] Undefined index: auto D:\wamp\www\fang\simplewind\Core\Library\Think\Model.class.php 第 1128 行.
SQL: UPDATE `sp_users` SET `user_login`='hao123123',`user_email`='ss@qq.com' WHERE `id` = 3 [ RunTime:0.0000s ]
SQL: SHOW COLUMNS FROM `sp_role_user` [ RunTime:0.0020s ]
SQL: DELETE FROM `sp_role_user` WHERE `user_id` = 3 [ RunTime:0.0000s ]
SQL: INSERT INTO `sp_role_user` (`role_id`,`user_id`) VALUES ('4','3') [ RunTime:0.0000s ]
SQL: INSERT INTO `sp_role_user` (`role_id`,`user_id`) VALUES ('3','3') [ RunTime:0.0000s ]
SQL: INSERT INTO `sp_role_user` (`role_id`,`user_id`) VALUES ('2','3') [ RunTime:0.0000s ]
SQL: INSERT INTO `sp_role_user` (`role_id`,`user_id`) VALUES ('1','3') [ RunTime:0.0000s ]

[ 2016-08-04T10:09:18+08:00 ] 127.0.0.1 /fang/Admin/User/edit_post.html
INFO: [ app_begin ] --START--
INFO: Run Behavior\ReadHtmlCacheBehavior [ RunTime:0.001001s ]
INFO: Run Behavior\CheckLangBehavior [ RunTime:0.001000s ]
INFO: [ app_begin ] --END-- [ RunTime:0.002001s ]
SQL: SHOW COLUMNS FROM `sp_users` [ RunTime:0.0020s ]
SQL: SELECT * FROM `sp_users` WHERE ( id=1 ) LIMIT 1   [ RunTime:0.0000s ]
SQL: SHOW COLUMNS FROM `sp_users` [ RunTime:0.0010s ]
SQL: SHOW COLUMNS FROM `sp_role` [ RunTime:0.0010s ]
NOTIC: [8] Undefined index: validate D:\wamp\www\fang\simplewind\Core\Library\Think\Model.class.php 第 1185 行.
SQL: SELECT * FROM `sp_users` WHERE `user_login` = 'hao123123' AND `id` <> '3' LIMIT 1   [ RunTime:0.0010s ]
SQL: SELECT * FROM `sp_users` WHERE `user_email` = 'ss@qq.com' AND `id` <> '3' LIMIT 1   [ RunTime:0.0000s ]
NOTIC: [8] Undefined index: auto D:\wamp\www\fang\simplewind\Core\Library\Think\Model.class.php 第 1128 行.
SQL: UPDATE `sp_users` SET `user_login`='hao123123',`user_email`='ss@qq.com' WHERE `id` = 3 [ RunTime:0.0010s ]
SQL: SHOW COLUMNS FROM `sp_role_user` [ RunTime:0.0010s ]
SQL: DELETE FROM `sp_role_user` WHERE `user_id` = 3 [ RunTime:0.0000s ]
SQL: INSERT INTO `sp_role_user` (`role_id`,`user_id`) VALUES ('4','3') [ RunTime:0.0000s ]
SQL: INSERT INTO `sp_role_user` (`role_id`,`user_id`) VALUES ('3','3') [ RunTime:0.0000s ]
SQL: INSERT INTO `sp_role_user` (`role_id`,`user_id`) VALUES ('2','3') [ RunTime:0.0000s ]
SQL: INSERT INTO `sp_role_user` (`role_id`,`user_id`) VALUES ('1','3') [ RunTime:0.0000s ]

[ 2016-08-04T10:09:18+08:00 ] 127.0.0.1 /fang/Admin/User/edit_post.html
INFO: [ app_begin ] --START--
INFO: Run Behavior\ReadHtmlCacheBehavior [ RunTime:0.001000s ]
INFO: Run Behavior\CheckLangBehavior [ RunTime:0.001000s ]
INFO: [ app_begin ] --END-- [ RunTime:0.003001s ]
SQL: SHOW COLUMNS FROM `sp_users` [ RunTime:0.0020s ]
SQL: SELECT * FROM `sp_users` WHERE ( id=1 ) LIMIT 1   [ RunTime:0.0000s ]
SQL: SHOW COLUMNS FROM `sp_users` [ RunTime:0.0020s ]
SQL: SHOW COLUMNS FROM `sp_role` [ RunTime:0.0020s ]
NOTIC: [8] Undefined index: validate D:\wamp\www\fang\simplewind\Core\Library\Think\Model.class.php 第 1185 行.
SQL: SELECT * FROM `sp_users` WHERE `user_login` = 'hao123123' AND `id` <> '3' LIMIT 1   [ RunTime:0.0000s ]
SQL: SELECT * FROM `sp_users` WHERE `user_email` = 'ss@qq.com' AND `id` <> '3' LIMIT 1   [ RunTime:0.0000s ]
NOTIC: [8] Undefined index: auto D:\wamp\www\fang\simplewind\Core\Library\Think\Model.class.php 第 1128 行.
SQL: UPDATE `sp_users` SET `user_login`='hao123123',`user_email`='ss@qq.com' WHERE `id` = 3 [ RunTime:0.0000s ]
SQL: SHOW COLUMNS FROM `sp_role_user` [ RunTime:0.0010s ]
SQL: DELETE FROM `sp_role_user` WHERE `user_id` = 3 [ RunTime:0.0000s ]
SQL: INSERT INTO `sp_role_user` (`role_id`,`user_id`) VALUES ('4','3') [ RunTime:0.0000s ]
SQL: INSERT INTO `sp_role_user` (`role_id`,`user_id`) VALUES ('3','3') [ RunTime:0.0000s ]
SQL: INSERT INTO `sp_role_user` (`role_id`,`user_id`) VALUES ('2','3') [ RunTime:0.0000s ]
SQL: INSERT INTO `sp_role_user` (`role_id`,`user_id`) VALUES ('1','3') [ RunTime:0.0000s ]

[ 2016-08-04T10:09:19+08:00 ] 127.0.0.1 /fang/Admin/User/edit_post.html
INFO: [ app_begin ] --START--
INFO: Run Behavior\ReadHtmlCacheBehavior [ RunTime:0.001000s ]
INFO: Run Behavior\CheckLangBehavior [ RunTime:0.002001s ]
INFO: [ app_begin ] --END-- [ RunTime:0.004001s ]
SQL: SHOW COLUMNS FROM `sp_users` [ RunTime:0.0020s ]
SQL: SELECT * FROM `sp_users` WHERE ( id=1 ) LIMIT 1   [ RunTime:0.0010s ]
SQL: SHOW COLUMNS FROM `sp_users` [ RunTime:0.0020s ]
SQL: SHOW COLUMNS FROM `sp_role` [ RunTime:0.0030s ]
NOTIC: [8] Undefined index: validate D:\wamp\www\fang\simplewind\Core\Library\Think\Model.class.php 第 1185 行.
SQL: SELECT * FROM `sp_users` WHERE `user_login` = 'hao123123' AND `id` <> '3' LIMIT 1   [ RunTime:0.0010s ]
SQL: SELECT * FROM `sp_users` WHERE `user_email` = 'ss@qq.com' AND `id` <> '3' LIMIT 1   [ RunTime:0.0000s ]
NOTIC: [8] Undefined index: auto D:\wamp\www\fang\simplewind\Core\Library\Think\Model.class.php 第 1128 行.
SQL: UPDATE `sp_users` SET `user_login`='hao123123',`user_email`='ss@qq.com' WHERE `id` = 3 [ RunTime:0.0000s ]
SQL: SHOW COLUMNS FROM `sp_role_user` [ RunTime:0.0010s ]
SQL: DELETE FROM `sp_role_user` WHERE `user_id` = 3 [ RunTime:0.0000s ]
SQL: INSERT INTO `sp_role_user` (`role_id`,`user_id`) VALUES ('4','3') [ RunTime:0.0000s ]
SQL: INSERT INTO `sp_role_user` (`role_id`,`user_id`) VALUES ('3','3') [ RunTime:0.0000s ]
SQL: INSERT INTO `sp_role_user` (`role_id`,`user_id`) VALUES ('2','3') [ RunTime:0.0010s ]
SQL: INSERT INTO `sp_role_user` (`role_id`,`user_id`) VALUES ('1','3') [ RunTime:0.0000s ]

[ 2016-08-04T10:09:19+08:00 ] 127.0.0.1 /fang/Admin/User/edit_post.html
INFO: [ app_begin ] --START--
INFO: Run Behavior\ReadHtmlCacheBehavior [ RunTime:0.001000s ]
INFO: Run Behavior\CheckLangBehavior [ RunTime:0.001000s ]
INFO: [ app_begin ] --END-- [ RunTime:0.002000s ]
SQL: SHOW COLUMNS FROM `sp_users` [ RunTime:0.0020s ]
SQL: SELECT * FROM `sp_users` WHERE ( id=1 ) LIMIT 1   [ RunTime:0.0000s ]
SQL: SHOW COLUMNS FROM `sp_users` [ RunTime:0.0020s ]
SQL: SHOW COLUMNS FROM `sp_role` [ RunTime:0.0020s ]
NOTIC: [8] Undefined index: validate D:\wamp\www\fang\simplewind\Core\Library\Think\Model.class.php 第 1185 行.
SQL: SELECT * FROM `sp_users` WHERE `user_login` = 'hao123123' AND `id` <> '3' LIMIT 1   [ RunTime:0.0000s ]
SQL: SELECT * FROM `sp_users` WHERE `user_email` = 'ss@qq.com' AND `id` <> '3' LIMIT 1   [ RunTime:0.0000s ]
NOTIC: [8] Undefined index: auto D:\wamp\www\fang\simplewind\Core\Library\Think\Model.class.php 第 1128 行.
SQL: UPDATE `sp_users` SET `user_login`='hao123123',`user_email`='ss@qq.com' WHERE `id` = 3 [ RunTime:0.0000s ]
SQL: SHOW COLUMNS FROM `sp_role_user` [ RunTime:0.0020s ]
SQL: DELETE FROM `sp_role_user` WHERE `user_id` = 3 [ RunTime:0.0010s ]
SQL: INSERT INTO `sp_role_user` (`role_id`,`user_id`) VALUES ('4','3') [ RunTime:0.0000s ]
SQL: INSERT INTO `sp_role_user` (`role_id`,`user_id`) VALUES ('3','3') [ RunTime:0.0000s ]
SQL: INSERT INTO `sp_role_user` (`role_id`,`user_id`) VALUES ('2','3') [ RunTime:0.0010s ]
SQL: INSERT INTO `sp_role_user` (`role_id`,`user_id`) VALUES ('1','3') [ RunTime:0.0000s ]

[ 2016-08-04T10:09:20+08:00 ] 127.0.0.1 /fang/Admin/User/edit_post.html
INFO: [ app_begin ] --START--
INFO: Run Behavior\ReadHtmlCacheBehavior [ RunTime:0.001000s ]
INFO: Run Behavior\CheckLangBehavior [ RunTime:0.001000s ]
INFO: [ app_begin ] --END-- [ RunTime:0.002000s ]
SQL: SHOW COLUMNS FROM `sp_users` [ RunTime:0.0020s ]
SQL: SELECT * FROM `sp_users` WHERE ( id=1 ) LIMIT 1   [ RunTime:0.0000s ]
SQL: SHOW COLUMNS FROM `sp_users` [ RunTime:0.0020s ]
SQL: SHOW COLUMNS FROM `sp_role` [ RunTime:0.0020s ]
NOTIC: [8] Undefined index: validate D:\wamp\www\fang\simplewind\Core\Library\Think\Model.class.php 第 1185 行.
SQL: SELECT * FROM `sp_users` WHERE `user_login` = 'hao123123' AND `id` <> '3' LIMIT 1   [ RunTime:0.0000s ]
SQL: SELECT * FROM `sp_users` WHERE `user_email` = 'ss@qq.com' AND `id` <> '3' LIMIT 1   [ RunTime:0.0000s ]
NOTIC: [8] Undefined index: auto D:\wamp\www\fang\simplewind\Core\Library\Think\Model.class.php 第 1128 行.
SQL: UPDATE `sp_users` SET `user_login`='hao123123',`user_email`='ss@qq.com' WHERE `id` = 3 [ RunTime:0.0000s ]
SQL: SHOW COLUMNS FROM `sp_role_user` [ RunTime:0.0020s ]
SQL: DELETE FROM `sp_role_user` WHERE `user_id` = 3 [ RunTime:0.0010s ]
SQL: INSERT INTO `sp_role_user` (`role_id`,`user_id`) VALUES ('4','3') [ RunTime:0.0000s ]
SQL: INSERT INTO `sp_role_user` (`role_id`,`user_id`) VALUES ('3','3') [ RunTime:0.0000s ]
SQL: INSERT INTO `sp_role_user` (`role_id`,`user_id`) VALUES ('2','3') [ RunTime:0.0000s ]
SQL: INSERT INTO `sp_role_user` (`role_id`,`user_id`) VALUES ('1','3') [ RunTime:0.0000s ]

[ 2016-08-04T10:09:20+08:00 ] 127.0.0.1 /fang/Admin/User/edit_post.html
INFO: [ app_begin ] --START--
INFO: Run Behavior\ReadHtmlCacheBehavior [ RunTime:0.001000s ]
INFO: Run Behavior\CheckLangBehavior [ RunTime:0.001000s ]
INFO: [ app_begin ] --END-- [ RunTime:0.003000s ]
SQL: SHOW COLUMNS FROM `sp_users` [ RunTime:0.0020s ]
SQL: SELECT * FROM `sp_users` WHERE ( id=1 ) LIMIT 1   [ RunTime:0.0000s ]
SQL: SHOW COLUMNS FROM `sp_users` [ RunTime:0.0010s ]
SQL: SHOW COLUMNS FROM `sp_role` [ RunTime:0.0010s ]
NOTIC: [8] Undefined index: validate D:\wamp\www\fang\simplewind\Core\Library\Think\Model.class.php 第 1185 行.
SQL: SELECT * FROM `sp_users` WHERE `user_login` = 'hao123123' AND `id` <> '3' LIMIT 1   [ RunTime:0.0000s ]
SQL: SELECT * FROM `sp_users` WHERE `user_email` = 'ss@qq.com' AND `id` <> '3' LIMIT 1   [ RunTime:0.0000s ]
NOTIC: [8] Undefined index: auto D:\wamp\www\fang\simplewind\Core\Library\Think\Model.class.php 第 1128 行.
SQL: UPDATE `sp_users` SET `user_login`='hao123123',`user_email`='ss@qq.com' WHERE `id` = 3 [ RunTime:0.0000s ]
SQL: SHOW COLUMNS FROM `sp_role_user` [ RunTime:0.0020s ]
SQL: DELETE FROM `sp_role_user` WHERE `user_id` = 3 [ RunTime:0.0010s ]
SQL: INSERT INTO `sp_role_user` (`role_id`,`user_id`) VALUES ('4','3') [ RunTime:0.0000s ]
SQL: INSERT INTO `sp_role_user` (`role_id`,`user_id`) VALUES ('3','3') [ RunTime:0.0000s ]
SQL: INSERT INTO `sp_role_user` (`role_id`,`user_id`) VALUES ('2','3') [ RunTime:0.0000s ]
SQL: INSERT INTO `sp_role_user` (`role_id`,`user_id`) VALUES ('1','3') [ RunTime:0.0000s ]

[ 2016-08-04T10:09:21+08:00 ] 127.0.0.1 /fang/Admin/User/edit_post.html
INFO: [ app_begin ] --START--
INFO: Run Behavior\ReadHtmlCacheBehavior [ RunTime:0.001000s ]
INFO: Run Behavior\CheckLangBehavior [ RunTime:0.001000s ]
INFO: [ app_begin ] --END-- [ RunTime:0.003000s ]
SQL: SHOW COLUMNS FROM `sp_users` [ RunTime:0.0020s ]
SQL: SELECT * FROM `sp_users` WHERE ( id=1 ) LIMIT 1   [ RunTime:0.0000s ]
SQL: SHOW COLUMNS FROM `sp_users` [ RunTime:0.0020s ]
SQL: SHOW COLUMNS FROM `sp_role` [ RunTime:0.0020s ]
NOTIC: [8] Undefined index: validate D:\wamp\www\fang\simplewind\Core\Library\Think\Model.class.php 第 1185 行.
SQL: SELECT * FROM `sp_users` WHERE `user_login` = 'hao123123' AND `id` <> '3' LIMIT 1   [ RunTime:0.0000s ]
SQL: SELECT * FROM `sp_users` WHERE `user_email` = 'ss@qq.com' AND `id` <> '3' LIMIT 1   [ RunTime:0.0000s ]
NOTIC: [8] Undefined index: auto D:\wamp\www\fang\simplewind\Core\Library\Think\Model.class.php 第 1128 行.
SQL: UPDATE `sp_users` SET `user_login`='hao123123',`user_email`='ss@qq.com' WHERE `id` = 3 [ RunTime:0.0000s ]
SQL: SHOW COLUMNS FROM `sp_role_user` [ RunTime:0.0010s ]
SQL: DELETE FROM `sp_role_user` WHERE `user_id` = 3 [ RunTime:0.0000s ]
SQL: INSERT INTO `sp_role_user` (`role_id`,`user_id`) VALUES ('4','3') [ RunTime:0.0010s ]
SQL: INSERT INTO `sp_role_user` (`role_id`,`user_id`) VALUES ('3','3') [ RunTime:0.0000s ]
SQL: INSERT INTO `sp_role_user` (`role_id`,`user_id`) VALUES ('2','3') [ RunTime:0.0000s ]
SQL: INSERT INTO `sp_role_user` (`role_id`,`user_id`) VALUES ('1','3') [ RunTime:0.0010s ]

[ 2016-08-04T10:09:22+08:00 ] 127.0.0.1 /fang/Admin/User/edit_post.html
INFO: [ app_begin ] --START--
INFO: Run Behavior\ReadHtmlCacheBehavior [ RunTime:0.001000s ]
INFO: Run Behavior\CheckLangBehavior [ RunTime:0.001000s ]
INFO: [ app_begin ] --END-- [ RunTime:0.003000s ]
SQL: SHOW COLUMNS FROM `sp_users` [ RunTime:0.0020s ]
SQL: SELECT * FROM `sp_users` WHERE ( id=1 ) LIMIT 1   [ RunTime:0.0000s ]
SQL: SHOW COLUMNS FROM `sp_users` [ RunTime:0.0020s ]
SQL: SHOW COLUMNS FROM `sp_role` [ RunTime:0.0020s ]
NOTIC: [8] Undefined index: validate D:\wamp\www\fang\simplewind\Core\Library\Think\Model.class.php 第 1185 行.
SQL: SELECT * FROM `sp_users` WHERE `user_login` = 'hao123123' AND `id` <> '3' LIMIT 1   [ RunTime:0.0010s ]
SQL: SELECT * FROM `sp_users` WHERE `user_email` = 'ss@qq.com' AND `id` <> '3' LIMIT 1   [ RunTime:0.0000s ]
NOTIC: [8] Undefined index: auto D:\wamp\www\fang\simplewind\Core\Library\Think\Model.class.php 第 1128 行.
SQL: UPDATE `sp_users` SET `user_login`='hao123123',`user_email`='ss@qq.com' WHERE `id` = 3 [ RunTime:0.0000s ]
SQL: SHOW COLUMNS FROM `sp_role_user` [ RunTime:0.0010s ]
SQL: DELETE FROM `sp_role_user` WHERE `user_id` = 3 [ RunTime:0.0000s ]
SQL: INSERT INTO `sp_role_user` (`role_id`,`user_id`) VALUES ('4','3') [ RunTime:0.0010s ]
SQL: INSERT INTO `sp_role_user` (`role_id`,`user_id`) VALUES ('3','3') [ RunTime:0.0000s ]
SQL: INSERT INTO `sp_role_user` (`role_id`,`user_id`) VALUES ('2','3') [ RunTime:0.0000s ]
SQL: INSERT INTO `sp_role_user` (`role_id`,`user_id`) VALUES ('1','3') [ RunTime:0.0010s ]

[ 2016-08-04T10:09:22+08:00 ] 127.0.0.1 /fang/Admin/User/edit_post.html
INFO: [ app_begin ] --START--
INFO: Run Behavior\ReadHtmlCacheBehavior [ RunTime:0.000000s ]
INFO: Run Behavior\CheckLangBehavior [ RunTime:0.002000s ]
INFO: [ app_begin ] --END-- [ RunTime:0.003000s ]
SQL: SHOW COLUMNS FROM `sp_users` [ RunTime:0.0020s ]
SQL: SELECT * FROM `sp_users` WHERE ( id=1 ) LIMIT 1   [ RunTime:0.0000s ]
SQL: SHOW COLUMNS FROM `sp_users` [ RunTime:0.0020s ]
SQL: SHOW COLUMNS FROM `sp_role` [ RunTime:0.0020s ]
NOTIC: [8] Undefined index: validate D:\wamp\www\fang\simplewind\Core\Library\Think\Model.class.php 第 1185 行.
SQL: SELECT * FROM `sp_users` WHERE `user_login` = 'hao123123' AND `id` <> '3' LIMIT 1   [ RunTime:0.0000s ]
SQL: SELECT * FROM `sp_users` WHERE `user_email` = 'ss@qq.com' AND `id` <> '3' LIMIT 1   [ RunTime:0.0000s ]
NOTIC: [8] Undefined index: auto D:\wamp\www\fang\simplewind\Core\Library\Think\Model.class.php 第 1128 行.
SQL: UPDATE `sp_users` SET `user_login`='hao123123',`user_email`='ss@qq.com' WHERE `id` = 3 [ RunTime:0.0000s ]
SQL: SHOW COLUMNS FROM `sp_role_user` [ RunTime:0.0020s ]
SQL: DELETE FROM `sp_role_user` WHERE `user_id` = 3 [ RunTime:0.0000s ]
SQL: INSERT INTO `sp_role_user` (`role_id`,`user_id`) VALUES ('4','3') [ RunTime:0.0010s ]
SQL: INSERT INTO `sp_role_user` (`role_id`,`user_id`) VALUES ('3','3') [ RunTime:0.0000s ]
SQL: INSERT INTO `sp_role_user` (`role_id`,`user_id`) VALUES ('2','3') [ RunTime:0.0000s ]
SQL: INSERT INTO `sp_role_user` (`role_id`,`user_id`) VALUES ('1','3') [ RunTime:0.0000s ]

[ 2016-08-04T10:09:23+08:00 ] 127.0.0.1 /fang/Admin/User/edit_post.html
INFO: [ app_begin ] --START--
INFO: Run Behavior\ReadHtmlCacheBehavior [ RunTime:0.001000s ]
INFO: Run Behavior\CheckLangBehavior [ RunTime:0.001000s ]
INFO: [ app_begin ] --END-- [ RunTime:0.002000s ]
SQL: SHOW COLUMNS FROM `sp_users` [ RunTime:0.0030s ]
SQL: SELECT * FROM `sp_users` WHERE ( id=1 ) LIMIT 1   [ RunTime:0.0010s ]
SQL: SHOW COLUMNS FROM `sp_users` [ RunTime:0.0020s ]
SQL: SHOW COLUMNS FROM `sp_role` [ RunTime:0.0020s ]
NOTIC: [8] Undefined index: validate D:\wamp\www\fang\simplewind\Core\Library\Think\Model.class.php 第 1185 行.
SQL: SELECT * FROM `sp_users` WHERE `user_login` = 'hao123123' AND `id` <> '3' LIMIT 1   [ RunTime:0.0000s ]
SQL: SELECT * FROM `sp_users` WHERE `user_email` = 'ss@qq.com' AND `id` <> '3' LIMIT 1   [ RunTime:0.0010s ]
NOTIC: [8] Undefined index: auto D:\wamp\www\fang\simplewind\Core\Library\Think\Model.class.php 第 1128 行.
SQL: UPDATE `sp_users` SET `user_login`='hao123123',`user_email`='ss@qq.com' WHERE `id` = 3 [ RunTime:0.0000s ]
SQL: SHOW COLUMNS FROM `sp_role_user` [ RunTime:0.0020s ]
SQL: DELETE FROM `sp_role_user` WHERE `user_id` = 3 [ RunTime:0.0010s ]
SQL: INSERT INTO `sp_role_user` (`role_id`,`user_id`) VALUES ('4','3') [ RunTime:0.0000s ]
SQL: INSERT INTO `sp_role_user` (`role_id`,`user_id`) VALUES ('3','3') [ RunTime:0.0000s ]
SQL: INSERT INTO `sp_role_user` (`role_id`,`user_id`) VALUES ('2','3') [ RunTime:0.0000s ]
SQL: INSERT INTO `sp_role_user` (`role_id`,`user_id`) VALUES ('1','3') [ RunTime:0.0000s ]

[ 2016-08-04T10:09:23+08:00 ] 127.0.0.1 /fang/Admin/User/edit_post.html
INFO: [ app_begin ] --START--
INFO: Run Behavior\ReadHtmlCacheBehavior [ RunTime:0.001000s ]
INFO: Run Behavior\CheckLangBehavior [ RunTime:0.001000s ]
INFO: [ app_begin ] --END-- [ RunTime:0.002000s ]
SQL: SHOW COLUMNS FROM `sp_users` [ RunTime:0.0020s ]
SQL: SELECT * FROM `sp_users` WHERE ( id=1 ) LIMIT 1   [ RunTime:0.0000s ]
SQL: SHOW COLUMNS FROM `sp_users` [ RunTime:0.0020s ]
SQL: SHOW COLUMNS FROM `sp_role` [ RunTime:0.0020s ]
NOTIC: [8] Undefined index: validate D:\wamp\www\fang\simplewind\Core\Library\Think\Model.class.php 第 1185 行.
SQL: SELECT * FROM `sp_users` WHERE `user_login` = 'hao123123' AND `id` <> '3' LIMIT 1   [ RunTime:0.0000s ]
SQL: SELECT * FROM `sp_users` WHERE `user_email` = 'ss@qq.com' AND `id` <> '3' LIMIT 1   [ RunTime:0.0000s ]
NOTIC: [8] Undefined index: auto D:\wamp\www\fang\simplewind\Core\Library\Think\Model.class.php 第 1128 行.
SQL: UPDATE `sp_users` SET `user_login`='hao123123',`user_email`='ss@qq.com' WHERE `id` = 3 [ RunTime:0.0000s ]
SQL: SHOW COLUMNS FROM `sp_role_user` [ RunTime:0.0010s ]
SQL: DELETE FROM `sp_role_user` WHERE `user_id` = 3 [ RunTime:0.0000s ]
SQL: INSERT INTO `sp_role_user` (`role_id`,`user_id`) VALUES ('4','3') [ RunTime:0.0010s ]
SQL: INSERT INTO `sp_role_user` (`role_id`,`user_id`) VALUES ('3','3') [ RunTime:0.0000s ]
SQL: INSERT INTO `sp_role_user` (`role_id`,`user_id`) VALUES ('2','3') [ RunTime:0.0000s ]
SQL: INSERT INTO `sp_role_user` (`role_id`,`user_id`) VALUES ('1','3') [ RunTime:0.0000s ]

[ 2016-08-04T10:09:24+08:00 ] 127.0.0.1 /fang/Admin/User/edit_post.html
INFO: [ app_begin ] --START--
INFO: Run Behavior\ReadHtmlCacheBehavior [ RunTime:0.001000s ]
INFO: Run Behavior\CheckLangBehavior [ RunTime:0.002000s ]
INFO: [ app_begin ] --END-- [ RunTime:0.004000s ]
SQL: SHOW COLUMNS FROM `sp_users` [ RunTime:0.0020s ]
SQL: SELECT * FROM `sp_users` WHERE ( id=1 ) LIMIT 1   [ RunTime:0.0000s ]
SQL: SHOW COLUMNS FROM `sp_users` [ RunTime:0.0020s ]
SQL: SHOW COLUMNS FROM `sp_role` [ RunTime:0.0020s ]
NOTIC: [8] Undefined index: validate D:\wamp\www\fang\simplewind\Core\Library\Think\Model.class.php 第 1185 行.
SQL: SELECT * FROM `sp_users` WHERE `user_login` = 'hao123123' AND `id` <> '3' LIMIT 1   [ RunTime:0.0010s ]
SQL: SELECT * FROM `sp_users` WHERE `user_email` = 'ss@qq.com' AND `id` <> '3' LIMIT 1   [ RunTime:0.0000s ]
NOTIC: [8] Undefined index: auto D:\wamp\www\fang\simplewind\Core\Library\Think\Model.class.php 第 1128 行.
SQL: UPDATE `sp_users` SET `user_login`='hao123123',`user_email`='ss@qq.com' WHERE `id` = 3 [ RunTime:0.0000s ]
SQL: SHOW COLUMNS FROM `sp_role_user` [ RunTime:0.0010s ]
SQL: DELETE FROM `sp_role_user` WHERE `user_id` = 3 [ RunTime:0.0000s ]
SQL: INSERT INTO `sp_role_user` (`role_id`,`user_id`) VALUES ('4','3') [ RunTime:0.0000s ]
SQL: INSERT INTO `sp_role_user` (`role_id`,`user_id`) VALUES ('3','3') [ RunTime:0.0000s ]
SQL: INSERT INTO `sp_role_user` (`role_id`,`user_id`) VALUES ('2','3') [ RunTime:0.0000s ]
SQL: INSERT INTO `sp_role_user` (`role_id`,`user_id`) VALUES ('1','3') [ RunTime:0.0010s ]

[ 2016-08-04T10:09:25+08:00 ] 127.0.0.1 /fang/Admin/User/edit_post.html
INFO: [ app_begin ] --START--
INFO: Run Behavior\ReadHtmlCacheBehavior [ RunTime:0.001000s ]
INFO: Run Behavior\CheckLangBehavior [ RunTime:0.001000s ]
INFO: [ app_begin ] --END-- [ RunTime:0.003000s ]
SQL: SHOW COLUMNS FROM `sp_users` [ RunTime:0.0020s ]
SQL: SELECT * FROM `sp_users` WHERE ( id=1 ) LIMIT 1   [ RunTime:0.0010s ]
SQL: SHOW COLUMNS FROM `sp_users` [ RunTime:0.0030s ]
SQL: SHOW COLUMNS FROM `sp_role` [ RunTime:0.0020s ]
NOTIC: [8] Undefined index: validate D:\wamp\www\fang\simplewind\Core\Library\Think\Model.class.php 第 1185 行.
SQL: SELECT * FROM `sp_users` WHERE `user_login` = 'hao123123' AND `id` <> '3' LIMIT 1   [ RunTime:0.0000s ]
SQL: SELECT * FROM `sp_users` WHERE `user_email` = 'ss@qq.com' AND `id` <> '3' LIMIT 1   [ RunTime:0.0000s ]
NOTIC: [8] Undefined index: auto D:\wamp\www\fang\simplewind\Core\Library\Think\Model.class.php 第 1128 行.
SQL: UPDATE `sp_users` SET `user_login`='hao123123',`user_email`='ss@qq.com' WHERE `id` = 3 [ RunTime:0.0000s ]
SQL: SHOW COLUMNS FROM `sp_role_user` [ RunTime:0.0020s ]
SQL: DELETE FROM `sp_role_user` WHERE `user_id` = 3 [ RunTime:0.0000s ]
SQL: INSERT INTO `sp_role_user` (`role_id`,`user_id`) VALUES ('4','3') [ RunTime:0.0010s ]
SQL: INSERT INTO `sp_role_user` (`role_id`,`user_id`) VALUES ('3','3') [ RunTime:0.0000s ]
SQL: INSERT INTO `sp_role_user` (`role_id`,`user_id`) VALUES ('2','3') [ RunTime:0.0000s ]
SQL: INSERT INTO `sp_role_user` (`role_id`,`user_id`) VALUES ('1','3') [ RunTime:0.0000s ]

[ 2016-08-04T10:09:25+08:00 ] 127.0.0.1 /fang/Admin/User/edit_post.html
INFO: [ app_begin ] --START--
INFO: Run Behavior\ReadHtmlCacheBehavior [ RunTime:0.001000s ]
INFO: Run Behavior\CheckLangBehavior [ RunTime:0.001000s ]
INFO: [ app_begin ] --END-- [ RunTime:0.002000s ]
SQL: SHOW COLUMNS FROM `sp_users` [ RunTime:0.0020s ]
SQL: SELECT * FROM `sp_users` WHERE ( id=1 ) LIMIT 1   [ RunTime:0.0010s ]
SQL: SHOW COLUMNS FROM `sp_users` [ RunTime:0.0020s ]
SQL: SHOW COLUMNS FROM `sp_role` [ RunTime:0.0020s ]
NOTIC: [8] Undefined index: validate D:\wamp\www\fang\simplewind\Core\Library\Think\Model.class.php 第 1185 行.
SQL: SELECT * FROM `sp_users` WHERE `user_login` = 'hao123123' AND `id` <> '3' LIMIT 1   [ RunTime:0.0000s ]
SQL: SELECT * FROM `sp_users` WHERE `user_email` = 'ss@qq.com' AND `id` <> '3' LIMIT 1   [ RunTime:0.0000s ]
NOTIC: [8] Undefined index: auto D:\wamp\www\fang\simplewind\Core\Library\Think\Model.class.php 第 1128 行.
SQL: UPDATE `sp_users` SET `user_login`='hao123123',`user_email`='ss@qq.com' WHERE `id` = 3 [ RunTime:0.0000s ]
SQL: SHOW COLUMNS FROM `sp_role_user` [ RunTime:0.0020s ]
SQL: DELETE FROM `sp_role_user` WHERE `user_id` = 3 [ RunTime:0.0010s ]
SQL: INSERT INTO `sp_role_user` (`role_id`,`user_id`) VALUES ('4','3') [ RunTime:0.0000s ]
SQL: INSERT INTO `sp_role_user` (`role_id`,`user_id`) VALUES ('3','3') [ RunTime:0.0000s ]
SQL: INSERT INTO `sp_role_user` (`role_id`,`user_id`) VALUES ('2','3') [ RunTime:0.0000s ]
SQL: INSERT INTO `sp_role_user` (`role_id`,`user_id`) VALUES ('1','3') [ RunTime:0.0000s ]

[ 2016-08-04T10:09:26+08:00 ] 127.0.0.1 /fang/Admin/User/edit_post.html
INFO: [ app_begin ] --START--
INFO: Run Behavior\ReadHtmlCacheBehavior [ RunTime:0.001000s ]
INFO: Run Behavior\CheckLangBehavior [ RunTime:0.001000s ]
INFO: [ app_begin ] --END-- [ RunTime:0.002000s ]
SQL: SHOW COLUMNS FROM `sp_users` [ RunTime:0.0020s ]
SQL: SELECT * FROM `sp_users` WHERE ( id=1 ) LIMIT 1   [ RunTime:0.0000s ]
SQL: SHOW COLUMNS FROM `sp_users` [ RunTime:0.0010s ]
SQL: SHOW COLUMNS FROM `sp_role` [ RunTime:0.0010s ]
NOTIC: [8] Undefined index: validate D:\wamp\www\fang\simplewind\Core\Library\Think\Model.class.php 第 1185 行.
SQL: SELECT * FROM `sp_users` WHERE `user_login` = 'hao123123' AND `id` <> '3' LIMIT 1   [ RunTime:0.0000s ]
SQL: SELECT * FROM `sp_users` WHERE `user_email` = 'ss@qq.com' AND `id` <> '3' LIMIT 1   [ RunTime:0.0010s ]
NOTIC: [8] Undefined index: auto D:\wamp\www\fang\simplewind\Core\Library\Think\Model.class.php 第 1128 行.
SQL: UPDATE `sp_users` SET `user_login`='hao123123',`user_email`='ss@qq.com' WHERE `id` = 3 [ RunTime:0.0010s ]
SQL: SHOW COLUMNS FROM `sp_role_user` [ RunTime:0.0020s ]
SQL: DELETE FROM `sp_role_user` WHERE `user_id` = 3 [ RunTime:0.0000s ]
SQL: INSERT INTO `sp_role_user` (`role_id`,`user_id`) VALUES ('4','3') [ RunTime:0.0000s ]
SQL: INSERT INTO `sp_role_user` (`role_id`,`user_id`) VALUES ('3','3') [ RunTime:0.0000s ]
SQL: INSERT INTO `sp_role_user` (`role_id`,`user_id`) VALUES ('2','3') [ RunTime:0.0000s ]
SQL: INSERT INTO `sp_role_user` (`role_id`,`user_id`) VALUES ('1','3') [ RunTime:0.0000s ]

[ 2016-08-04T10:13:12+08:00 ] 127.0.0.1 /fang/Admin/User/edit_post.html
INFO: [ app_begin ] --START--
INFO: Run Behavior\ReadHtmlCacheBehavior [ RunTime:0.001000s ]
INFO: Run Behavior\CheckLangBehavior [ RunTime:0.001000s ]
INFO: [ app_begin ] --END-- [ RunTime:0.002000s ]
SQL: SHOW COLUMNS FROM `sp_users` [ RunTime:0.0020s ]
SQL: SELECT * FROM `sp_users` WHERE ( id=1 ) LIMIT 1   [ RunTime:0.0000s ]
SQL: SHOW COLUMNS FROM `sp_users` [ RunTime:0.0020s ]
SQL: SHOW COLUMNS FROM `sp_role` [ RunTime:0.0020s ]
NOTIC: [8] Undefined index: validate D:\wamp\www\fang\simplewind\Core\Library\Think\Model.class.php 第 1185 行.
SQL: SELECT * FROM `sp_users` WHERE `user_login` = '13452048245' AND `id` <> '28' LIMIT 1   [ RunTime:0.0000s ]
SQL: SELECT * FROM `sp_users` WHERE `user_email` = '' AND `id` <> '28' LIMIT 1   [ RunTime:0.0000s ]

[ 2016-08-04T10:13:34+08:00 ] 127.0.0.1 /fang/Admin/User/edit_post.html
INFO: [ app_begin ] --START--
INFO: Run Behavior\ReadHtmlCacheBehavior [ RunTime:0.001000s ]
INFO: Run Behavior\CheckLangBehavior [ RunTime:0.001000s ]
INFO: [ app_begin ] --END-- [ RunTime:0.002000s ]
SQL: SHOW COLUMNS FROM `sp_users` [ RunTime:0.0020s ]
SQL: SELECT * FROM `sp_users` WHERE ( id=1 ) LIMIT 1   [ RunTime:0.0010s ]
SQL: SHOW COLUMNS FROM `sp_users` [ RunTime:0.0020s ]
SQL: SHOW COLUMNS FROM `sp_role` [ RunTime:0.0020s ]
NOTIC: [8] Undefined index: validate D:\wamp\www\fang\simplewind\Core\Library\Think\Model.class.php 第 1185 行.
SQL: SELECT * FROM `sp_users` WHERE `user_login` = 'tianping123' AND `id` <> '15' LIMIT 1   [ RunTime:0.0000s ]
SQL: SELECT * FROM `sp_users` WHERE `user_email` = 'tianping123@qq.com' AND `id` <> '15' LIMIT 1   [ RunTime:0.0000s ]
NOTIC: [8] Undefined index: auto D:\wamp\www\fang\simplewind\Core\Library\Think\Model.class.php 第 1128 行.
SQL: UPDATE `sp_users` SET `user_login`='tianping123',`user_email`='tianping123@qq.com' WHERE `id` = 15 [ RunTime:0.0000s ]
SQL: SHOW COLUMNS FROM `sp_role_user` [ RunTime:0.0010s ]
SQL: DELETE FROM `sp_role_user` WHERE `user_id` = 15 [ RunTime:0.0000s ]
SQL: INSERT INTO `sp_role_user` (`role_id`,`user_id`) VALUES ('2','15') [ RunTime:0.0010s ]
SQL: INSERT INTO `sp_role_user` (`role_id`,`user_id`) VALUES ('1','15') [ RunTime:0.0000s ]

[ 2016-08-04T10:13:36+08:00 ] 127.0.0.1 /fang/Admin/User/edit_post.html
INFO: [ app_begin ] --START--
INFO: Run Behavior\ReadHtmlCacheBehavior [ RunTime:0.000000s ]
INFO: Run Behavior\CheckLangBehavior [ RunTime:0.001001s ]
INFO: [ app_begin ] --END-- [ RunTime:0.003001s ]
SQL: SHOW COLUMNS FROM `sp_users` [ RunTime:0.0020s ]
SQL: SELECT * FROM `sp_users` WHERE ( id=1 ) LIMIT 1   [ RunTime:0.0000s ]
SQL: SHOW COLUMNS FROM `sp_users` [ RunTime:0.0020s ]
SQL: SHOW COLUMNS FROM `sp_role` [ RunTime:0.0020s ]
NOTIC: [8] Undefined index: validate D:\wamp\www\fang\simplewind\Core\Library\Think\Model.class.php 第 1185 行.
SQL: SELECT * FROM `sp_users` WHERE `user_login` = 'tianping123' AND `id` <> '15' LIMIT 1   [ RunTime:0.0010s ]
SQL: SELECT * FROM `sp_users` WHERE `user_email` = 'tianping123@qq.com' AND `id` <> '15' LIMIT 1   [ RunTime:0.0000s ]
NOTIC: [8] Undefined index: auto D:\wamp\www\fang\simplewind\Core\Library\Think\Model.class.php 第 1128 行.
SQL: UPDATE `sp_users` SET `user_login`='tianping123',`user_email`='tianping123@qq.com' WHERE `id` = 15 [ RunTime:0.0000s ]
SQL: SHOW COLUMNS FROM `sp_role_user` [ RunTime:0.0010s ]
SQL: DELETE FROM `sp_role_user` WHERE `user_id` = 15 [ RunTime:0.0000s ]
SQL: INSERT INTO `sp_role_user` (`role_id`,`user_id`) VALUES ('2','15') [ RunTime:0.0010s ]
SQL: INSERT INTO `sp_role_user` (`role_id`,`user_id`) VALUES ('1','15') [ RunTime:0.0000s ]

[ 2016-08-04T10:15:29+08:00 ] 127.0.0.1 /fang/Admin/Menu/index/menuid/100.html
NOTIC: D方法实例化没找到模型类Common\Model\AuthRuleModel

[ 2016-08-04T10:15:48+08:00 ] 127.0.0.1 /fang/Admin/Rbac/authorize/id/2.html
NOTIC: D方法实例化没找到模型类Common\Model\AuthAccessModel

