[ 2016-06-18T10:21:36+08:00 ] 127.0.0.1 /fang/user/index/is_login.html
INFO: [ app_begin ] --START--
INFO: Run Behavior\ReadHtmlCacheBehavior [ RunTime:0.000000s ]
INFO: Run Behavior\CheckLangBehavior [ RunTime:0.001000s ]
INFO: [ app_begin ] --END-- [ RunTime:0.003000s ]
NOTIC: [8] Undefined index: url D:\wamp\www\fang\application\Common\Controller\AppframeController.class.php 第 44 行.

[ 2016-06-18T10:21:44+08:00 ] 127.0.0.1 /fang/user/index/is_login.html
INFO: [ app_begin ] --START--
INFO: Run Behavior\ReadHtmlCacheBehavior [ RunTime:0.001000s ]
INFO: Run Behavior\CheckLangBehavior [ RunTime:0.002000s ]
INFO: [ app_begin ] --END-- [ RunTime:0.005000s ]
NOTIC: [8] Undefined index: url D:\wamp\www\fang\application\Common\Controller\AppframeController.class.php 第 44 行.

[ 2016-06-18T10:22:49+08:00 ] 127.0.0.1 /fang/user/index/is_login.html
INFO: [ app_begin ] --START--
INFO: Run Behavior\ReadHtmlCacheBehavior [ RunTime:0.002000s ]
INFO: Run Behavior\CheckLangBehavior [ RunTime:0.002000s ]
INFO: [ app_begin ] --END-- [ RunTime:0.004000s ]
NOTIC: [8] Undefined index: url D:\wamp\www\fang\application\Common\Controller\AppframeController.class.php 第 44 行.

[ 2016-06-18T10:23:08+08:00 ] 127.0.0.1 /fang/user/index/is_login.html
INFO: [ app_begin ] --START--
INFO: Run Behavior\ReadHtmlCacheBehavior [ RunTime:0.002000s ]
INFO: Run Behavior\CheckLangBehavior [ RunTime:0.001000s ]
INFO: [ app_begin ] --END-- [ RunTime:0.004000s ]
NOTIC: [8] Undefined index: url D:\wamp\www\fang\application\Common\Controller\AppframeController.class.php 第 44 行.

[ 2016-06-18T10:23:15+08:00 ] 127.0.0.1 /fang/user/index/is_login.html
INFO: [ app_begin ] --START--
INFO: Run Behavior\ReadHtmlCacheBehavior [ RunTime:0.000000s ]
INFO: Run Behavior\CheckLangBehavior [ RunTime:0.001000s ]
INFO: [ app_begin ] --END-- [ RunTime:0.002000s ]
NOTIC: [8] Undefined index: url D:\wamp\www\fang\application\Common\Controller\AppframeController.class.php 第 44 行.

[ 2016-06-18T10:23:17+08:00 ] 127.0.0.1 /fang/user/index/is_login.html
INFO: [ app_begin ] --START--
INFO: Run Behavior\ReadHtmlCacheBehavior [ RunTime:0.000000s ]
INFO: Run Behavior\CheckLangBehavior [ RunTime:0.001000s ]
INFO: [ app_begin ] --END-- [ RunTime:0.002000s ]
NOTIC: [8] Undefined index: url D:\wamp\www\fang\application\Common\Controller\AppframeController.class.php 第 44 行.

[ 2016-06-18T10:23:18+08:00 ] 127.0.0.1 /fang/user/index/is_login.html
INFO: [ app_begin ] --START--
INFO: Run Behavior\ReadHtmlCacheBehavior [ RunTime:0.001000s ]
INFO: Run Behavior\CheckLangBehavior [ RunTime:0.001000s ]
INFO: [ app_begin ] --END-- [ RunTime:0.002000s ]
NOTIC: [8] Undefined index: url D:\wamp\www\fang\application\Common\Controller\AppframeController.class.php 第 44 行.

[ 2016-06-18T10:23:19+08:00 ] 127.0.0.1 /fang/user/index/is_login.html
INFO: [ app_begin ] --START--
INFO: Run Behavior\ReadHtmlCacheBehavior [ RunTime:0.001000s ]
INFO: Run Behavior\CheckLangBehavior [ RunTime:0.001000s ]
INFO: [ app_begin ] --END-- [ RunTime:0.002000s ]
NOTIC: [8] Undefined index: url D:\wamp\www\fang\application\Common\Controller\AppframeController.class.php 第 44 行.

[ 2016-06-18T10:23:19+08:00 ] 127.0.0.1 /fang/user/index/is_login.html
INFO: [ app_begin ] --START--
INFO: Run Behavior\ReadHtmlCacheBehavior [ RunTime:0.000000s ]
INFO: Run Behavior\CheckLangBehavior [ RunTime:0.001000s ]
INFO: [ app_begin ] --END-- [ RunTime:0.002000s ]
NOTIC: [8] Undefined index: url D:\wamp\www\fang\application\Common\Controller\AppframeController.class.php 第 44 行.

[ 2016-06-18T10:23:21+08:00 ] 127.0.0.1 /fang/user/index/is_login.html
INFO: [ app_begin ] --START--
INFO: Run Behavior\ReadHtmlCacheBehavior [ RunTime:0.002000s ]
INFO: Run Behavior\CheckLangBehavior [ RunTime:0.002000s ]
INFO: [ app_begin ] --END-- [ RunTime:0.004000s ]
NOTIC: [8] Undefined index: url D:\wamp\www\fang\application\Common\Controller\AppframeController.class.php 第 44 行.

[ 2016-06-18T10:23:33+08:00 ] 127.0.0.1 /fang/user/index/is_login.html
INFO: [ app_begin ] --START--
INFO: Run Behavior\ReadHtmlCacheBehavior [ RunTime:0.000000s ]
INFO: Run Behavior\CheckLangBehavior [ RunTime:0.001000s ]
INFO: [ app_begin ] --END-- [ RunTime:0.002000s ]
NOTIC: [8] Undefined index: url D:\wamp\www\fang\application\Common\Controller\AppframeController.class.php 第 44 行.

[ 2016-06-18T10:23:34+08:00 ] 127.0.0.1 /fang/user/index/is_login.html
INFO: [ app_begin ] --START--
INFO: Run Behavior\ReadHtmlCacheBehavior [ RunTime:0.001000s ]
INFO: Run Behavior\CheckLangBehavior [ RunTime:0.002001s ]
INFO: [ app_begin ] --END-- [ RunTime:0.004001s ]
NOTIC: [8] Undefined index: url D:\wamp\www\fang\application\Common\Controller\AppframeController.class.php 第 44 行.

[ 2016-06-18T10:23:35+08:00 ] 127.0.0.1 /fang/user/index/is_login.html
INFO: [ app_begin ] --START--
INFO: Run Behavior\ReadHtmlCacheBehavior [ RunTime:0.000000s ]
INFO: Run Behavior\CheckLangBehavior [ RunTime:0.001000s ]
INFO: [ app_begin ] --END-- [ RunTime:0.001000s ]
NOTIC: [8] Undefined index: url D:\wamp\www\fang\application\Common\Controller\AppframeController.class.php 第 44 行.

[ 2016-06-18T10:23:36+08:00 ] 127.0.0.1 /fang/user/index/is_login.html
INFO: [ app_begin ] --START--
INFO: Run Behavior\ReadHtmlCacheBehavior [ RunTime:0.001000s ]
INFO: Run Behavior\CheckLangBehavior [ RunTime:0.003000s ]
INFO: [ app_begin ] --END-- [ RunTime:0.005000s ]
NOTIC: [8] Undefined index: url D:\wamp\www\fang\application\Common\Controller\AppframeController.class.php 第 44 行.

[ 2016-06-18T10:23:36+08:00 ] 127.0.0.1 /fang/user/index/is_login.html
INFO: [ app_begin ] --START--
INFO: Run Behavior\ReadHtmlCacheBehavior [ RunTime:0.001000s ]
INFO: Run Behavior\CheckLangBehavior [ RunTime:0.001000s ]
INFO: [ app_begin ] --END-- [ RunTime:0.002000s ]
NOTIC: [8] Undefined index: url D:\wamp\www\fang\application\Common\Controller\AppframeController.class.php 第 44 行.

[ 2016-06-18T10:23:37+08:00 ] 127.0.0.1 /fang/user/index/is_login.html
INFO: [ app_begin ] --START--
INFO: Run Behavior\ReadHtmlCacheBehavior [ RunTime:0.001000s ]
INFO: Run Behavior\CheckLangBehavior [ RunTime:0.001000s ]
INFO: [ app_begin ] --END-- [ RunTime:0.002000s ]
NOTIC: [8] Undefined index: url D:\wamp\www\fang\application\Common\Controller\AppframeController.class.php 第 44 行.

[ 2016-06-18T10:23:38+08:00 ] 127.0.0.1 /fang/user/index/is_login.html
INFO: [ app_begin ] --START--
INFO: Run Behavior\ReadHtmlCacheBehavior [ RunTime:0.001000s ]
INFO: Run Behavior\CheckLangBehavior [ RunTime:0.001000s ]
INFO: [ app_begin ] --END-- [ RunTime:0.002000s ]
NOTIC: [8] Undefined index: url D:\wamp\www\fang\application\Common\Controller\AppframeController.class.php 第 44 行.

[ 2016-06-18T10:23:38+08:00 ] 127.0.0.1 /fang/user/index/is_login.html
INFO: [ app_begin ] --START--
INFO: Run Behavior\ReadHtmlCacheBehavior [ RunTime:0.000000s ]
INFO: Run Behavior\CheckLangBehavior [ RunTime:0.001000s ]
INFO: [ app_begin ] --END-- [ RunTime:0.002000s ]
NOTIC: [8] Undefined index: url D:\wamp\www\fang\application\Common\Controller\AppframeController.class.php 第 44 行.

[ 2016-06-18T10:23:39+08:00 ] 127.0.0.1 /fang/user/index/is_login.html
INFO: [ app_begin ] --START--
INFO: Run Behavior\ReadHtmlCacheBehavior [ RunTime:0.001000s ]
INFO: Run Behavior\CheckLangBehavior [ RunTime:0.001000s ]
INFO: [ app_begin ] --END-- [ RunTime:0.002000s ]
NOTIC: [8] Undefined index: url D:\wamp\www\fang\application\Common\Controller\AppframeController.class.php 第 44 行.

[ 2016-06-18T10:23:52+08:00 ] 127.0.0.1 /fang/user/index/is_login.html
INFO: [ app_begin ] --START--
INFO: Run Behavior\ReadHtmlCacheBehavior [ RunTime:0.000000s ]
INFO: Run Behavior\CheckLangBehavior [ RunTime:0.001000s ]
INFO: [ app_begin ] --END-- [ RunTime:0.001000s ]
NOTIC: [8] Undefined index: url D:\wamp\www\fang\application\Common\Controller\AppframeController.class.php 第 44 行.

[ 2016-06-18T10:24:10+08:00 ] 127.0.0.1 /fang/user/index/is_login.html
INFO: [ app_begin ] --START--
INFO: Run Behavior\ReadHtmlCacheBehavior [ RunTime:0.001000s ]
INFO: Run Behavior\CheckLangBehavior [ RunTime:0.001000s ]
INFO: [ app_begin ] --END-- [ RunTime:0.002000s ]
NOTIC: [8] Undefined index: url D:\wamp\www\fang\application\Common\Controller\AppframeController.class.php 第 44 行.

[ 2016-06-18T10:24:16+08:00 ] 127.0.0.1 /fang/user/index/is_login.html
INFO: [ app_begin ] --START--
INFO: Run Behavior\ReadHtmlCacheBehavior [ RunTime:0.000000s ]
INFO: Run Behavior\CheckLangBehavior [ RunTime:0.001000s ]
INFO: [ app_begin ] --END-- [ RunTime:0.002000s ]
NOTIC: [8] Undefined index: url D:\wamp\www\fang\application\Common\Controller\AppframeController.class.php 第 44 行.

[ 2016-06-18T10:24:35+08:00 ] 127.0.0.1 /fang/user/index/is_login.html
INFO: [ app_begin ] --START--
INFO: Run Behavior\ReadHtmlCacheBehavior [ RunTime:0.001000s ]
INFO: Run Behavior\CheckLangBehavior [ RunTime:0.002001s ]
INFO: [ app_begin ] --END-- [ RunTime:0.003001s ]
NOTIC: [8] Undefined index: url D:\wamp\www\fang\application\Common\Controller\AppframeController.class.php 第 44 行.

[ 2016-06-18T10:24:47+08:00 ] 127.0.0.1 /fang/user/index/is_login.html
INFO: [ app_begin ] --START--
INFO: Run Behavior\ReadHtmlCacheBehavior [ RunTime:0.001000s ]
INFO: Run Behavior\CheckLangBehavior [ RunTime:0.001000s ]
INFO: [ app_begin ] --END-- [ RunTime:0.003000s ]
NOTIC: [8] Undefined index: url D:\wamp\www\fang\application\Common\Controller\AppframeController.class.php 第 44 行.

[ 2016-06-18T10:24:54+08:00 ] 127.0.0.1 /fang/user/index/is_login.html
INFO: [ app_begin ] --START--
INFO: Run Behavior\ReadHtmlCacheBehavior [ RunTime:0.000000s ]
INFO: Run Behavior\CheckLangBehavior [ RunTime:0.002001s ]
INFO: [ app_begin ] --END-- [ RunTime:0.003001s ]
NOTIC: [8] Undefined index: url D:\wamp\www\fang\application\Common\Controller\AppframeController.class.php 第 44 行.

[ 2016-06-18T10:29:01+08:00 ] 127.0.0.1 /fang/user/index/is_login.html
INFO: [ app_begin ] --START--
INFO: Run Behavior\ReadHtmlCacheBehavior [ RunTime:0.001000s ]
INFO: Run Behavior\CheckLangBehavior [ RunTime:0.002000s ]
INFO: [ app_begin ] --END-- [ RunTime:0.004000s ]
NOTIC: [8] Undefined index: url D:\wamp\www\fang\application\Common\Controller\AppframeController.class.php 第 44 行.

[ 2016-06-18T10:35:29+08:00 ] 127.0.0.1 /fang/user/index/is_login.html
INFO: [ app_begin ] --START--
INFO: Run Behavior\ReadHtmlCacheBehavior [ RunTime:0.002000s ]
INFO: Run Behavior\CheckLangBehavior [ RunTime:0.003000s ]
INFO: [ app_begin ] --END-- [ RunTime:0.005000s ]
NOTIC: [8] Undefined index: url D:\wamp\www\fang\application\Common\Controller\AppframeController.class.php 第 44 行.

[ 2016-06-18T10:39:03+08:00 ] 127.0.0.1 /fang/user/index/is_login.html
INFO: [ app_begin ] --START--
INFO: Run Behavior\ReadHtmlCacheBehavior [ RunTime:0.003000s ]
INFO: Run Behavior\CheckLangBehavior [ RunTime:0.006000s ]
INFO: [ app_begin ] --END-- [ RunTime:0.010000s ]
NOTIC: [8] Undefined index: url D:\wamp\www\fang\application\Common\Controller\AppframeController.class.php 第 44 行.

[ 2016-06-18T10:41:32+08:00 ] 127.0.0.1 /fang/user/index/is_login.html
INFO: [ app_begin ] --START--
INFO: Run Behavior\ReadHtmlCacheBehavior [ RunTime:0.001000s ]
INFO: Run Behavior\CheckLangBehavior [ RunTime:0.001000s ]
INFO: [ app_begin ] --END-- [ RunTime:0.003000s ]
NOTIC: [8] Undefined index: url D:\wamp\www\fang\application\Common\Controller\AppframeController.class.php 第 44 行.

[ 2016-06-18T10:41:35+08:00 ] 127.0.0.1 /fang/user/index/is_login.html
INFO: [ app_begin ] --START--
INFO: Run Behavior\ReadHtmlCacheBehavior [ RunTime:0.003000s ]
INFO: Run Behavior\CheckLangBehavior [ RunTime:0.002000s ]
INFO: [ app_begin ] --END-- [ RunTime:0.006000s ]
NOTIC: [8] Undefined index: url D:\wamp\www\fang\application\Common\Controller\AppframeController.class.php 第 44 行.

[ 2016-06-18T10:41:40+08:00 ] 127.0.0.1 /fang/user/index/is_login.html
INFO: [ app_begin ] --START--
INFO: Run Behavior\ReadHtmlCacheBehavior [ RunTime:0.001000s ]
INFO: Run Behavior\CheckLangBehavior [ RunTime:0.001000s ]
INFO: [ app_begin ] --END-- [ RunTime:0.002000s ]
NOTIC: [8] Undefined index: url D:\wamp\www\fang\application\Common\Controller\AppframeController.class.php 第 44 行.

[ 2016-06-18T10:41:43+08:00 ] 127.0.0.1 /fang/user/index/is_login.html
INFO: [ app_begin ] --START--
INFO: Run Behavior\ReadHtmlCacheBehavior [ RunTime:0.001000s ]
INFO: Run Behavior\CheckLangBehavior [ RunTime:0.002000s ]
INFO: [ app_begin ] --END-- [ RunTime:0.003000s ]
NOTIC: [8] Undefined index: url D:\wamp\www\fang\application\Common\Controller\AppframeController.class.php 第 44 行.

[ 2016-06-18T10:41:46+08:00 ] 127.0.0.1 /fang/user/index/is_login.html
INFO: [ app_begin ] --START--
INFO: Run Behavior\ReadHtmlCacheBehavior [ RunTime:0.002000s ]
INFO: Run Behavior\CheckLangBehavior [ RunTime:0.001000s ]
INFO: [ app_begin ] --END-- [ RunTime:0.003000s ]
NOTIC: [8] Undefined index: url D:\wamp\www\fang\application\Common\Controller\AppframeController.class.php 第 44 行.

[ 2016-06-18T10:41:54+08:00 ] 127.0.0.1 /fang/user/index/is_login.html
INFO: [ app_begin ] --START--
INFO: Run Behavior\ReadHtmlCacheBehavior [ RunTime:0.000000s ]
INFO: Run Behavior\CheckLangBehavior [ RunTime:0.001000s ]
INFO: [ app_begin ] --END-- [ RunTime:0.003000s ]
NOTIC: [8] Undefined index: url D:\wamp\www\fang\application\Common\Controller\AppframeController.class.php 第 44 行.

[ 2016-06-18T10:41:56+08:00 ] 127.0.0.1 /fang/user/index/is_login.html
INFO: [ app_begin ] --START--
INFO: Run Behavior\ReadHtmlCacheBehavior [ RunTime:0.001000s ]
INFO: Run Behavior\CheckLangBehavior [ RunTime:0.002000s ]
INFO: [ app_begin ] --END-- [ RunTime:0.004000s ]
NOTIC: [8] Undefined index: url D:\wamp\www\fang\application\Common\Controller\AppframeController.class.php 第 44 行.

[ 2016-06-18T10:43:44+08:00 ] 127.0.0.1 /fang/user/index/is_login.html
INFO: [ app_begin ] --START--
INFO: Run Behavior\ReadHtmlCacheBehavior [ RunTime:0.000000s ]
INFO: Run Behavior\CheckLangBehavior [ RunTime:0.001000s ]
INFO: [ app_begin ] --END-- [ RunTime:0.002000s ]
NOTIC: [8] Undefined index: url D:\wamp\www\fang\application\Common\Controller\AppframeController.class.php 第 44 行.

[ 2016-06-18T10:43:48+08:00 ] 127.0.0.1 /fang/user/index/is_login.html
INFO: [ app_begin ] --START--
INFO: Run Behavior\ReadHtmlCacheBehavior [ RunTime:0.001000s ]
INFO: Run Behavior\CheckLangBehavior [ RunTime:0.007001s ]
INFO: [ app_begin ] --END-- [ RunTime:0.008001s ]
NOTIC: [8] Undefined index: url D:\wamp\www\fang\application\Common\Controller\AppframeController.class.php 第 44 行.

[ 2016-06-18T10:43:50+08:00 ] 127.0.0.1 /fang/user/index/is_login.html
INFO: [ app_begin ] --START--
INFO: Run Behavior\ReadHtmlCacheBehavior [ RunTime:0.001000s ]
INFO: Run Behavior\CheckLangBehavior [ RunTime:0.001000s ]
INFO: [ app_begin ] --END-- [ RunTime:0.002000s ]
NOTIC: [8] Undefined index: url D:\wamp\www\fang\application\Common\Controller\AppframeController.class.php 第 44 行.

[ 2016-06-18T10:43:52+08:00 ] 127.0.0.1 /fang/user/index/is_login.html
INFO: [ app_begin ] --START--
INFO: Run Behavior\ReadHtmlCacheBehavior [ RunTime:0.000000s ]
INFO: Run Behavior\CheckLangBehavior [ RunTime:0.001000s ]
INFO: [ app_begin ] --END-- [ RunTime:0.003000s ]
NOTIC: [8] Undefined index: url D:\wamp\www\fang\application\Common\Controller\AppframeController.class.php 第 44 行.

[ 2016-06-18T10:45:36+08:00 ] 127.0.0.1 /fang/user/index/is_login.html
INFO: [ app_begin ] --START--
INFO: Run Behavior\ReadHtmlCacheBehavior [ RunTime:0.001000s ]
INFO: Run Behavior\CheckLangBehavior [ RunTime:0.002000s ]
INFO: [ app_begin ] --END-- [ RunTime:0.004000s ]
NOTIC: [8] Undefined index: url D:\wamp\www\fang\application\Common\Controller\AppframeController.class.php 第 44 行.

[ 2016-06-18T10:45:53+08:00 ] 127.0.0.1 /fang/user/index/is_login.html
INFO: [ app_begin ] --START--
INFO: Run Behavior\ReadHtmlCacheBehavior [ RunTime:0.000000s ]
INFO: Run Behavior\CheckLangBehavior [ RunTime:0.001000s ]
INFO: [ app_begin ] --END-- [ RunTime:0.002000s ]
NOTIC: [8] Undefined index: url D:\wamp\www\fang\application\Common\Controller\AppframeController.class.php 第 44 行.

[ 2016-06-18T10:45:58+08:00 ] 127.0.0.1 /fang/user/index/is_login.html
INFO: [ app_begin ] --START--
INFO: Run Behavior\ReadHtmlCacheBehavior [ RunTime:0.001000s ]
INFO: Run Behavior\CheckLangBehavior [ RunTime:0.002000s ]
INFO: [ app_begin ] --END-- [ RunTime:0.003000s ]
NOTIC: [8] Undefined index: url D:\wamp\www\fang\application\Common\Controller\AppframeController.class.php 第 44 行.

[ 2016-06-18T10:46:03+08:00 ] 127.0.0.1 /fang/user/index/is_login.html
INFO: [ app_begin ] --START--
INFO: Run Behavior\ReadHtmlCacheBehavior [ RunTime:0.002001s ]
INFO: Run Behavior\CheckLangBehavior [ RunTime:0.002000s ]
INFO: [ app_begin ] --END-- [ RunTime:0.005001s ]
NOTIC: [8] Undefined index: url D:\wamp\www\fang\application\Common\Controller\AppframeController.class.php 第 44 行.

[ 2016-06-18T10:46:06+08:00 ] 127.0.0.1 /fang/user/index/is_login.html
INFO: [ app_begin ] --START--
INFO: Run Behavior\ReadHtmlCacheBehavior [ RunTime:0.000000s ]
INFO: Run Behavior\CheckLangBehavior [ RunTime:0.002000s ]
INFO: [ app_begin ] --END-- [ RunTime:0.002000s ]
NOTIC: [8] Undefined index: url D:\wamp\www\fang\application\Common\Controller\AppframeController.class.php 第 44 行.

[ 2016-06-18T10:46:09+08:00 ] 127.0.0.1 /fang/user/index/is_login.html
INFO: [ app_begin ] --START--
INFO: Run Behavior\ReadHtmlCacheBehavior [ RunTime:0.001000s ]
INFO: Run Behavior\CheckLangBehavior [ RunTime:0.001000s ]
INFO: [ app_begin ] --END-- [ RunTime:0.003000s ]
NOTIC: [8] Undefined index: url D:\wamp\www\fang\application\Common\Controller\AppframeController.class.php 第 44 行.

[ 2016-06-18T10:46:11+08:00 ] 127.0.0.1 /fang/user/index/is_login.html
INFO: [ app_begin ] --START--
INFO: Run Behavior\ReadHtmlCacheBehavior [ RunTime:0.000000s ]
INFO: Run Behavior\CheckLangBehavior [ RunTime:0.002000s ]
INFO: [ app_begin ] --END-- [ RunTime:0.003000s ]
NOTIC: [8] Undefined index: url D:\wamp\www\fang\application\Common\Controller\AppframeController.class.php 第 44 行.

[ 2016-06-18T10:46:15+08:00 ] 127.0.0.1 /fang/user/index/is_login.html
INFO: [ app_begin ] --START--
INFO: Run Behavior\ReadHtmlCacheBehavior [ RunTime:0.000000s ]
INFO: Run Behavior\CheckLangBehavior [ RunTime:0.001000s ]
INFO: [ app_begin ] --END-- [ RunTime:0.002000s ]
NOTIC: [8] Undefined index: url D:\wamp\www\fang\application\Common\Controller\AppframeController.class.php 第 44 行.

[ 2016-06-18T10:46:21+08:00 ] 127.0.0.1 /fang/user/index/is_login.html
INFO: [ app_begin ] --START--
INFO: Run Behavior\ReadHtmlCacheBehavior [ RunTime:0.001000s ]
INFO: Run Behavior\CheckLangBehavior [ RunTime:0.001000s ]
INFO: [ app_begin ] --END-- [ RunTime:0.002000s ]
NOTIC: [8] Undefined index: url D:\wamp\www\fang\application\Common\Controller\AppframeController.class.php 第 44 行.

[ 2016-06-18T10:46:33+08:00 ] 127.0.0.1 /fang/user/index/is_login.html
INFO: [ app_begin ] --START--
INFO: Run Behavior\ReadHtmlCacheBehavior [ RunTime:0.001000s ]
INFO: Run Behavior\CheckLangBehavior [ RunTime:0.001000s ]
INFO: [ app_begin ] --END-- [ RunTime:0.002000s ]
NOTIC: [8] Undefined index: url D:\wamp\www\fang\application\Common\Controller\AppframeController.class.php 第 44 行.

[ 2016-06-18T10:48:09+08:00 ] 127.0.0.1 /fang/user/index/is_login.html
INFO: [ app_begin ] --START--
INFO: Run Behavior\ReadHtmlCacheBehavior [ RunTime:0.001000s ]
INFO: Run Behavior\CheckLangBehavior [ RunTime:0.001000s ]
INFO: [ app_begin ] --END-- [ RunTime:0.005000s ]
NOTIC: [8] Undefined index: url D:\wamp\www\fang\application\Common\Controller\AppframeController.class.php 第 44 行.

[ 2016-06-18T10:48:24+08:00 ] 127.0.0.1 /fang/user/index/is_login.html
INFO: [ app_begin ] --START--
INFO: Run Behavior\ReadHtmlCacheBehavior [ RunTime:0.001000s ]
INFO: Run Behavior\CheckLangBehavior [ RunTime:0.001000s ]
INFO: [ app_begin ] --END-- [ RunTime:0.003001s ]
NOTIC: [8] Undefined index: url D:\wamp\www\fang\application\Common\Controller\AppframeController.class.php 第 44 行.

[ 2016-06-18T10:48:25+08:00 ] 127.0.0.1 /fang/user/index/is_login.html
INFO: [ app_begin ] --START--
INFO: Run Behavior\ReadHtmlCacheBehavior [ RunTime:0.001000s ]
INFO: Run Behavior\CheckLangBehavior [ RunTime:0.002000s ]
INFO: [ app_begin ] --END-- [ RunTime:0.004000s ]
NOTIC: [8] Undefined index: url D:\wamp\www\fang\application\Common\Controller\AppframeController.class.php 第 44 行.

[ 2016-06-18T10:48:31+08:00 ] 127.0.0.1 /fang/user/index/is_login.html
INFO: [ app_begin ] --START--
INFO: Run Behavior\ReadHtmlCacheBehavior [ RunTime:0.001000s ]
INFO: Run Behavior\CheckLangBehavior [ RunTime:0.001000s ]
INFO: [ app_begin ] --END-- [ RunTime:0.002000s ]
NOTIC: [8] Undefined index: url D:\wamp\www\fang\application\Common\Controller\AppframeController.class.php 第 44 行.

[ 2016-06-18T10:49:49+08:00 ] 127.0.0.1 /fang/user/index/is_login.html
INFO: [ app_begin ] --START--
INFO: Run Behavior\ReadHtmlCacheBehavior [ RunTime:0.000000s ]
INFO: Run Behavior\CheckLangBehavior [ RunTime:0.002000s ]
INFO: [ app_begin ] --END-- [ RunTime:0.003000s ]
NOTIC: [8] Undefined index: url D:\wamp\www\fang\application\Common\Controller\AppframeController.class.php 第 44 行.

[ 2016-06-18T10:50:05+08:00 ] 127.0.0.1 /fang/user/index/is_login.html
INFO: [ app_begin ] --START--
INFO: Run Behavior\ReadHtmlCacheBehavior [ RunTime:0.001000s ]
INFO: Run Behavior\CheckLangBehavior [ RunTime:0.001000s ]
INFO: [ app_begin ] --END-- [ RunTime:0.003000s ]
NOTIC: [8] Undefined index: url D:\wamp\www\fang\application\Common\Controller\AppframeController.class.php 第 44 行.

[ 2016-06-18T10:50:52+08:00 ] 127.0.0.1 /fang/user/index/is_login.html
INFO: [ app_begin ] --START--
INFO: Run Behavior\ReadHtmlCacheBehavior [ RunTime:0.001000s ]
INFO: Run Behavior\CheckLangBehavior [ RunTime:0.001000s ]
INFO: [ app_begin ] --END-- [ RunTime:0.002000s ]
NOTIC: [8] Undefined index: url D:\wamp\www\fang\application\Common\Controller\AppframeController.class.php 第 44 行.

[ 2016-06-18T10:52:40+08:00 ] 127.0.0.1 /fang/user/index/is_login.html
INFO: [ app_begin ] --START--
INFO: Run Behavior\ReadHtmlCacheBehavior [ RunTime:0.001000s ]
INFO: Run Behavior\CheckLangBehavior [ RunTime:0.001000s ]
INFO: [ app_begin ] --END-- [ RunTime:0.002000s ]
NOTIC: [8] Undefined index: url D:\wamp\www\fang\application\Common\Controller\AppframeController.class.php 第 44 行.

[ 2016-06-18T10:54:56+08:00 ] 127.0.0.1 /fang/user/index/is_login.html
INFO: [ app_begin ] --START--
INFO: Run Behavior\ReadHtmlCacheBehavior [ RunTime:0.001000s ]
INFO: Run Behavior\CheckLangBehavior [ RunTime:0.002000s ]
INFO: [ app_begin ] --END-- [ RunTime:0.003000s ]
NOTIC: [8] Undefined index: url D:\wamp\www\fang\application\Common\Controller\AppframeController.class.php 第 44 行.

[ 2016-06-18T10:55:12+08:00 ] 127.0.0.1 /fang/user/index/is_login.html
INFO: [ app_begin ] --START--
INFO: Run Behavior\ReadHtmlCacheBehavior [ RunTime:0.001000s ]
INFO: Run Behavior\CheckLangBehavior [ RunTime:0.001000s ]
INFO: [ app_begin ] --END-- [ RunTime:0.002000s ]
NOTIC: [8] Undefined index: url D:\wamp\www\fang\application\Common\Controller\AppframeController.class.php 第 44 行.

[ 2016-06-18T10:55:16+08:00 ] 127.0.0.1 /fang/user/index/is_login.html
INFO: [ app_begin ] --START--
INFO: Run Behavior\ReadHtmlCacheBehavior [ RunTime:0.001000s ]
INFO: Run Behavior\CheckLangBehavior [ RunTime:0.001000s ]
INFO: [ app_begin ] --END-- [ RunTime:0.003000s ]
NOTIC: [8] Undefined index: url D:\wamp\www\fang\application\Common\Controller\AppframeController.class.php 第 44 行.

[ 2016-06-18T10:56:17+08:00 ] 127.0.0.1 /fang/user/index/is_login.html
INFO: [ app_begin ] --START--
INFO: Run Behavior\ReadHtmlCacheBehavior [ RunTime:0.001000s ]
INFO: Run Behavior\CheckLangBehavior [ RunTime:0.001000s ]
INFO: [ app_begin ] --END-- [ RunTime:0.002000s ]
NOTIC: [8] Undefined index: url D:\wamp\www\fang\application\Common\Controller\AppframeController.class.php 第 44 行.

[ 2016-06-18T10:56:21+08:00 ] 127.0.0.1 /fang/user/index/is_login.html
INFO: [ app_begin ] --START--
INFO: Run Behavior\ReadHtmlCacheBehavior [ RunTime:0.001000s ]
INFO: Run Behavior\CheckLangBehavior [ RunTime:0.002000s ]
INFO: [ app_begin ] --END-- [ RunTime:0.004000s ]
NOTIC: [8] Undefined index: url D:\wamp\www\fang\application\Common\Controller\AppframeController.class.php 第 44 行.

[ 2016-06-18T10:56:24+08:00 ] 127.0.0.1 /fang/user/index/is_login.html
INFO: [ app_begin ] --START--
INFO: Run Behavior\ReadHtmlCacheBehavior [ RunTime:0.000000s ]
INFO: Run Behavior\CheckLangBehavior [ RunTime:0.001000s ]
INFO: [ app_begin ] --END-- [ RunTime:0.003000s ]
NOTIC: [8] Undefined index: url D:\wamp\www\fang\application\Common\Controller\AppframeController.class.php 第 44 行.

[ 2016-06-18T10:57:42+08:00 ] 127.0.0.1 /fang/user/index/is_login.html
INFO: [ app_begin ] --START--
INFO: Run Behavior\ReadHtmlCacheBehavior [ RunTime:0.001000s ]
INFO: Run Behavior\CheckLangBehavior [ RunTime:0.001000s ]
INFO: [ app_begin ] --END-- [ RunTime:0.002000s ]
NOTIC: [8] Undefined index: url D:\wamp\www\fang\application\Common\Controller\AppframeController.class.php 第 44 行.

[ 2016-06-18T10:57:44+08:00 ] 127.0.0.1 /fang/user/index/is_login.html
INFO: [ app_begin ] --START--
INFO: Run Behavior\ReadHtmlCacheBehavior [ RunTime:0.000000s ]
INFO: Run Behavior\CheckLangBehavior [ RunTime:0.001000s ]
INFO: [ app_begin ] --END-- [ RunTime:0.002000s ]
NOTIC: [8] Undefined index: url D:\wamp\www\fang\application\Common\Controller\AppframeController.class.php 第 44 行.

[ 2016-06-18T10:58:21+08:00 ] 127.0.0.1 /fang/user/index/is_login.html
INFO: [ app_begin ] --START--
INFO: Run Behavior\ReadHtmlCacheBehavior [ RunTime:0.001001s ]
INFO: Run Behavior\CheckLangBehavior [ RunTime:0.001000s ]
INFO: [ app_begin ] --END-- [ RunTime:0.002001s ]
NOTIC: [8] Undefined index: url D:\wamp\www\fang\application\Common\Controller\AppframeController.class.php 第 44 行.

[ 2016-06-18T11:00:11+08:00 ] 127.0.0.1 /fang/user/index/is_login.html
INFO: [ app_begin ] --START--
INFO: Run Behavior\ReadHtmlCacheBehavior [ RunTime:0.001000s ]
INFO: Run Behavior\CheckLangBehavior [ RunTime:0.002001s ]
INFO: [ app_begin ] --END-- [ RunTime:0.003001s ]
NOTIC: [8] Undefined index: url D:\wamp\www\fang\application\Common\Controller\AppframeController.class.php 第 44 行.

[ 2016-06-18T11:00:17+08:00 ] 127.0.0.1 /fang/user/index/is_login.html
INFO: [ app_begin ] --START--
INFO: Run Behavior\ReadHtmlCacheBehavior [ RunTime:0.001000s ]
INFO: Run Behavior\CheckLangBehavior [ RunTime:0.002001s ]
INFO: [ app_begin ] --END-- [ RunTime:0.003001s ]
NOTIC: [8] Undefined index: url D:\wamp\www\fang\application\Common\Controller\AppframeController.class.php 第 44 行.

[ 2016-06-18T11:00:18+08:00 ] 127.0.0.1 /fang/user/index/is_login.html
INFO: [ app_begin ] --START--
INFO: Run Behavior\ReadHtmlCacheBehavior [ RunTime:0.001000s ]
INFO: Run Behavior\CheckLangBehavior [ RunTime:0.002000s ]
INFO: [ app_begin ] --END-- [ RunTime:0.003000s ]
NOTIC: [8] Undefined index: url D:\wamp\www\fang\application\Common\Controller\AppframeController.class.php 第 44 行.

[ 2016-06-18T11:00:20+08:00 ] 127.0.0.1 /fang/user/index/is_login.html
INFO: [ app_begin ] --START--
INFO: Run Behavior\ReadHtmlCacheBehavior [ RunTime:0.000000s ]
INFO: Run Behavior\CheckLangBehavior [ RunTime:0.001000s ]
INFO: [ app_begin ] --END-- [ RunTime:0.002000s ]
NOTIC: [8] Undefined index: url D:\wamp\www\fang\application\Common\Controller\AppframeController.class.php 第 44 行.

[ 2016-06-18T11:00:22+08:00 ] 127.0.0.1 /fang/user/index/is_login.html
INFO: [ app_begin ] --START--
INFO: Run Behavior\ReadHtmlCacheBehavior [ RunTime:0.001000s ]
INFO: Run Behavior\CheckLangBehavior [ RunTime:0.001000s ]
INFO: [ app_begin ] --END-- [ RunTime:0.004000s ]
NOTIC: [8] Undefined index: url D:\wamp\www\fang\application\Common\Controller\AppframeController.class.php 第 44 行.

