[ 2016-06-16T08:34:52+08:00 ] 127.0.0.1 /fang/user/index/is_login.html
INFO: [ app_begin ] --START--
INFO: Run Behavior\ReadHtmlCacheBehavior [ RunTime:0.001000s ]
INFO: Run Behavior\CheckLangBehavior [ RunTime:0.001000s ]
INFO: [ app_begin ] --END-- [ RunTime:0.002000s ]
NOTIC: [8] Undefined index: url D:\wamp\www\fang\application\Common\Controller\AppframeController.class.php 第 44 行.

[ 2016-06-16T08:34:54+08:00 ] 127.0.0.1 /fang/user/index/is_login.html
INFO: [ app_begin ] --START--
INFO: Run Behavior\ReadHtmlCacheBehavior [ RunTime:0.001000s ]
INFO: Run Behavior\CheckLangBehavior [ RunTime:0.001000s ]
INFO: [ app_begin ] --END-- [ RunTime:0.003000s ]
NOTIC: [8] Undefined index: url D:\wamp\www\fang\application\Common\Controller\AppframeController.class.php 第 44 行.

[ 2016-06-16T08:34:56+08:00 ] 127.0.0.1 /fang/user/index/is_login.html
INFO: [ app_begin ] --START--
INFO: Run Behavior\ReadHtmlCacheBehavior [ RunTime:0.001000s ]
INFO: Run Behavior\CheckLangBehavior [ RunTime:0.002000s ]
INFO: [ app_begin ] --END-- [ RunTime:0.003000s ]
NOTIC: [8] Undefined index: url D:\wamp\www\fang\application\Common\Controller\AppframeController.class.php 第 44 行.

[ 2016-06-16T08:34:57+08:00 ] 127.0.0.1 /fang/user/index/is_login.html
INFO: [ app_begin ] --START--
INFO: Run Behavior\ReadHtmlCacheBehavior [ RunTime:0.001000s ]
INFO: Run Behavior\CheckLangBehavior [ RunTime:0.002000s ]
INFO: [ app_begin ] --END-- [ RunTime:0.003000s ]
NOTIC: [8] Undefined index: url D:\wamp\www\fang\application\Common\Controller\AppframeController.class.php 第 44 行.

[ 2016-06-16T08:35:00+08:00 ] 127.0.0.1 /fang/user/index/is_login.html
INFO: [ app_begin ] --START--
INFO: Run Behavior\ReadHtmlCacheBehavior [ RunTime:0.001000s ]
INFO: Run Behavior\CheckLangBehavior [ RunTime:0.001000s ]
INFO: [ app_begin ] --END-- [ RunTime:0.002000s ]
NOTIC: [8] Undefined index: url D:\wamp\www\fang\application\Common\Controller\AppframeController.class.php 第 44 行.

[ 2016-06-16T08:35:01+08:00 ] 127.0.0.1 /fang/user/index/is_login.html
INFO: [ app_begin ] --START--
INFO: Run Behavior\ReadHtmlCacheBehavior [ RunTime:0.001000s ]
INFO: Run Behavior\CheckLangBehavior [ RunTime:0.001000s ]
INFO: [ app_begin ] --END-- [ RunTime:0.002000s ]
NOTIC: [8] Undefined index: url D:\wamp\www\fang\application\Common\Controller\AppframeController.class.php 第 44 行.

[ 2016-06-16T08:35:02+08:00 ] 127.0.0.1 /fang/user/index/is_login.html
INFO: [ app_begin ] --START--
INFO: Run Behavior\ReadHtmlCacheBehavior [ RunTime:0.001000s ]
INFO: Run Behavior\CheckLangBehavior [ RunTime:0.003000s ]
INFO: [ app_begin ] --END-- [ RunTime:0.005000s ]
NOTIC: [8] Undefined index: url D:\wamp\www\fang\application\Common\Controller\AppframeController.class.php 第 44 行.

[ 2016-06-16T08:35:03+08:00 ] 127.0.0.1 /fang/user/index/is_login.html
INFO: [ app_begin ] --START--
INFO: Run Behavior\ReadHtmlCacheBehavior [ RunTime:0.001000s ]
INFO: Run Behavior\CheckLangBehavior [ RunTime:0.001000s ]
INFO: [ app_begin ] --END-- [ RunTime:0.003000s ]
NOTIC: [8] Undefined index: url D:\wamp\www\fang\application\Common\Controller\AppframeController.class.php 第 44 行.

[ 2016-06-16T08:35:04+08:00 ] 127.0.0.1 /fang/user/index/is_login.html
INFO: [ app_begin ] --START--
INFO: Run Behavior\ReadHtmlCacheBehavior [ RunTime:0.001000s ]
INFO: Run Behavior\CheckLangBehavior [ RunTime:0.001000s ]
INFO: [ app_begin ] --END-- [ RunTime:0.003000s ]
NOTIC: [8] Undefined index: url D:\wamp\www\fang\application\Common\Controller\AppframeController.class.php 第 44 行.

[ 2016-06-16T08:35:05+08:00 ] 127.0.0.1 /fang/user/index/is_login.html
INFO: [ app_begin ] --START--
INFO: Run Behavior\ReadHtmlCacheBehavior [ RunTime:0.000000s ]
INFO: Run Behavior\CheckLangBehavior [ RunTime:0.001000s ]
INFO: [ app_begin ] --END-- [ RunTime:0.002000s ]
NOTIC: [8] Undefined index: url D:\wamp\www\fang\application\Common\Controller\AppframeController.class.php 第 44 行.

[ 2016-06-16T08:35:06+08:00 ] 127.0.0.1 /fang/user/index/is_login.html
INFO: [ app_begin ] --START--
INFO: Run Behavior\ReadHtmlCacheBehavior [ RunTime:0.001000s ]
INFO: Run Behavior\CheckLangBehavior [ RunTime:0.001000s ]
INFO: [ app_begin ] --END-- [ RunTime:0.002000s ]
NOTIC: [8] Undefined index: url D:\wamp\www\fang\application\Common\Controller\AppframeController.class.php 第 44 行.

[ 2016-06-16T08:35:07+08:00 ] 127.0.0.1 /fang/user/index/is_login.html
INFO: [ app_begin ] --START--
INFO: Run Behavior\ReadHtmlCacheBehavior [ RunTime:0.001000s ]
INFO: Run Behavior\CheckLangBehavior [ RunTime:0.001000s ]
INFO: [ app_begin ] --END-- [ RunTime:0.002000s ]
NOTIC: [8] Undefined index: url D:\wamp\www\fang\application\Common\Controller\AppframeController.class.php 第 44 行.

[ 2016-06-16T08:35:08+08:00 ] 127.0.0.1 /fang/user/index/is_login.html
INFO: [ app_begin ] --START--
INFO: Run Behavior\ReadHtmlCacheBehavior [ RunTime:0.000000s ]
INFO: Run Behavior\CheckLangBehavior [ RunTime:0.001000s ]
INFO: [ app_begin ] --END-- [ RunTime:0.003000s ]
NOTIC: [8] Undefined index: url D:\wamp\www\fang\application\Common\Controller\AppframeController.class.php 第 44 行.

[ 2016-06-16T08:35:09+08:00 ] 127.0.0.1 /fang/user/index/is_login.html
INFO: [ app_begin ] --START--
INFO: Run Behavior\ReadHtmlCacheBehavior [ RunTime:0.001000s ]
INFO: Run Behavior\CheckLangBehavior [ RunTime:0.002000s ]
INFO: [ app_begin ] --END-- [ RunTime:0.005000s ]
NOTIC: [8] Undefined index: url D:\wamp\www\fang\application\Common\Controller\AppframeController.class.php 第 44 行.

[ 2016-06-16T08:35:10+08:00 ] 127.0.0.1 /fang/user/index/is_login.html
INFO: [ app_begin ] --START--
INFO: Run Behavior\ReadHtmlCacheBehavior [ RunTime:0.000000s ]
INFO: Run Behavior\CheckLangBehavior [ RunTime:0.001001s ]
INFO: [ app_begin ] --END-- [ RunTime:0.003001s ]
NOTIC: [8] Undefined index: url D:\wamp\www\fang\application\Common\Controller\AppframeController.class.php 第 44 行.

[ 2016-06-16T08:35:11+08:00 ] 127.0.0.1 /fang/user/index/is_login.html
INFO: [ app_begin ] --START--
INFO: Run Behavior\ReadHtmlCacheBehavior [ RunTime:0.001000s ]
INFO: Run Behavior\CheckLangBehavior [ RunTime:0.001001s ]
INFO: [ app_begin ] --END-- [ RunTime:0.002001s ]
NOTIC: [8] Undefined index: url D:\wamp\www\fang\application\Common\Controller\AppframeController.class.php 第 44 行.

[ 2016-06-16T08:35:11+08:00 ] 127.0.0.1 /fang/user/index/is_login.html
INFO: [ app_begin ] --START--
INFO: Run Behavior\ReadHtmlCacheBehavior [ RunTime:0.001001s ]
INFO: Run Behavior\CheckLangBehavior [ RunTime:0.001000s ]
INFO: [ app_begin ] --END-- [ RunTime:0.002001s ]
NOTIC: [8] Undefined index: url D:\wamp\www\fang\application\Common\Controller\AppframeController.class.php 第 44 行.

[ 2016-06-16T08:35:12+08:00 ] 127.0.0.1 /fang/user/index/is_login.html
INFO: [ app_begin ] --START--
INFO: Run Behavior\ReadHtmlCacheBehavior [ RunTime:0.001000s ]
INFO: Run Behavior\CheckLangBehavior [ RunTime:0.002000s ]
INFO: [ app_begin ] --END-- [ RunTime:0.004000s ]
NOTIC: [8] Undefined index: url D:\wamp\www\fang\application\Common\Controller\AppframeController.class.php 第 44 行.

[ 2016-06-16T08:35:13+08:00 ] 127.0.0.1 /fang/user/index/is_login.html
INFO: [ app_begin ] --START--
INFO: Run Behavior\ReadHtmlCacheBehavior [ RunTime:0.001001s ]
INFO: Run Behavior\CheckLangBehavior [ RunTime:0.001000s ]
INFO: [ app_begin ] --END-- [ RunTime:0.002001s ]
NOTIC: [8] Undefined index: url D:\wamp\www\fang\application\Common\Controller\AppframeController.class.php 第 44 行.

[ 2016-06-16T08:35:13+08:00 ] 127.0.0.1 /fang/user/index/is_login.html
INFO: [ app_begin ] --START--
INFO: Run Behavior\ReadHtmlCacheBehavior [ RunTime:0.001000s ]
INFO: Run Behavior\CheckLangBehavior [ RunTime:0.001000s ]
INFO: [ app_begin ] --END-- [ RunTime:0.002000s ]
NOTIC: [8] Undefined index: url D:\wamp\www\fang\application\Common\Controller\AppframeController.class.php 第 44 行.

[ 2016-06-16T08:35:14+08:00 ] 127.0.0.1 /fang/user/index/is_login.html
INFO: [ app_begin ] --START--
INFO: Run Behavior\ReadHtmlCacheBehavior [ RunTime:0.000000s ]
INFO: Run Behavior\CheckLangBehavior [ RunTime:0.001000s ]
INFO: [ app_begin ] --END-- [ RunTime:0.002000s ]
NOTIC: [8] Undefined index: url D:\wamp\www\fang\application\Common\Controller\AppframeController.class.php 第 44 行.

[ 2016-06-16T08:35:14+08:00 ] 127.0.0.1 /fang/user/index/is_login.html
INFO: [ app_begin ] --START--
INFO: Run Behavior\ReadHtmlCacheBehavior [ RunTime:0.001000s ]
INFO: Run Behavior\CheckLangBehavior [ RunTime:0.001000s ]
INFO: [ app_begin ] --END-- [ RunTime:0.003000s ]
NOTIC: [8] Undefined index: url D:\wamp\www\fang\application\Common\Controller\AppframeController.class.php 第 44 行.

[ 2016-06-16T08:35:15+08:00 ] 127.0.0.1 /fang/user/index/is_login.html
INFO: [ app_begin ] --START--
INFO: Run Behavior\ReadHtmlCacheBehavior [ RunTime:0.000000s ]
INFO: Run Behavior\CheckLangBehavior [ RunTime:0.001000s ]
INFO: [ app_begin ] --END-- [ RunTime:0.002000s ]
NOTIC: [8] Undefined index: url D:\wamp\www\fang\application\Common\Controller\AppframeController.class.php 第 44 行.

[ 2016-06-16T08:35:15+08:00 ] 127.0.0.1 /fang/user/index/is_login.html
INFO: [ app_begin ] --START--
INFO: Run Behavior\ReadHtmlCacheBehavior [ RunTime:0.001000s ]
INFO: Run Behavior\CheckLangBehavior [ RunTime:0.001000s ]
INFO: [ app_begin ] --END-- [ RunTime:0.002000s ]
NOTIC: [8] Undefined index: url D:\wamp\www\fang\application\Common\Controller\AppframeController.class.php 第 44 行.

[ 2016-06-16T08:35:16+08:00 ] 127.0.0.1 /fang/user/index/is_login.html
INFO: [ app_begin ] --START--
INFO: Run Behavior\ReadHtmlCacheBehavior [ RunTime:0.001000s ]
INFO: Run Behavior\CheckLangBehavior [ RunTime:0.002000s ]
INFO: [ app_begin ] --END-- [ RunTime:0.003000s ]
NOTIC: [8] Undefined index: url D:\wamp\www\fang\application\Common\Controller\AppframeController.class.php 第 44 行.

[ 2016-06-16T08:35:16+08:00 ] 127.0.0.1 /fang/user/index/is_login.html
INFO: [ app_begin ] --START--
INFO: Run Behavior\ReadHtmlCacheBehavior [ RunTime:0.000000s ]
INFO: Run Behavior\CheckLangBehavior [ RunTime:0.001000s ]
INFO: [ app_begin ] --END-- [ RunTime:0.003000s ]
NOTIC: [8] Undefined index: url D:\wamp\www\fang\application\Common\Controller\AppframeController.class.php 第 44 行.

[ 2016-06-16T08:35:16+08:00 ] 127.0.0.1 /fang/user/index/is_login.html
INFO: [ app_begin ] --START--
INFO: Run Behavior\ReadHtmlCacheBehavior [ RunTime:0.000000s ]
INFO: Run Behavior\CheckLangBehavior [ RunTime:0.001000s ]
INFO: [ app_begin ] --END-- [ RunTime:0.003000s ]
NOTIC: [8] Undefined index: url D:\wamp\www\fang\application\Common\Controller\AppframeController.class.php 第 44 行.

[ 2016-06-16T08:35:17+08:00 ] 127.0.0.1 /fang/user/index/is_login.html
INFO: [ app_begin ] --START--
INFO: Run Behavior\ReadHtmlCacheBehavior [ RunTime:0.001000s ]
INFO: Run Behavior\CheckLangBehavior [ RunTime:0.002000s ]
INFO: [ app_begin ] --END-- [ RunTime:0.003000s ]
NOTIC: [8] Undefined index: url D:\wamp\www\fang\application\Common\Controller\AppframeController.class.php 第 44 行.

[ 2016-06-16T08:35:17+08:00 ] 127.0.0.1 /fang/user/index/is_login.html
INFO: [ app_begin ] --START--
INFO: Run Behavior\ReadHtmlCacheBehavior [ RunTime:0.001000s ]
INFO: Run Behavior\CheckLangBehavior [ RunTime:0.002000s ]
INFO: [ app_begin ] --END-- [ RunTime:0.004000s ]
NOTIC: [8] Undefined index: url D:\wamp\www\fang\application\Common\Controller\AppframeController.class.php 第 44 行.

[ 2016-06-16T08:35:18+08:00 ] 127.0.0.1 /fang/user/index/is_login.html
INFO: [ app_begin ] --START--
INFO: Run Behavior\ReadHtmlCacheBehavior [ RunTime:0.000000s ]
INFO: Run Behavior\CheckLangBehavior [ RunTime:0.002000s ]
INFO: [ app_begin ] --END-- [ RunTime:0.003000s ]
NOTIC: [8] Undefined index: url D:\wamp\www\fang\application\Common\Controller\AppframeController.class.php 第 44 行.

[ 2016-06-16T08:35:19+08:00 ] 127.0.0.1 /fang/user/index/is_login.html
INFO: [ app_begin ] --START--
INFO: Run Behavior\ReadHtmlCacheBehavior [ RunTime:0.000000s ]
INFO: Run Behavior\CheckLangBehavior [ RunTime:0.002000s ]
INFO: [ app_begin ] --END-- [ RunTime:0.003000s ]
NOTIC: [8] Undefined index: url D:\wamp\www\fang\application\Common\Controller\AppframeController.class.php 第 44 行.

[ 2016-06-16T08:35:20+08:00 ] 127.0.0.1 /fang/user/index/is_login.html
INFO: [ app_begin ] --START--
INFO: Run Behavior\ReadHtmlCacheBehavior [ RunTime:0.001000s ]
INFO: Run Behavior\CheckLangBehavior [ RunTime:0.001000s ]
INFO: [ app_begin ] --END-- [ RunTime:0.002000s ]
NOTIC: [8] Undefined index: url D:\wamp\www\fang\application\Common\Controller\AppframeController.class.php 第 44 行.

[ 2016-06-16T08:35:21+08:00 ] 127.0.0.1 /fang/user/index/is_login.html
INFO: [ app_begin ] --START--
INFO: Run Behavior\ReadHtmlCacheBehavior [ RunTime:0.002000s ]
INFO: Run Behavior\CheckLangBehavior [ RunTime:0.001000s ]
INFO: [ app_begin ] --END-- [ RunTime:0.003000s ]
NOTIC: [8] Undefined index: url D:\wamp\www\fang\application\Common\Controller\AppframeController.class.php 第 44 行.

[ 2016-06-16T08:35:24+08:00 ] 127.0.0.1 /fang/user/index/is_login.html
INFO: [ app_begin ] --START--
INFO: Run Behavior\ReadHtmlCacheBehavior [ RunTime:0.000000s ]
INFO: Run Behavior\CheckLangBehavior [ RunTime:0.001000s ]
INFO: [ app_begin ] --END-- [ RunTime:0.003001s ]
NOTIC: [8] Undefined index: url D:\wamp\www\fang\application\Common\Controller\AppframeController.class.php 第 44 行.

[ 2016-06-16T08:35:25+08:00 ] 127.0.0.1 /fang/user/index/is_login.html
INFO: [ app_begin ] --START--
INFO: Run Behavior\ReadHtmlCacheBehavior [ RunTime:0.001000s ]
INFO: Run Behavior\CheckLangBehavior [ RunTime:0.001000s ]
INFO: [ app_begin ] --END-- [ RunTime:0.002000s ]
NOTIC: [8] Undefined index: url D:\wamp\www\fang\application\Common\Controller\AppframeController.class.php 第 44 行.

[ 2016-06-16T08:35:25+08:00 ] 127.0.0.1 /fang/user/index/is_login.html
INFO: [ app_begin ] --START--
INFO: Run Behavior\ReadHtmlCacheBehavior [ RunTime:0.001000s ]
INFO: Run Behavior\CheckLangBehavior [ RunTime:0.001000s ]
INFO: [ app_begin ] --END-- [ RunTime:0.002000s ]
NOTIC: [8] Undefined index: url D:\wamp\www\fang\application\Common\Controller\AppframeController.class.php 第 44 行.

[ 2016-06-16T08:35:26+08:00 ] 127.0.0.1 /fang/user/index/is_login.html
INFO: [ app_begin ] --START--
INFO: Run Behavior\ReadHtmlCacheBehavior [ RunTime:0.000000s ]
INFO: Run Behavior\CheckLangBehavior [ RunTime:0.001000s ]
INFO: [ app_begin ] --END-- [ RunTime:0.003000s ]
NOTIC: [8] Undefined index: url D:\wamp\www\fang\application\Common\Controller\AppframeController.class.php 第 44 行.

[ 2016-06-16T08:35:26+08:00 ] 127.0.0.1 /fang/user/index/is_login.html
INFO: [ app_begin ] --START--
INFO: Run Behavior\ReadHtmlCacheBehavior [ RunTime:0.001000s ]
INFO: Run Behavior\CheckLangBehavior [ RunTime:0.001000s ]
INFO: [ app_begin ] --END-- [ RunTime:0.002000s ]
NOTIC: [8] Undefined index: url D:\wamp\www\fang\application\Common\Controller\AppframeController.class.php 第 44 行.

[ 2016-06-16T08:35:27+08:00 ] 127.0.0.1 /fang/user/index/is_login.html
INFO: [ app_begin ] --START--
INFO: Run Behavior\ReadHtmlCacheBehavior [ RunTime:0.001000s ]
INFO: Run Behavior\CheckLangBehavior [ RunTime:0.002000s ]
INFO: [ app_begin ] --END-- [ RunTime:0.003000s ]
NOTIC: [8] Undefined index: url D:\wamp\www\fang\application\Common\Controller\AppframeController.class.php 第 44 行.

[ 2016-06-16T08:35:27+08:00 ] 127.0.0.1 /fang/user/index/is_login.html
INFO: [ app_begin ] --START--
INFO: Run Behavior\ReadHtmlCacheBehavior [ RunTime:0.001000s ]
INFO: Run Behavior\CheckLangBehavior [ RunTime:0.002000s ]
INFO: [ app_begin ] --END-- [ RunTime:0.004000s ]
NOTIC: [8] Undefined index: url D:\wamp\www\fang\application\Common\Controller\AppframeController.class.php 第 44 行.

[ 2016-06-16T08:35:28+08:00 ] 127.0.0.1 /fang/user/index/is_login.html
INFO: [ app_begin ] --START--
INFO: Run Behavior\ReadHtmlCacheBehavior [ RunTime:0.000000s ]
INFO: Run Behavior\CheckLangBehavior [ RunTime:0.001000s ]
INFO: [ app_begin ] --END-- [ RunTime:0.003000s ]
NOTIC: [8] Undefined index: url D:\wamp\www\fang\application\Common\Controller\AppframeController.class.php 第 44 行.

[ 2016-06-16T08:35:28+08:00 ] 127.0.0.1 /fang/user/index/is_login.html
INFO: [ app_begin ] --START--
INFO: Run Behavior\ReadHtmlCacheBehavior [ RunTime:0.001000s ]
INFO: Run Behavior\CheckLangBehavior [ RunTime:0.002000s ]
INFO: [ app_begin ] --END-- [ RunTime:0.003000s ]
NOTIC: [8] Undefined index: url D:\wamp\www\fang\application\Common\Controller\AppframeController.class.php 第 44 行.

[ 2016-06-16T08:35:28+08:00 ] 127.0.0.1 /fang/user/index/is_login.html
INFO: [ app_begin ] --START--
INFO: Run Behavior\ReadHtmlCacheBehavior [ RunTime:0.001000s ]
INFO: Run Behavior\CheckLangBehavior [ RunTime:0.002000s ]
INFO: [ app_begin ] --END-- [ RunTime:0.003000s ]
NOTIC: [8] Undefined index: url D:\wamp\www\fang\application\Common\Controller\AppframeController.class.php 第 44 行.

[ 2016-06-16T08:35:29+08:00 ] 127.0.0.1 /fang/user/index/is_login.html
INFO: [ app_begin ] --START--
INFO: Run Behavior\ReadHtmlCacheBehavior [ RunTime:0.000000s ]
INFO: Run Behavior\CheckLangBehavior [ RunTime:0.001000s ]
INFO: [ app_begin ] --END-- [ RunTime:0.002000s ]
NOTIC: [8] Undefined index: url D:\wamp\www\fang\application\Common\Controller\AppframeController.class.php 第 44 行.

[ 2016-06-16T08:35:29+08:00 ] 127.0.0.1 /fang/user/index/is_login.html
INFO: [ app_begin ] --START--
INFO: Run Behavior\ReadHtmlCacheBehavior [ RunTime:0.001000s ]
INFO: Run Behavior\CheckLangBehavior [ RunTime:0.001000s ]
INFO: [ app_begin ] --END-- [ RunTime:0.003000s ]
NOTIC: [8] Undefined index: url D:\wamp\www\fang\application\Common\Controller\AppframeController.class.php 第 44 行.

[ 2016-06-16T08:35:30+08:00 ] 127.0.0.1 /fang/user/index/is_login.html
INFO: [ app_begin ] --START--
INFO: Run Behavior\ReadHtmlCacheBehavior [ RunTime:0.001000s ]
INFO: Run Behavior\CheckLangBehavior [ RunTime:0.001000s ]
INFO: [ app_begin ] --END-- [ RunTime:0.003000s ]
NOTIC: [8] Undefined index: url D:\wamp\www\fang\application\Common\Controller\AppframeController.class.php 第 44 行.

[ 2016-06-16T08:35:31+08:00 ] 127.0.0.1 /fang/user/index/is_login.html
INFO: [ app_begin ] --START--
INFO: Run Behavior\ReadHtmlCacheBehavior [ RunTime:0.001000s ]
INFO: Run Behavior\CheckLangBehavior [ RunTime:0.001000s ]
INFO: [ app_begin ] --END-- [ RunTime:0.002000s ]
NOTIC: [8] Undefined index: url D:\wamp\www\fang\application\Common\Controller\AppframeController.class.php 第 44 行.

[ 2016-06-16T08:35:31+08:00 ] 127.0.0.1 /fang/user/index/is_login.html
INFO: [ app_begin ] --START--
INFO: Run Behavior\ReadHtmlCacheBehavior [ RunTime:0.001000s ]
INFO: Run Behavior\CheckLangBehavior [ RunTime:0.001000s ]
INFO: [ app_begin ] --END-- [ RunTime:0.002000s ]
NOTIC: [8] Undefined index: url D:\wamp\www\fang\application\Common\Controller\AppframeController.class.php 第 44 行.

[ 2016-06-16T08:35:31+08:00 ] 127.0.0.1 /fang/user/index/is_login.html
INFO: [ app_begin ] --START--
INFO: Run Behavior\ReadHtmlCacheBehavior [ RunTime:0.001000s ]
INFO: Run Behavior\CheckLangBehavior [ RunTime:0.001000s ]
INFO: [ app_begin ] --END-- [ RunTime:0.002000s ]
NOTIC: [8] Undefined index: url D:\wamp\www\fang\application\Common\Controller\AppframeController.class.php 第 44 行.

[ 2016-06-16T08:35:32+08:00 ] 127.0.0.1 /fang/user/index/is_login.html
INFO: [ app_begin ] --START--
INFO: Run Behavior\ReadHtmlCacheBehavior [ RunTime:0.001000s ]
INFO: Run Behavior\CheckLangBehavior [ RunTime:0.001000s ]
INFO: [ app_begin ] --END-- [ RunTime:0.002000s ]
NOTIC: [8] Undefined index: url D:\wamp\www\fang\application\Common\Controller\AppframeController.class.php 第 44 行.

[ 2016-06-16T08:35:32+08:00 ] 127.0.0.1 /fang/user/index/is_login.html
INFO: [ app_begin ] --START--
INFO: Run Behavior\ReadHtmlCacheBehavior [ RunTime:0.000000s ]
INFO: Run Behavior\CheckLangBehavior [ RunTime:0.001000s ]
INFO: [ app_begin ] --END-- [ RunTime:0.003000s ]
NOTIC: [8] Undefined index: url D:\wamp\www\fang\application\Common\Controller\AppframeController.class.php 第 44 行.

[ 2016-06-16T08:35:33+08:00 ] 127.0.0.1 /fang/user/index/is_login.html
INFO: [ app_begin ] --START--
INFO: Run Behavior\ReadHtmlCacheBehavior [ RunTime:0.001000s ]
INFO: Run Behavior\CheckLangBehavior [ RunTime:0.001001s ]
INFO: [ app_begin ] --END-- [ RunTime:0.002001s ]
NOTIC: [8] Undefined index: url D:\wamp\www\fang\application\Common\Controller\AppframeController.class.php 第 44 行.

[ 2016-06-16T08:35:34+08:00 ] 127.0.0.1 /fang/user/index/is_login.html
INFO: [ app_begin ] --START--
INFO: Run Behavior\ReadHtmlCacheBehavior [ RunTime:0.001000s ]
INFO: Run Behavior\CheckLangBehavior [ RunTime:0.001000s ]
INFO: [ app_begin ] --END-- [ RunTime:0.003000s ]
NOTIC: [8] Undefined index: url D:\wamp\www\fang\application\Common\Controller\AppframeController.class.php 第 44 行.

[ 2016-06-16T08:35:34+08:00 ] 127.0.0.1 /fang/user/index/is_login.html
INFO: [ app_begin ] --START--
INFO: Run Behavior\ReadHtmlCacheBehavior [ RunTime:0.001000s ]
INFO: Run Behavior\CheckLangBehavior [ RunTime:0.001000s ]
INFO: [ app_begin ] --END-- [ RunTime:0.002000s ]
NOTIC: [8] Undefined index: url D:\wamp\www\fang\application\Common\Controller\AppframeController.class.php 第 44 行.

[ 2016-06-16T08:35:35+08:00 ] 127.0.0.1 /fang/user/index/is_login.html
INFO: [ app_begin ] --START--
INFO: Run Behavior\ReadHtmlCacheBehavior [ RunTime:0.001000s ]
INFO: Run Behavior\CheckLangBehavior [ RunTime:0.001000s ]
INFO: [ app_begin ] --END-- [ RunTime:0.002000s ]
NOTIC: [8] Undefined index: url D:\wamp\www\fang\application\Common\Controller\AppframeController.class.php 第 44 行.

[ 2016-06-16T08:35:35+08:00 ] 127.0.0.1 /fang/user/index/is_login.html
INFO: [ app_begin ] --START--
INFO: Run Behavior\ReadHtmlCacheBehavior [ RunTime:0.001000s ]
INFO: Run Behavior\CheckLangBehavior [ RunTime:0.001000s ]
INFO: [ app_begin ] --END-- [ RunTime:0.002000s ]
NOTIC: [8] Undefined index: url D:\wamp\www\fang\application\Common\Controller\AppframeController.class.php 第 44 行.

[ 2016-06-16T08:35:36+08:00 ] 127.0.0.1 /fang/user/index/is_login.html
INFO: [ app_begin ] --START--
INFO: Run Behavior\ReadHtmlCacheBehavior [ RunTime:0.000000s ]
INFO: Run Behavior\CheckLangBehavior [ RunTime:0.001000s ]
INFO: [ app_begin ] --END-- [ RunTime:0.002000s ]
NOTIC: [8] Undefined index: url D:\wamp\www\fang\application\Common\Controller\AppframeController.class.php 第 44 行.

[ 2016-06-16T08:35:37+08:00 ] 127.0.0.1 /fang/user/index/is_login.html
INFO: [ app_begin ] --START--
INFO: Run Behavior\ReadHtmlCacheBehavior [ RunTime:0.001000s ]
INFO: Run Behavior\CheckLangBehavior [ RunTime:0.001000s ]
INFO: [ app_begin ] --END-- [ RunTime:0.003000s ]
NOTIC: [8] Undefined index: url D:\wamp\www\fang\application\Common\Controller\AppframeController.class.php 第 44 行.

[ 2016-06-16T08:35:37+08:00 ] 127.0.0.1 /fang/user/index/is_login.html
INFO: [ app_begin ] --START--
INFO: Run Behavior\ReadHtmlCacheBehavior [ RunTime:0.001001s ]
INFO: Run Behavior\CheckLangBehavior [ RunTime:0.002000s ]
INFO: [ app_begin ] --END-- [ RunTime:0.003001s ]
NOTIC: [8] Undefined index: url D:\wamp\www\fang\application\Common\Controller\AppframeController.class.php 第 44 行.

[ 2016-06-16T08:35:38+08:00 ] 127.0.0.1 /fang/user/index/is_login.html
INFO: [ app_begin ] --START--
INFO: Run Behavior\ReadHtmlCacheBehavior [ RunTime:0.001000s ]
INFO: Run Behavior\CheckLangBehavior [ RunTime:0.001000s ]
INFO: [ app_begin ] --END-- [ RunTime:0.003000s ]
NOTIC: [8] Undefined index: url D:\wamp\www\fang\application\Common\Controller\AppframeController.class.php 第 44 行.

[ 2016-06-16T08:35:38+08:00 ] 127.0.0.1 /fang/user/index/is_login.html
INFO: [ app_begin ] --START--
INFO: Run Behavior\ReadHtmlCacheBehavior [ RunTime:0.001000s ]
INFO: Run Behavior\CheckLangBehavior [ RunTime:0.001000s ]
INFO: [ app_begin ] --END-- [ RunTime:0.002000s ]
NOTIC: [8] Undefined index: url D:\wamp\www\fang\application\Common\Controller\AppframeController.class.php 第 44 行.

[ 2016-06-16T08:35:39+08:00 ] 127.0.0.1 /fang/user/index/is_login.html
INFO: [ app_begin ] --START--
INFO: Run Behavior\ReadHtmlCacheBehavior [ RunTime:0.001000s ]
INFO: Run Behavior\CheckLangBehavior [ RunTime:0.001001s ]
INFO: [ app_begin ] --END-- [ RunTime:0.002001s ]
NOTIC: [8] Undefined index: url D:\wamp\www\fang\application\Common\Controller\AppframeController.class.php 第 44 行.

[ 2016-06-16T08:35:40+08:00 ] 127.0.0.1 /fang/user/index/is_login.html
INFO: [ app_begin ] --START--
INFO: Run Behavior\ReadHtmlCacheBehavior [ RunTime:0.001000s ]
INFO: Run Behavior\CheckLangBehavior [ RunTime:0.001000s ]
INFO: [ app_begin ] --END-- [ RunTime:0.002000s ]
NOTIC: [8] Undefined index: url D:\wamp\www\fang\application\Common\Controller\AppframeController.class.php 第 44 行.

[ 2016-06-16T08:35:41+08:00 ] 127.0.0.1 /fang/user/index/is_login.html
INFO: [ app_begin ] --START--
INFO: Run Behavior\ReadHtmlCacheBehavior [ RunTime:0.001000s ]
INFO: Run Behavior\CheckLangBehavior [ RunTime:0.001000s ]
INFO: [ app_begin ] --END-- [ RunTime:0.003000s ]
NOTIC: [8] Undefined index: url D:\wamp\www\fang\application\Common\Controller\AppframeController.class.php 第 44 行.

[ 2016-06-16T08:35:41+08:00 ] 127.0.0.1 /fang/user/index/is_login.html
INFO: [ app_begin ] --START--
INFO: Run Behavior\ReadHtmlCacheBehavior [ RunTime:0.001000s ]
INFO: Run Behavior\CheckLangBehavior [ RunTime:0.002000s ]
INFO: [ app_begin ] --END-- [ RunTime:0.004000s ]
NOTIC: [8] Undefined index: url D:\wamp\www\fang\application\Common\Controller\AppframeController.class.php 第 44 行.

[ 2016-06-16T08:35:42+08:00 ] 127.0.0.1 /fang/user/index/is_login.html
INFO: [ app_begin ] --START--
INFO: Run Behavior\ReadHtmlCacheBehavior [ RunTime:0.000000s ]
INFO: Run Behavior\CheckLangBehavior [ RunTime:0.002000s ]
INFO: [ app_begin ] --END-- [ RunTime:0.003000s ]
NOTIC: [8] Undefined index: url D:\wamp\www\fang\application\Common\Controller\AppframeController.class.php 第 44 行.

[ 2016-06-16T08:35:42+08:00 ] 127.0.0.1 /fang/user/index/is_login.html
INFO: [ app_begin ] --START--
INFO: Run Behavior\ReadHtmlCacheBehavior [ RunTime:0.001000s ]
INFO: Run Behavior\CheckLangBehavior [ RunTime:0.002001s ]
INFO: [ app_begin ] --END-- [ RunTime:0.003001s ]
NOTIC: [8] Undefined index: url D:\wamp\www\fang\application\Common\Controller\AppframeController.class.php 第 44 行.

[ 2016-06-16T08:35:43+08:00 ] 127.0.0.1 /fang/user/index/is_login.html
INFO: [ app_begin ] --START--
INFO: Run Behavior\ReadHtmlCacheBehavior [ RunTime:0.001000s ]
INFO: Run Behavior\CheckLangBehavior [ RunTime:0.001001s ]
INFO: [ app_begin ] --END-- [ RunTime:0.002001s ]
NOTIC: [8] Undefined index: url D:\wamp\www\fang\application\Common\Controller\AppframeController.class.php 第 44 行.

[ 2016-06-16T08:35:43+08:00 ] 127.0.0.1 /fang/user/index/is_login.html
INFO: [ app_begin ] --START--
INFO: Run Behavior\ReadHtmlCacheBehavior [ RunTime:0.001000s ]
INFO: Run Behavior\CheckLangBehavior [ RunTime:0.001000s ]
INFO: [ app_begin ] --END-- [ RunTime:0.002000s ]
NOTIC: [8] Undefined index: url D:\wamp\www\fang\application\Common\Controller\AppframeController.class.php 第 44 行.

[ 2016-06-16T08:35:44+08:00 ] 127.0.0.1 /fang/user/index/is_login.html
INFO: [ app_begin ] --START--
INFO: Run Behavior\ReadHtmlCacheBehavior [ RunTime:0.001001s ]
INFO: Run Behavior\CheckLangBehavior [ RunTime:0.001000s ]
INFO: [ app_begin ] --END-- [ RunTime:0.002001s ]
NOTIC: [8] Undefined index: url D:\wamp\www\fang\application\Common\Controller\AppframeController.class.php 第 44 行.

[ 2016-06-16T08:35:45+08:00 ] 127.0.0.1 /fang/user/index/is_login.html
INFO: [ app_begin ] --START--
INFO: Run Behavior\ReadHtmlCacheBehavior [ RunTime:0.001000s ]
INFO: Run Behavior\CheckLangBehavior [ RunTime:0.002000s ]
INFO: [ app_begin ] --END-- [ RunTime:0.005000s ]
NOTIC: [8] Undefined index: url D:\wamp\www\fang\application\Common\Controller\AppframeController.class.php 第 44 行.

[ 2016-06-16T08:35:46+08:00 ] 127.0.0.1 /fang/user/index/is_login.html
INFO: [ app_begin ] --START--
INFO: Run Behavior\ReadHtmlCacheBehavior [ RunTime:0.001000s ]
INFO: Run Behavior\CheckLangBehavior [ RunTime:0.001000s ]
INFO: [ app_begin ] --END-- [ RunTime:0.002000s ]
NOTIC: [8] Undefined index: url D:\wamp\www\fang\application\Common\Controller\AppframeController.class.php 第 44 行.

[ 2016-06-16T08:35:46+08:00 ] 127.0.0.1 /fang/user/index/is_login.html
INFO: [ app_begin ] --START--
INFO: Run Behavior\ReadHtmlCacheBehavior [ RunTime:0.000000s ]
INFO: Run Behavior\CheckLangBehavior [ RunTime:0.002000s ]
INFO: [ app_begin ] --END-- [ RunTime:0.003000s ]
NOTIC: [8] Undefined index: url D:\wamp\www\fang\application\Common\Controller\AppframeController.class.php 第 44 行.

[ 2016-06-16T08:35:47+08:00 ] 127.0.0.1 /fang/user/index/is_login.html
INFO: [ app_begin ] --START--
INFO: Run Behavior\ReadHtmlCacheBehavior [ RunTime:0.001000s ]
INFO: Run Behavior\CheckLangBehavior [ RunTime:0.001000s ]
INFO: [ app_begin ] --END-- [ RunTime:0.002000s ]
NOTIC: [8] Undefined index: url D:\wamp\www\fang\application\Common\Controller\AppframeController.class.php 第 44 行.

[ 2016-06-16T08:35:48+08:00 ] 127.0.0.1 /fang/user/index/is_login.html
INFO: [ app_begin ] --START--
INFO: Run Behavior\ReadHtmlCacheBehavior [ RunTime:0.000000s ]
INFO: Run Behavior\CheckLangBehavior [ RunTime:0.001000s ]
INFO: [ app_begin ] --END-- [ RunTime:0.002000s ]
NOTIC: [8] Undefined index: url D:\wamp\www\fang\application\Common\Controller\AppframeController.class.php 第 44 行.

[ 2016-06-16T08:35:48+08:00 ] 127.0.0.1 /fang/user/index/is_login.html
INFO: [ app_begin ] --START--
INFO: Run Behavior\ReadHtmlCacheBehavior [ RunTime:0.001000s ]
INFO: Run Behavior\CheckLangBehavior [ RunTime:0.001000s ]
INFO: [ app_begin ] --END-- [ RunTime:0.002000s ]
NOTIC: [8] Undefined index: url D:\wamp\www\fang\application\Common\Controller\AppframeController.class.php 第 44 行.

[ 2016-06-16T08:35:49+08:00 ] 127.0.0.1 /fang/user/index/is_login.html
INFO: [ app_begin ] --START--
INFO: Run Behavior\ReadHtmlCacheBehavior [ RunTime:0.001001s ]
INFO: Run Behavior\CheckLangBehavior [ RunTime:0.001000s ]
INFO: [ app_begin ] --END-- [ RunTime:0.002001s ]
NOTIC: [8] Undefined index: url D:\wamp\www\fang\application\Common\Controller\AppframeController.class.php 第 44 行.

[ 2016-06-16T08:35:50+08:00 ] 127.0.0.1 /fang/user/index/is_login.html
INFO: [ app_begin ] --START--
INFO: Run Behavior\ReadHtmlCacheBehavior [ RunTime:0.001000s ]
INFO: Run Behavior\CheckLangBehavior [ RunTime:0.001000s ]
INFO: [ app_begin ] --END-- [ RunTime:0.002000s ]
NOTIC: [8] Undefined index: url D:\wamp\www\fang\application\Common\Controller\AppframeController.class.php 第 44 行.

[ 2016-06-16T08:35:50+08:00 ] 127.0.0.1 /fang/user/index/is_login.html
INFO: [ app_begin ] --START--
INFO: Run Behavior\ReadHtmlCacheBehavior [ RunTime:0.000000s ]
INFO: Run Behavior\CheckLangBehavior [ RunTime:0.002000s ]
INFO: [ app_begin ] --END-- [ RunTime:0.004001s ]
NOTIC: [8] Undefined index: url D:\wamp\www\fang\application\Common\Controller\AppframeController.class.php 第 44 行.

[ 2016-06-16T08:35:51+08:00 ] 127.0.0.1 /fang/user/index/is_login.html
INFO: [ app_begin ] --START--
INFO: Run Behavior\ReadHtmlCacheBehavior [ RunTime:0.001000s ]
INFO: Run Behavior\CheckLangBehavior [ RunTime:0.001000s ]
INFO: [ app_begin ] --END-- [ RunTime:0.003000s ]
NOTIC: [8] Undefined index: url D:\wamp\www\fang\application\Common\Controller\AppframeController.class.php 第 44 行.

[ 2016-06-16T08:35:52+08:00 ] 127.0.0.1 /fang/user/index/is_login.html
INFO: [ app_begin ] --START--
INFO: Run Behavior\ReadHtmlCacheBehavior [ RunTime:0.001000s ]
INFO: Run Behavior\CheckLangBehavior [ RunTime:0.001000s ]
INFO: [ app_begin ] --END-- [ RunTime:0.002000s ]
NOTIC: [8] Undefined index: url D:\wamp\www\fang\application\Common\Controller\AppframeController.class.php 第 44 行.

[ 2016-06-16T08:35:52+08:00 ] 127.0.0.1 /fang/user/index/is_login.html
INFO: [ app_begin ] --START--
INFO: Run Behavior\ReadHtmlCacheBehavior [ RunTime:0.000000s ]
INFO: Run Behavior\CheckLangBehavior [ RunTime:0.001000s ]
INFO: [ app_begin ] --END-- [ RunTime:0.003001s ]
NOTIC: [8] Undefined index: url D:\wamp\www\fang\application\Common\Controller\AppframeController.class.php 第 44 行.

[ 2016-06-16T08:35:53+08:00 ] 127.0.0.1 /fang/user/index/is_login.html
INFO: [ app_begin ] --START--
INFO: Run Behavior\ReadHtmlCacheBehavior [ RunTime:0.001000s ]
INFO: Run Behavior\CheckLangBehavior [ RunTime:0.001000s ]
INFO: [ app_begin ] --END-- [ RunTime:0.003000s ]
NOTIC: [8] Undefined index: url D:\wamp\www\fang\application\Common\Controller\AppframeController.class.php 第 44 行.

[ 2016-06-16T08:35:53+08:00 ] 127.0.0.1 /fang/user/index/is_login.html
INFO: [ app_begin ] --START--
INFO: Run Behavior\ReadHtmlCacheBehavior [ RunTime:0.001000s ]
INFO: Run Behavior\CheckLangBehavior [ RunTime:0.001000s ]
INFO: [ app_begin ] --END-- [ RunTime:0.002000s ]
NOTIC: [8] Undefined index: url D:\wamp\www\fang\application\Common\Controller\AppframeController.class.php 第 44 行.

[ 2016-06-16T08:35:54+08:00 ] 127.0.0.1 /fang/user/index/is_login.html
INFO: [ app_begin ] --START--
INFO: Run Behavior\ReadHtmlCacheBehavior [ RunTime:0.001000s ]
INFO: Run Behavior\CheckLangBehavior [ RunTime:0.001000s ]
INFO: [ app_begin ] --END-- [ RunTime:0.002000s ]
NOTIC: [8] Undefined index: url D:\wamp\www\fang\application\Common\Controller\AppframeController.class.php 第 44 行.

[ 2016-06-16T08:35:55+08:00 ] 127.0.0.1 /fang/user/index/is_login.html
INFO: [ app_begin ] --START--
INFO: Run Behavior\ReadHtmlCacheBehavior [ RunTime:0.001000s ]
INFO: Run Behavior\CheckLangBehavior [ RunTime:0.001000s ]
INFO: [ app_begin ] --END-- [ RunTime:0.002000s ]
NOTIC: [8] Undefined index: url D:\wamp\www\fang\application\Common\Controller\AppframeController.class.php 第 44 行.

[ 2016-06-16T08:35:55+08:00 ] 127.0.0.1 /fang/user/index/is_login.html
INFO: [ app_begin ] --START--
INFO: Run Behavior\ReadHtmlCacheBehavior [ RunTime:0.001000s ]
INFO: Run Behavior\CheckLangBehavior [ RunTime:0.001000s ]
INFO: [ app_begin ] --END-- [ RunTime:0.003000s ]
NOTIC: [8] Undefined index: url D:\wamp\www\fang\application\Common\Controller\AppframeController.class.php 第 44 行.

[ 2016-06-16T08:35:56+08:00 ] 127.0.0.1 /fang/user/index/is_login.html
INFO: [ app_begin ] --START--
INFO: Run Behavior\ReadHtmlCacheBehavior [ RunTime:0.001000s ]
INFO: Run Behavior\CheckLangBehavior [ RunTime:0.001000s ]
INFO: [ app_begin ] --END-- [ RunTime:0.002000s ]
NOTIC: [8] Undefined index: url D:\wamp\www\fang\application\Common\Controller\AppframeController.class.php 第 44 行.

[ 2016-06-16T08:36:21+08:00 ] 127.0.0.1 /fang/user/index/is_login.html
INFO: [ app_begin ] --START--
INFO: Run Behavior\ReadHtmlCacheBehavior [ RunTime:0.000000s ]
INFO: Run Behavior\CheckLangBehavior [ RunTime:0.001000s ]
INFO: [ app_begin ] --END-- [ RunTime:0.003000s ]
NOTIC: [8] Undefined index: url D:\wamp\www\fang\application\Common\Controller\AppframeController.class.php 第 44 行.

[ 2016-06-16T08:36:23+08:00 ] 127.0.0.1 /fang/user/index/is_login.html
INFO: [ app_begin ] --START--
INFO: Run Behavior\ReadHtmlCacheBehavior [ RunTime:0.001000s ]
INFO: Run Behavior\CheckLangBehavior [ RunTime:0.001000s ]
INFO: [ app_begin ] --END-- [ RunTime:0.003000s ]
NOTIC: [8] Undefined index: url D:\wamp\www\fang\application\Common\Controller\AppframeController.class.php 第 44 行.

[ 2016-06-16T08:36:23+08:00 ] 127.0.0.1 /fang/user/index/is_login.html
INFO: [ app_begin ] --START--
INFO: Run Behavior\ReadHtmlCacheBehavior [ RunTime:0.001000s ]
INFO: Run Behavior\CheckLangBehavior [ RunTime:0.001000s ]
INFO: [ app_begin ] --END-- [ RunTime:0.003000s ]
NOTIC: [8] Undefined index: url D:\wamp\www\fang\application\Common\Controller\AppframeController.class.php 第 44 行.

[ 2016-06-16T08:36:24+08:00 ] 127.0.0.1 /fang/user/index/is_login.html
INFO: [ app_begin ] --START--
INFO: Run Behavior\ReadHtmlCacheBehavior [ RunTime:0.000000s ]
INFO: Run Behavior\CheckLangBehavior [ RunTime:0.001000s ]
INFO: [ app_begin ] --END-- [ RunTime:0.002000s ]
NOTIC: [8] Undefined index: url D:\wamp\www\fang\application\Common\Controller\AppframeController.class.php 第 44 行.

[ 2016-06-16T08:36:24+08:00 ] 127.0.0.1 /fang/user/index/is_login.html
INFO: [ app_begin ] --START--
INFO: Run Behavior\ReadHtmlCacheBehavior [ RunTime:0.001000s ]
INFO: Run Behavior\CheckLangBehavior [ RunTime:0.001000s ]
INFO: [ app_begin ] --END-- [ RunTime:0.003000s ]
NOTIC: [8] Undefined index: url D:\wamp\www\fang\application\Common\Controller\AppframeController.class.php 第 44 行.

[ 2016-06-16T08:36:25+08:00 ] 127.0.0.1 /fang/user/index/is_login.html
INFO: [ app_begin ] --START--
INFO: Run Behavior\ReadHtmlCacheBehavior [ RunTime:0.001000s ]
INFO: Run Behavior\CheckLangBehavior [ RunTime:0.001001s ]
INFO: [ app_begin ] --END-- [ RunTime:0.002001s ]
NOTIC: [8] Undefined index: url D:\wamp\www\fang\application\Common\Controller\AppframeController.class.php 第 44 行.

[ 2016-06-16T08:36:26+08:00 ] 127.0.0.1 /fang/user/index/is_login.html
INFO: [ app_begin ] --START--
INFO: Run Behavior\ReadHtmlCacheBehavior [ RunTime:0.000000s ]
INFO: Run Behavior\CheckLangBehavior [ RunTime:0.002000s ]
INFO: [ app_begin ] --END-- [ RunTime:0.003000s ]
NOTIC: [8] Undefined index: url D:\wamp\www\fang\application\Common\Controller\AppframeController.class.php 第 44 行.

[ 2016-06-16T08:36:27+08:00 ] 127.0.0.1 /fang/user/index/is_login.html
INFO: [ app_begin ] --START--
INFO: Run Behavior\ReadHtmlCacheBehavior [ RunTime:0.001000s ]
INFO: Run Behavior\CheckLangBehavior [ RunTime:0.001000s ]
INFO: [ app_begin ] --END-- [ RunTime:0.003001s ]
NOTIC: [8] Undefined index: url D:\wamp\www\fang\application\Common\Controller\AppframeController.class.php 第 44 行.

[ 2016-06-16T08:36:27+08:00 ] 127.0.0.1 /fang/user/index/is_login.html
INFO: [ app_begin ] --START--
INFO: Run Behavior\ReadHtmlCacheBehavior [ RunTime:0.001000s ]
INFO: Run Behavior\CheckLangBehavior [ RunTime:0.001000s ]
INFO: [ app_begin ] --END-- [ RunTime:0.004000s ]
NOTIC: [8] Undefined index: url D:\wamp\www\fang\application\Common\Controller\AppframeController.class.php 第 44 行.

[ 2016-06-16T08:36:28+08:00 ] 127.0.0.1 /fang/user/index/is_login.html
INFO: [ app_begin ] --START--
INFO: Run Behavior\ReadHtmlCacheBehavior [ RunTime:0.001000s ]
INFO: Run Behavior\CheckLangBehavior [ RunTime:0.001000s ]
INFO: [ app_begin ] --END-- [ RunTime:0.002000s ]
NOTIC: [8] Undefined index: url D:\wamp\www\fang\application\Common\Controller\AppframeController.class.php 第 44 行.

[ 2016-06-16T08:36:29+08:00 ] 127.0.0.1 /fang/user/index/is_login.html
INFO: [ app_begin ] --START--
INFO: Run Behavior\ReadHtmlCacheBehavior [ RunTime:0.001001s ]
INFO: Run Behavior\CheckLangBehavior [ RunTime:0.002000s ]
INFO: [ app_begin ] --END-- [ RunTime:0.003001s ]
NOTIC: [8] Undefined index: url D:\wamp\www\fang\application\Common\Controller\AppframeController.class.php 第 44 行.

[ 2016-06-16T08:36:30+08:00 ] 127.0.0.1 /fang/user/index/is_login.html
INFO: [ app_begin ] --START--
INFO: Run Behavior\ReadHtmlCacheBehavior [ RunTime:0.001000s ]
INFO: Run Behavior\CheckLangBehavior [ RunTime:0.002000s ]
INFO: [ app_begin ] --END-- [ RunTime:0.003000s ]
NOTIC: [8] Undefined index: url D:\wamp\www\fang\application\Common\Controller\AppframeController.class.php 第 44 行.

[ 2016-06-16T08:36:31+08:00 ] 127.0.0.1 /fang/user/index/is_login.html
INFO: [ app_begin ] --START--
INFO: Run Behavior\ReadHtmlCacheBehavior [ RunTime:0.000000s ]
INFO: Run Behavior\CheckLangBehavior [ RunTime:0.001000s ]
INFO: [ app_begin ] --END-- [ RunTime:0.003000s ]
NOTIC: [8] Undefined index: url D:\wamp\www\fang\application\Common\Controller\AppframeController.class.php 第 44 行.

[ 2016-06-16T08:36:32+08:00 ] 127.0.0.1 /fang/user/index/is_login.html
INFO: [ app_begin ] --START--
INFO: Run Behavior\ReadHtmlCacheBehavior [ RunTime:0.001000s ]
INFO: Run Behavior\CheckLangBehavior [ RunTime:0.002000s ]
INFO: [ app_begin ] --END-- [ RunTime:0.003000s ]
NOTIC: [8] Undefined index: url D:\wamp\www\fang\application\Common\Controller\AppframeController.class.php 第 44 行.

[ 2016-06-16T08:36:32+08:00 ] 127.0.0.1 /fang/user/index/is_login.html
INFO: [ app_begin ] --START--
INFO: Run Behavior\ReadHtmlCacheBehavior [ RunTime:0.000000s ]
INFO: Run Behavior\CheckLangBehavior [ RunTime:0.002000s ]
INFO: [ app_begin ] --END-- [ RunTime:0.003000s ]
NOTIC: [8] Undefined index: url D:\wamp\www\fang\application\Common\Controller\AppframeController.class.php 第 44 行.

[ 2016-06-16T08:36:33+08:00 ] 127.0.0.1 /fang/user/index/is_login.html
INFO: [ app_begin ] --START--
INFO: Run Behavior\ReadHtmlCacheBehavior [ RunTime:0.001000s ]
INFO: Run Behavior\CheckLangBehavior [ RunTime:0.001000s ]
INFO: [ app_begin ] --END-- [ RunTime:0.003000s ]
NOTIC: [8] Undefined index: url D:\wamp\www\fang\application\Common\Controller\AppframeController.class.php 第 44 行.

[ 2016-06-16T08:36:33+08:00 ] 127.0.0.1 /fang/user/index/is_login.html
INFO: [ app_begin ] --START--
INFO: Run Behavior\ReadHtmlCacheBehavior [ RunTime:0.000000s ]
INFO: Run Behavior\CheckLangBehavior [ RunTime:0.001000s ]
INFO: [ app_begin ] --END-- [ RunTime:0.003000s ]
NOTIC: [8] Undefined index: url D:\wamp\www\fang\application\Common\Controller\AppframeController.class.php 第 44 行.

[ 2016-06-16T08:36:34+08:00 ] 127.0.0.1 /fang/user/index/is_login.html
INFO: [ app_begin ] --START--
INFO: Run Behavior\ReadHtmlCacheBehavior [ RunTime:0.001000s ]
INFO: Run Behavior\CheckLangBehavior [ RunTime:0.002000s ]
INFO: [ app_begin ] --END-- [ RunTime:0.003000s ]
NOTIC: [8] Undefined index: url D:\wamp\www\fang\application\Common\Controller\AppframeController.class.php 第 44 行.

[ 2016-06-16T08:36:35+08:00 ] 127.0.0.1 /fang/user/index/is_login.html
INFO: [ app_begin ] --START--
INFO: Run Behavior\ReadHtmlCacheBehavior [ RunTime:0.001000s ]
INFO: Run Behavior\CheckLangBehavior [ RunTime:0.002000s ]
INFO: [ app_begin ] --END-- [ RunTime:0.003000s ]
NOTIC: [8] Undefined index: url D:\wamp\www\fang\application\Common\Controller\AppframeController.class.php 第 44 行.

[ 2016-06-16T08:36:35+08:00 ] 127.0.0.1 /fang/user/index/is_login.html
INFO: [ app_begin ] --START--
INFO: Run Behavior\ReadHtmlCacheBehavior [ RunTime:0.000000s ]
INFO: Run Behavior\CheckLangBehavior [ RunTime:0.002000s ]
INFO: [ app_begin ] --END-- [ RunTime:0.003000s ]
NOTIC: [8] Undefined index: url D:\wamp\www\fang\application\Common\Controller\AppframeController.class.php 第 44 行.

[ 2016-06-16T08:36:36+08:00 ] 127.0.0.1 /fang/user/index/is_login.html
INFO: [ app_begin ] --START--
INFO: Run Behavior\ReadHtmlCacheBehavior [ RunTime:0.001000s ]
INFO: Run Behavior\CheckLangBehavior [ RunTime:0.001000s ]
INFO: [ app_begin ] --END-- [ RunTime:0.002000s ]
NOTIC: [8] Undefined index: url D:\wamp\www\fang\application\Common\Controller\AppframeController.class.php 第 44 行.

[ 2016-06-16T08:36:36+08:00 ] 127.0.0.1 /fang/user/index/is_login.html
INFO: [ app_begin ] --START--
INFO: Run Behavior\ReadHtmlCacheBehavior [ RunTime:0.002000s ]
INFO: Run Behavior\CheckLangBehavior [ RunTime:0.001000s ]
INFO: [ app_begin ] --END-- [ RunTime:0.004000s ]
NOTIC: [8] Undefined index: url D:\wamp\www\fang\application\Common\Controller\AppframeController.class.php 第 44 行.

[ 2016-06-16T08:36:37+08:00 ] 127.0.0.1 /fang/user/index/is_login.html
INFO: [ app_begin ] --START--
INFO: Run Behavior\ReadHtmlCacheBehavior [ RunTime:0.000000s ]
INFO: Run Behavior\CheckLangBehavior [ RunTime:0.002000s ]
INFO: [ app_begin ] --END-- [ RunTime:0.003000s ]
NOTIC: [8] Undefined index: url D:\wamp\www\fang\application\Common\Controller\AppframeController.class.php 第 44 行.

[ 2016-06-16T08:36:48+08:00 ] 127.0.0.1 /fang/user/index/is_login.html
INFO: [ app_begin ] --START--
INFO: Run Behavior\ReadHtmlCacheBehavior [ RunTime:0.002000s ]
INFO: Run Behavior\CheckLangBehavior [ RunTime:0.001000s ]
INFO: [ app_begin ] --END-- [ RunTime:0.005000s ]
NOTIC: [8] Undefined index: url D:\wamp\www\fang\application\Common\Controller\AppframeController.class.php 第 44 行.

[ 2016-06-16T08:36:50+08:00 ] 127.0.0.1 /fang/user/index/is_login.html
INFO: [ app_begin ] --START--
INFO: Run Behavior\ReadHtmlCacheBehavior [ RunTime:0.001000s ]
INFO: Run Behavior\CheckLangBehavior [ RunTime:0.001000s ]
INFO: [ app_begin ] --END-- [ RunTime:0.002000s ]
NOTIC: [8] Undefined index: url D:\wamp\www\fang\application\Common\Controller\AppframeController.class.php 第 44 行.

[ 2016-06-16T08:36:52+08:00 ] 127.0.0.1 /fang/user/index/is_login.html
INFO: [ app_begin ] --START--
INFO: Run Behavior\ReadHtmlCacheBehavior [ RunTime:0.001000s ]
INFO: Run Behavior\CheckLangBehavior [ RunTime:0.001000s ]
INFO: [ app_begin ] --END-- [ RunTime:0.002000s ]
NOTIC: [8] Undefined index: url D:\wamp\www\fang\application\Common\Controller\AppframeController.class.php 第 44 行.

[ 2016-06-16T08:36:54+08:00 ] 127.0.0.1 /fang/user/index/is_login.html
INFO: [ app_begin ] --START--
INFO: Run Behavior\ReadHtmlCacheBehavior [ RunTime:0.001000s ]
INFO: Run Behavior\CheckLangBehavior [ RunTime:0.001000s ]
INFO: [ app_begin ] --END-- [ RunTime:0.002000s ]
NOTIC: [8] Undefined index: url D:\wamp\www\fang\application\Common\Controller\AppframeController.class.php 第 44 行.

[ 2016-06-16T08:36:55+08:00 ] 127.0.0.1 /fang/user/index/is_login.html
INFO: [ app_begin ] --START--
INFO: Run Behavior\ReadHtmlCacheBehavior [ RunTime:0.001000s ]
INFO: Run Behavior\CheckLangBehavior [ RunTime:0.001000s ]
INFO: [ app_begin ] --END-- [ RunTime:0.003000s ]
NOTIC: [8] Undefined index: url D:\wamp\www\fang\application\Common\Controller\AppframeController.class.php 第 44 行.

[ 2016-06-16T08:36:56+08:00 ] 127.0.0.1 /fang/user/index/is_login.html
INFO: [ app_begin ] --START--
INFO: Run Behavior\ReadHtmlCacheBehavior [ RunTime:0.001000s ]
INFO: Run Behavior\CheckLangBehavior [ RunTime:0.001000s ]
INFO: [ app_begin ] --END-- [ RunTime:0.002000s ]
NOTIC: [8] Undefined index: url D:\wamp\www\fang\application\Common\Controller\AppframeController.class.php 第 44 行.

[ 2016-06-16T08:36:58+08:00 ] 127.0.0.1 /fang/user/index/is_login.html
INFO: [ app_begin ] --START--
INFO: Run Behavior\ReadHtmlCacheBehavior [ RunTime:0.001000s ]
INFO: Run Behavior\CheckLangBehavior [ RunTime:0.001000s ]
INFO: [ app_begin ] --END-- [ RunTime:0.003000s ]
NOTIC: [8] Undefined index: url D:\wamp\www\fang\application\Common\Controller\AppframeController.class.php 第 44 行.

[ 2016-06-16T08:36:59+08:00 ] 127.0.0.1 /fang/user/index/is_login.html
INFO: [ app_begin ] --START--
INFO: Run Behavior\ReadHtmlCacheBehavior [ RunTime:0.001000s ]
INFO: Run Behavior\CheckLangBehavior [ RunTime:0.001000s ]
INFO: [ app_begin ] --END-- [ RunTime:0.002000s ]
NOTIC: [8] Undefined index: url D:\wamp\www\fang\application\Common\Controller\AppframeController.class.php 第 44 行.

[ 2016-06-16T08:37:00+08:00 ] 127.0.0.1 /fang/user/index/is_login.html
INFO: [ app_begin ] --START--
INFO: Run Behavior\ReadHtmlCacheBehavior [ RunTime:0.001000s ]
INFO: Run Behavior\CheckLangBehavior [ RunTime:0.001000s ]
INFO: [ app_begin ] --END-- [ RunTime:0.003000s ]
NOTIC: [8] Undefined index: url D:\wamp\www\fang\application\Common\Controller\AppframeController.class.php 第 44 行.

[ 2016-06-16T08:37:02+08:00 ] 127.0.0.1 /fang/user/index/is_login.html
INFO: [ app_begin ] --START--
INFO: Run Behavior\ReadHtmlCacheBehavior [ RunTime:0.001000s ]
INFO: Run Behavior\CheckLangBehavior [ RunTime:0.001000s ]
INFO: [ app_begin ] --END-- [ RunTime:0.002000s ]
NOTIC: [8] Undefined index: url D:\wamp\www\fang\application\Common\Controller\AppframeController.class.php 第 44 行.

[ 2016-06-16T08:37:03+08:00 ] 127.0.0.1 /fang/user/index/is_login.html
INFO: [ app_begin ] --START--
INFO: Run Behavior\ReadHtmlCacheBehavior [ RunTime:0.001000s ]
INFO: Run Behavior\CheckLangBehavior [ RunTime:0.002000s ]
INFO: [ app_begin ] --END-- [ RunTime:0.003000s ]
NOTIC: [8] Undefined index: url D:\wamp\www\fang\application\Common\Controller\AppframeController.class.php 第 44 行.

[ 2016-06-16T08:37:05+08:00 ] 127.0.0.1 /fang/user/index/is_login.html
INFO: [ app_begin ] --START--
INFO: Run Behavior\ReadHtmlCacheBehavior [ RunTime:0.001000s ]
INFO: Run Behavior\CheckLangBehavior [ RunTime:0.002000s ]
INFO: [ app_begin ] --END-- [ RunTime:0.003000s ]
NOTIC: [8] Undefined index: url D:\wamp\www\fang\application\Common\Controller\AppframeController.class.php 第 44 行.

[ 2016-06-16T09:36:39+08:00 ] 127.0.0.1 /fang/user/index/is_login.html
INFO: [ app_begin ] --START--
INFO: Run Behavior\ReadHtmlCacheBehavior [ RunTime:0.000000s ]
INFO: Run Behavior\CheckLangBehavior [ RunTime:0.002000s ]
INFO: [ app_begin ] --END-- [ RunTime:0.003000s ]
NOTIC: [8] Undefined index: url D:\wamp\www\fang\application\Common\Controller\AppframeController.class.php 第 44 行.

[ 2016-06-16T09:36:42+08:00 ] 127.0.0.1 /fang/user/index/is_login.html
INFO: [ app_begin ] --START--
INFO: Run Behavior\ReadHtmlCacheBehavior [ RunTime:0.000000s ]
INFO: Run Behavior\CheckLangBehavior [ RunTime:0.001000s ]
INFO: [ app_begin ] --END-- [ RunTime:0.002000s ]
NOTIC: [8] Undefined index: url D:\wamp\www\fang\application\Common\Controller\AppframeController.class.php 第 44 行.

[ 2016-06-16T09:36:44+08:00 ] 127.0.0.1 /fang/user/index/is_login.html
INFO: [ app_begin ] --START--
INFO: Run Behavior\ReadHtmlCacheBehavior [ RunTime:0.001000s ]
INFO: Run Behavior\CheckLangBehavior [ RunTime:0.002000s ]
INFO: [ app_begin ] --END-- [ RunTime:0.004000s ]
NOTIC: [8] Undefined index: url D:\wamp\www\fang\application\Common\Controller\AppframeController.class.php 第 44 行.

[ 2016-06-16T09:36:45+08:00 ] 127.0.0.1 /fang/user/index/is_login.html
INFO: [ app_begin ] --START--
INFO: Run Behavior\ReadHtmlCacheBehavior [ RunTime:0.000000s ]
INFO: Run Behavior\CheckLangBehavior [ RunTime:0.001000s ]
INFO: [ app_begin ] --END-- [ RunTime:0.003000s ]
NOTIC: [8] Undefined index: url D:\wamp\www\fang\application\Common\Controller\AppframeController.class.php 第 44 行.

[ 2016-06-16T09:36:46+08:00 ] 127.0.0.1 /fang/user/index/is_login.html
INFO: [ app_begin ] --START--
INFO: Run Behavior\ReadHtmlCacheBehavior [ RunTime:0.001000s ]
INFO: Run Behavior\CheckLangBehavior [ RunTime:0.002000s ]
INFO: [ app_begin ] --END-- [ RunTime:0.003000s ]
NOTIC: [8] Undefined index: url D:\wamp\www\fang\application\Common\Controller\AppframeController.class.php 第 44 行.

[ 2016-06-16T09:36:46+08:00 ] 127.0.0.1 /fang/user/index/is_login.html
INFO: [ app_begin ] --START--
INFO: Run Behavior\ReadHtmlCacheBehavior [ RunTime:0.001000s ]
INFO: Run Behavior\CheckLangBehavior [ RunTime:0.002000s ]
INFO: [ app_begin ] --END-- [ RunTime:0.003000s ]
NOTIC: [8] Undefined index: url D:\wamp\www\fang\application\Common\Controller\AppframeController.class.php 第 44 行.

[ 2016-06-16T09:36:47+08:00 ] 127.0.0.1 /fang/user/index/is_login.html
INFO: [ app_begin ] --START--
INFO: Run Behavior\ReadHtmlCacheBehavior [ RunTime:0.001000s ]
INFO: Run Behavior\CheckLangBehavior [ RunTime:0.001000s ]
INFO: [ app_begin ] --END-- [ RunTime:0.002000s ]
NOTIC: [8] Undefined index: url D:\wamp\www\fang\application\Common\Controller\AppframeController.class.php 第 44 行.

[ 2016-06-16T09:36:48+08:00 ] 127.0.0.1 /fang/user/index/is_login.html
INFO: [ app_begin ] --START--
INFO: Run Behavior\ReadHtmlCacheBehavior [ RunTime:0.001000s ]
INFO: Run Behavior\CheckLangBehavior [ RunTime:0.002000s ]
INFO: [ app_begin ] --END-- [ RunTime:0.003000s ]
NOTIC: [8] Undefined index: url D:\wamp\www\fang\application\Common\Controller\AppframeController.class.php 第 44 行.

[ 2016-06-16T09:36:48+08:00 ] 127.0.0.1 /fang/user/index/is_login.html
INFO: [ app_begin ] --START--
INFO: Run Behavior\ReadHtmlCacheBehavior [ RunTime:0.001000s ]
INFO: Run Behavior\CheckLangBehavior [ RunTime:0.001000s ]
INFO: [ app_begin ] --END-- [ RunTime:0.003000s ]
NOTIC: [8] Undefined index: url D:\wamp\www\fang\application\Common\Controller\AppframeController.class.php 第 44 行.

[ 2016-06-16T09:36:49+08:00 ] 127.0.0.1 /fang/user/index/is_login.html
INFO: [ app_begin ] --START--
INFO: Run Behavior\ReadHtmlCacheBehavior [ RunTime:0.000000s ]
INFO: Run Behavior\CheckLangBehavior [ RunTime:0.001001s ]
INFO: [ app_begin ] --END-- [ RunTime:0.003001s ]
NOTIC: [8] Undefined index: url D:\wamp\www\fang\application\Common\Controller\AppframeController.class.php 第 44 行.

[ 2016-06-16T09:38:01+08:00 ] 127.0.0.1 /fang/user/index/is_login.html
INFO: [ app_begin ] --START--
INFO: Run Behavior\ReadHtmlCacheBehavior [ RunTime:0.002000s ]
INFO: Run Behavior\CheckLangBehavior [ RunTime:0.001000s ]
INFO: [ app_begin ] --END-- [ RunTime:0.004000s ]
NOTIC: [8] Undefined index: url D:\wamp\www\fang\application\Common\Controller\AppframeController.class.php 第 44 行.

[ 2016-06-16T09:38:04+08:00 ] 127.0.0.1 /fang/user/index/is_login.html
INFO: [ app_begin ] --START--
INFO: Run Behavior\ReadHtmlCacheBehavior [ RunTime:0.001000s ]
INFO: Run Behavior\CheckLangBehavior [ RunTime:0.003000s ]
INFO: [ app_begin ] --END-- [ RunTime:0.006000s ]
NOTIC: [8] Undefined index: url D:\wamp\www\fang\application\Common\Controller\AppframeController.class.php 第 44 行.

[ 2016-06-16T09:38:05+08:00 ] 127.0.0.1 /fang/user/index/is_login.html
INFO: [ app_begin ] --START--
INFO: Run Behavior\ReadHtmlCacheBehavior [ RunTime:0.001000s ]
INFO: Run Behavior\CheckLangBehavior [ RunTime:0.001000s ]
INFO: [ app_begin ] --END-- [ RunTime:0.002000s ]
NOTIC: [8] Undefined index: url D:\wamp\www\fang\application\Common\Controller\AppframeController.class.php 第 44 行.

[ 2016-06-16T09:38:07+08:00 ] 127.0.0.1 /fang/user/index/is_login.html
INFO: [ app_begin ] --START--
INFO: Run Behavior\ReadHtmlCacheBehavior [ RunTime:0.000000s ]
INFO: Run Behavior\CheckLangBehavior [ RunTime:0.002000s ]
INFO: [ app_begin ] --END-- [ RunTime:0.003000s ]
NOTIC: [8] Undefined index: url D:\wamp\www\fang\application\Common\Controller\AppframeController.class.php 第 44 行.

[ 2016-06-16T09:38:11+08:00 ] 127.0.0.1 /fang/user/index/is_login.html
INFO: [ app_begin ] --START--
INFO: Run Behavior\ReadHtmlCacheBehavior [ RunTime:0.001000s ]
INFO: Run Behavior\CheckLangBehavior [ RunTime:0.002000s ]
INFO: [ app_begin ] --END-- [ RunTime:0.004000s ]
NOTIC: [8] Undefined index: url D:\wamp\www\fang\application\Common\Controller\AppframeController.class.php 第 44 行.

[ 2016-06-16T09:38:15+08:00 ] 127.0.0.1 /fang/user/index/is_login.html
INFO: [ app_begin ] --START--
INFO: Run Behavior\ReadHtmlCacheBehavior [ RunTime:0.001000s ]
INFO: Run Behavior\CheckLangBehavior [ RunTime:0.001000s ]
INFO: [ app_begin ] --END-- [ RunTime:0.002000s ]
NOTIC: [8] Undefined index: url D:\wamp\www\fang\application\Common\Controller\AppframeController.class.php 第 44 行.

[ 2016-06-16T09:38:19+08:00 ] 127.0.0.1 /fang/user/index/is_login.html
INFO: [ app_begin ] --START--
INFO: Run Behavior\ReadHtmlCacheBehavior [ RunTime:0.001000s ]
INFO: Run Behavior\CheckLangBehavior [ RunTime:0.002000s ]
INFO: [ app_begin ] --END-- [ RunTime:0.004000s ]
NOTIC: [8] Undefined index: url D:\wamp\www\fang\application\Common\Controller\AppframeController.class.php 第 44 行.

[ 2016-06-16T09:38:40+08:00 ] 127.0.0.1 /fang/user/index/is_login.html
INFO: [ app_begin ] --START--
INFO: Run Behavior\ReadHtmlCacheBehavior [ RunTime:0.001000s ]
INFO: Run Behavior\CheckLangBehavior [ RunTime:0.001000s ]
INFO: [ app_begin ] --END-- [ RunTime:0.002000s ]
NOTIC: [8] Undefined index: url D:\wamp\www\fang\application\Common\Controller\AppframeController.class.php 第 44 行.

[ 2016-06-16T09:38:42+08:00 ] 127.0.0.1 /fang/user/index/is_login.html
INFO: [ app_begin ] --START--
INFO: Run Behavior\ReadHtmlCacheBehavior [ RunTime:0.001000s ]
INFO: Run Behavior\CheckLangBehavior [ RunTime:0.001000s ]
INFO: [ app_begin ] --END-- [ RunTime:0.002000s ]
NOTIC: [8] Undefined index: url D:\wamp\www\fang\application\Common\Controller\AppframeController.class.php 第 44 行.

[ 2016-06-16T09:38:44+08:00 ] 127.0.0.1 /fang/user/index/is_login.html
INFO: [ app_begin ] --START--
INFO: Run Behavior\ReadHtmlCacheBehavior [ RunTime:0.001000s ]
INFO: Run Behavior\CheckLangBehavior [ RunTime:0.002000s ]
INFO: [ app_begin ] --END-- [ RunTime:0.004000s ]
NOTIC: [8] Undefined index: url D:\wamp\www\fang\application\Common\Controller\AppframeController.class.php 第 44 行.

[ 2016-06-16T09:38:44+08:00 ] 127.0.0.1 /fang/user/index/is_login.html
INFO: [ app_begin ] --START--
INFO: Run Behavior\ReadHtmlCacheBehavior [ RunTime:0.000000s ]
INFO: Run Behavior\CheckLangBehavior [ RunTime:0.002000s ]
INFO: [ app_begin ] --END-- [ RunTime:0.003000s ]
NOTIC: [8] Undefined index: url D:\wamp\www\fang\application\Common\Controller\AppframeController.class.php 第 44 行.

[ 2016-06-16T09:38:45+08:00 ] 127.0.0.1 /fang/user/index/is_login.html
INFO: [ app_begin ] --START--
INFO: Run Behavior\ReadHtmlCacheBehavior [ RunTime:0.001000s ]
INFO: Run Behavior\CheckLangBehavior [ RunTime:0.001000s ]
INFO: [ app_begin ] --END-- [ RunTime:0.002000s ]
NOTIC: [8] Undefined index: url D:\wamp\www\fang\application\Common\Controller\AppframeController.class.php 第 44 行.

[ 2016-06-16T09:38:50+08:00 ] 127.0.0.1 /fang/user/index/is_login.html
INFO: [ app_begin ] --START--
INFO: Run Behavior\ReadHtmlCacheBehavior [ RunTime:0.001000s ]
INFO: Run Behavior\CheckLangBehavior [ RunTime:0.002000s ]
INFO: [ app_begin ] --END-- [ RunTime:0.003000s ]
NOTIC: [8] Undefined index: url D:\wamp\www\fang\application\Common\Controller\AppframeController.class.php 第 44 行.

[ 2016-06-16T09:38:51+08:00 ] 127.0.0.1 /fang/user/index/is_login.html
INFO: [ app_begin ] --START--
INFO: Run Behavior\ReadHtmlCacheBehavior [ RunTime:0.000000s ]
INFO: Run Behavior\CheckLangBehavior [ RunTime:0.002000s ]
INFO: [ app_begin ] --END-- [ RunTime:0.003000s ]
NOTIC: [8] Undefined index: url D:\wamp\www\fang\application\Common\Controller\AppframeController.class.php 第 44 行.

[ 2016-06-16T09:38:55+08:00 ] 127.0.0.1 /fang/user/index/is_login.html
INFO: [ app_begin ] --START--
INFO: Run Behavior\ReadHtmlCacheBehavior [ RunTime:0.001000s ]
INFO: Run Behavior\CheckLangBehavior [ RunTime:0.001000s ]
INFO: [ app_begin ] --END-- [ RunTime:0.002000s ]
NOTIC: [8] Undefined index: url D:\wamp\www\fang\application\Common\Controller\AppframeController.class.php 第 44 行.

[ 2016-06-16T09:39:01+08:00 ] 127.0.0.1 /fang/user/index/is_login.html
INFO: [ app_begin ] --START--
INFO: Run Behavior\ReadHtmlCacheBehavior [ RunTime:0.001000s ]
INFO: Run Behavior\CheckLangBehavior [ RunTime:0.001000s ]
INFO: [ app_begin ] --END-- [ RunTime:0.002000s ]
NOTIC: [8] Undefined index: url D:\wamp\www\fang\application\Common\Controller\AppframeController.class.php 第 44 行.

[ 2016-06-16T09:39:07+08:00 ] 127.0.0.1 /fang/user/index/is_login.html
INFO: [ app_begin ] --START--
INFO: Run Behavior\ReadHtmlCacheBehavior [ RunTime:0.001000s ]
INFO: Run Behavior\CheckLangBehavior [ RunTime:0.002000s ]
INFO: [ app_begin ] --END-- [ RunTime:0.003000s ]
NOTIC: [8] Undefined index: url D:\wamp\www\fang\application\Common\Controller\AppframeController.class.php 第 44 行.

[ 2016-06-16T09:39:12+08:00 ] 127.0.0.1 /fang/user/index/is_login.html
INFO: [ app_begin ] --START--
INFO: Run Behavior\ReadHtmlCacheBehavior [ RunTime:0.001000s ]
INFO: Run Behavior\CheckLangBehavior [ RunTime:0.001000s ]
INFO: [ app_begin ] --END-- [ RunTime:0.002000s ]
NOTIC: [8] Undefined index: url D:\wamp\www\fang\application\Common\Controller\AppframeController.class.php 第 44 行.

[ 2016-06-16T09:39:31+08:00 ] 127.0.0.1 /fang/user/index/is_login.html
INFO: [ app_begin ] --START--
INFO: Run Behavior\ReadHtmlCacheBehavior [ RunTime:0.001000s ]
INFO: Run Behavior\CheckLangBehavior [ RunTime:0.002000s ]
INFO: [ app_begin ] --END-- [ RunTime:0.003000s ]
NOTIC: [8] Undefined index: url D:\wamp\www\fang\application\Common\Controller\AppframeController.class.php 第 44 行.

[ 2016-06-16T09:42:36+08:00 ] 127.0.0.1 /fang/user/index/is_login.html
INFO: [ app_begin ] --START--
INFO: Run Behavior\ReadHtmlCacheBehavior [ RunTime:0.001000s ]
INFO: Run Behavior\CheckLangBehavior [ RunTime:0.002000s ]
INFO: [ app_begin ] --END-- [ RunTime:0.003000s ]
NOTIC: [8] Undefined index: url D:\wamp\www\fang\application\Common\Controller\AppframeController.class.php 第 44 行.

[ 2016-06-16T09:43:21+08:00 ] 127.0.0.1 /fang/user/index/is_login.html
INFO: [ app_begin ] --START--
INFO: Run Behavior\ReadHtmlCacheBehavior [ RunTime:0.001001s ]
INFO: Run Behavior\CheckLangBehavior [ RunTime:0.003000s ]
INFO: [ app_begin ] --END-- [ RunTime:0.006001s ]
NOTIC: [8] Undefined index: url D:\wamp\www\fang\application\Common\Controller\AppframeController.class.php 第 44 行.

[ 2016-06-16T09:45:06+08:00 ] 127.0.0.1 /fang/user/index/is_login.html
INFO: [ app_begin ] --START--
INFO: Run Behavior\ReadHtmlCacheBehavior [ RunTime:0.001000s ]
INFO: Run Behavior\CheckLangBehavior [ RunTime:0.002000s ]
INFO: [ app_begin ] --END-- [ RunTime:0.004001s ]
NOTIC: [8] Undefined index: url D:\wamp\www\fang\application\Common\Controller\AppframeController.class.php 第 44 行.

[ 2016-06-16T09:46:56+08:00 ] 127.0.0.1 /fang/user/index/is_login.html
INFO: [ app_begin ] --START--
INFO: Run Behavior\ReadHtmlCacheBehavior [ RunTime:0.001000s ]
INFO: Run Behavior\CheckLangBehavior [ RunTime:0.001000s ]
INFO: [ app_begin ] --END-- [ RunTime:0.003001s ]
NOTIC: [8] Undefined index: url D:\wamp\www\fang\application\Common\Controller\AppframeController.class.php 第 44 行.

[ 2016-06-16T09:46:58+08:00 ] 127.0.0.1 /fang/user/index/is_login.html
INFO: [ app_begin ] --START--
INFO: Run Behavior\ReadHtmlCacheBehavior [ RunTime:0.000000s ]
INFO: Run Behavior\CheckLangBehavior [ RunTime:0.002001s ]
INFO: [ app_begin ] --END-- [ RunTime:0.003001s ]
NOTIC: [8] Undefined index: url D:\wamp\www\fang\application\Common\Controller\AppframeController.class.php 第 44 行.

[ 2016-06-16T09:46:58+08:00 ] 127.0.0.1 /fang/user/index/is_login.html
INFO: [ app_begin ] --START--
INFO: Run Behavior\ReadHtmlCacheBehavior [ RunTime:0.001000s ]
INFO: Run Behavior\CheckLangBehavior [ RunTime:0.001000s ]
INFO: [ app_begin ] --END-- [ RunTime:0.002000s ]
NOTIC: [8] Undefined index: url D:\wamp\www\fang\application\Common\Controller\AppframeController.class.php 第 44 行.

[ 2016-06-16T09:46:59+08:00 ] 127.0.0.1 /fang/user/index/is_login.html
INFO: [ app_begin ] --START--
INFO: Run Behavior\ReadHtmlCacheBehavior [ RunTime:0.000000s ]
INFO: Run Behavior\CheckLangBehavior [ RunTime:0.001000s ]
INFO: [ app_begin ] --END-- [ RunTime:0.003000s ]
NOTIC: [8] Undefined index: url D:\wamp\www\fang\application\Common\Controller\AppframeController.class.php 第 44 行.

[ 2016-06-16T09:47:00+08:00 ] 127.0.0.1 /fang/user/index/is_login.html
INFO: [ app_begin ] --START--
INFO: Run Behavior\ReadHtmlCacheBehavior [ RunTime:0.000000s ]
INFO: Run Behavior\CheckLangBehavior [ RunTime:0.001000s ]
INFO: [ app_begin ] --END-- [ RunTime:0.002001s ]
NOTIC: [8] Undefined index: url D:\wamp\www\fang\application\Common\Controller\AppframeController.class.php 第 44 行.

[ 2016-06-16T09:47:00+08:00 ] 127.0.0.1 /fang/user/index/is_login.html
INFO: [ app_begin ] --START--
INFO: Run Behavior\ReadHtmlCacheBehavior [ RunTime:0.001000s ]
INFO: Run Behavior\CheckLangBehavior [ RunTime:0.002000s ]
INFO: [ app_begin ] --END-- [ RunTime:0.003000s ]
NOTIC: [8] Undefined index: url D:\wamp\www\fang\application\Common\Controller\AppframeController.class.php 第 44 行.

[ 2016-06-16T09:47:01+08:00 ] 127.0.0.1 /fang/user/index/is_login.html
INFO: [ app_begin ] --START--
INFO: Run Behavior\ReadHtmlCacheBehavior [ RunTime:0.000000s ]
INFO: Run Behavior\CheckLangBehavior [ RunTime:0.002000s ]
INFO: [ app_begin ] --END-- [ RunTime:0.004000s ]
NOTIC: [8] Undefined index: url D:\wamp\www\fang\application\Common\Controller\AppframeController.class.php 第 44 行.

[ 2016-06-16T09:47:02+08:00 ] 127.0.0.1 /fang/user/index/is_login.html
INFO: [ app_begin ] --START--
INFO: Run Behavior\ReadHtmlCacheBehavior [ RunTime:0.001000s ]
INFO: Run Behavior\CheckLangBehavior [ RunTime:0.001000s ]
INFO: [ app_begin ] --END-- [ RunTime:0.002000s ]
NOTIC: [8] Undefined index: url D:\wamp\www\fang\application\Common\Controller\AppframeController.class.php 第 44 行.

[ 2016-06-16T09:47:02+08:00 ] 127.0.0.1 /fang/user/index/is_login.html
INFO: [ app_begin ] --START--
INFO: Run Behavior\ReadHtmlCacheBehavior [ RunTime:0.001001s ]
INFO: Run Behavior\CheckLangBehavior [ RunTime:0.001000s ]
INFO: [ app_begin ] --END-- [ RunTime:0.002001s ]
NOTIC: [8] Undefined index: url D:\wamp\www\fang\application\Common\Controller\AppframeController.class.php 第 44 行.

[ 2016-06-16T09:47:03+08:00 ] 127.0.0.1 /fang/user/index/is_login.html
INFO: [ app_begin ] --START--
INFO: Run Behavior\ReadHtmlCacheBehavior [ RunTime:0.001001s ]
INFO: Run Behavior\CheckLangBehavior [ RunTime:0.001000s ]
INFO: [ app_begin ] --END-- [ RunTime:0.002001s ]
NOTIC: [8] Undefined index: url D:\wamp\www\fang\application\Common\Controller\AppframeController.class.php 第 44 行.

[ 2016-06-16T09:47:03+08:00 ] 127.0.0.1 /fang/user/index/is_login.html
INFO: [ app_begin ] --START--
INFO: Run Behavior\ReadHtmlCacheBehavior [ RunTime:0.000000s ]
INFO: Run Behavior\CheckLangBehavior [ RunTime:0.002000s ]
INFO: [ app_begin ] --END-- [ RunTime:0.003000s ]
NOTIC: [8] Undefined index: url D:\wamp\www\fang\application\Common\Controller\AppframeController.class.php 第 44 行.

[ 2016-06-16T09:47:04+08:00 ] 127.0.0.1 /fang/user/index/is_login.html
INFO: [ app_begin ] --START--
INFO: Run Behavior\ReadHtmlCacheBehavior [ RunTime:0.001000s ]
INFO: Run Behavior\CheckLangBehavior [ RunTime:0.001000s ]
INFO: [ app_begin ] --END-- [ RunTime:0.003000s ]
NOTIC: [8] Undefined index: url D:\wamp\www\fang\application\Common\Controller\AppframeController.class.php 第 44 行.

[ 2016-06-16T09:47:05+08:00 ] 127.0.0.1 /fang/user/index/is_login.html
INFO: [ app_begin ] --START--
INFO: Run Behavior\ReadHtmlCacheBehavior [ RunTime:0.001000s ]
INFO: Run Behavior\CheckLangBehavior [ RunTime:0.001000s ]
INFO: [ app_begin ] --END-- [ RunTime:0.003000s ]
NOTIC: [8] Undefined index: url D:\wamp\www\fang\application\Common\Controller\AppframeController.class.php 第 44 行.

[ 2016-06-16T09:47:05+08:00 ] 127.0.0.1 /fang/user/index/is_login.html
INFO: [ app_begin ] --START--
INFO: Run Behavior\ReadHtmlCacheBehavior [ RunTime:0.001000s ]
INFO: Run Behavior\CheckLangBehavior [ RunTime:0.002000s ]
INFO: [ app_begin ] --END-- [ RunTime:0.004000s ]
NOTIC: [8] Undefined index: url D:\wamp\www\fang\application\Common\Controller\AppframeController.class.php 第 44 行.

[ 2016-06-16T09:47:05+08:00 ] 127.0.0.1 /fang/user/index/is_login.html
INFO: [ app_begin ] --START--
INFO: Run Behavior\ReadHtmlCacheBehavior [ RunTime:0.001000s ]
INFO: Run Behavior\CheckLangBehavior [ RunTime:0.002000s ]
INFO: [ app_begin ] --END-- [ RunTime:0.003000s ]
NOTIC: [8] Undefined index: url D:\wamp\www\fang\application\Common\Controller\AppframeController.class.php 第 44 行.

[ 2016-06-16T09:47:06+08:00 ] 127.0.0.1 /fang/user/index/is_login.html
INFO: [ app_begin ] --START--
INFO: Run Behavior\ReadHtmlCacheBehavior [ RunTime:0.000000s ]
INFO: Run Behavior\CheckLangBehavior [ RunTime:0.002000s ]
INFO: [ app_begin ] --END-- [ RunTime:0.003000s ]
NOTIC: [8] Undefined index: url D:\wamp\www\fang\application\Common\Controller\AppframeController.class.php 第 44 行.

[ 2016-06-16T09:47:06+08:00 ] 127.0.0.1 /fang/user/index/is_login.html
INFO: [ app_begin ] --START--
INFO: Run Behavior\ReadHtmlCacheBehavior [ RunTime:0.000000s ]
INFO: Run Behavior\CheckLangBehavior [ RunTime:0.002000s ]
INFO: [ app_begin ] --END-- [ RunTime:0.003000s ]
NOTIC: [8] Undefined index: url D:\wamp\www\fang\application\Common\Controller\AppframeController.class.php 第 44 行.

[ 2016-06-16T09:47:07+08:00 ] 127.0.0.1 /fang/user/index/is_login.html
INFO: [ app_begin ] --START--
INFO: Run Behavior\ReadHtmlCacheBehavior [ RunTime:0.001001s ]
INFO: Run Behavior\CheckLangBehavior [ RunTime:0.001000s ]
INFO: [ app_begin ] --END-- [ RunTime:0.002001s ]
NOTIC: [8] Undefined index: url D:\wamp\www\fang\application\Common\Controller\AppframeController.class.php 第 44 行.

[ 2016-06-16T09:47:07+08:00 ] 127.0.0.1 /fang/user/index/is_login.html
INFO: [ app_begin ] --START--
INFO: Run Behavior\ReadHtmlCacheBehavior [ RunTime:0.000000s ]
INFO: Run Behavior\CheckLangBehavior [ RunTime:0.002000s ]
INFO: [ app_begin ] --END-- [ RunTime:0.003000s ]
NOTIC: [8] Undefined index: url D:\wamp\www\fang\application\Common\Controller\AppframeController.class.php 第 44 行.

[ 2016-06-16T09:47:08+08:00 ] 127.0.0.1 /fang/user/index/is_login.html
INFO: [ app_begin ] --START--
INFO: Run Behavior\ReadHtmlCacheBehavior [ RunTime:0.001000s ]
INFO: Run Behavior\CheckLangBehavior [ RunTime:0.001000s ]
INFO: [ app_begin ] --END-- [ RunTime:0.002000s ]
NOTIC: [8] Undefined index: url D:\wamp\www\fang\application\Common\Controller\AppframeController.class.php 第 44 行.

[ 2016-06-16T09:47:09+08:00 ] 127.0.0.1 /fang/user/index/is_login.html
INFO: [ app_begin ] --START--
INFO: Run Behavior\ReadHtmlCacheBehavior [ RunTime:0.001000s ]
INFO: Run Behavior\CheckLangBehavior [ RunTime:0.001000s ]
INFO: [ app_begin ] --END-- [ RunTime:0.003000s ]
NOTIC: [8] Undefined index: url D:\wamp\www\fang\application\Common\Controller\AppframeController.class.php 第 44 行.

[ 2016-06-16T09:47:10+08:00 ] 127.0.0.1 /fang/user/index/is_login.html
INFO: [ app_begin ] --START--
INFO: Run Behavior\ReadHtmlCacheBehavior [ RunTime:0.002000s ]
INFO: Run Behavior\CheckLangBehavior [ RunTime:0.002000s ]
INFO: [ app_begin ] --END-- [ RunTime:0.004000s ]
NOTIC: [8] Undefined index: url D:\wamp\www\fang\application\Common\Controller\AppframeController.class.php 第 44 行.

[ 2016-06-16T09:47:10+08:00 ] 127.0.0.1 /fang/user/index/is_login.html
INFO: [ app_begin ] --START--
INFO: Run Behavior\ReadHtmlCacheBehavior [ RunTime:0.001000s ]
INFO: Run Behavior\CheckLangBehavior [ RunTime:0.001000s ]
INFO: [ app_begin ] --END-- [ RunTime:0.002000s ]
NOTIC: [8] Undefined index: url D:\wamp\www\fang\application\Common\Controller\AppframeController.class.php 第 44 行.

[ 2016-06-16T09:47:11+08:00 ] 127.0.0.1 /fang/user/index/is_login.html
INFO: [ app_begin ] --START--
INFO: Run Behavior\ReadHtmlCacheBehavior [ RunTime:0.001000s ]
INFO: Run Behavior\CheckLangBehavior [ RunTime:0.002000s ]
INFO: [ app_begin ] --END-- [ RunTime:0.004000s ]
NOTIC: [8] Undefined index: url D:\wamp\www\fang\application\Common\Controller\AppframeController.class.php 第 44 行.

[ 2016-06-16T09:47:11+08:00 ] 127.0.0.1 /fang/user/index/is_login.html
INFO: [ app_begin ] --START--
INFO: Run Behavior\ReadHtmlCacheBehavior [ RunTime:0.001000s ]
INFO: Run Behavior\CheckLangBehavior [ RunTime:0.002001s ]
INFO: [ app_begin ] --END-- [ RunTime:0.003001s ]
NOTIC: [8] Undefined index: url D:\wamp\www\fang\application\Common\Controller\AppframeController.class.php 第 44 行.

[ 2016-06-16T09:47:12+08:00 ] 127.0.0.1 /fang/user/index/is_login.html
INFO: [ app_begin ] --START--
INFO: Run Behavior\ReadHtmlCacheBehavior [ RunTime:0.001000s ]
INFO: Run Behavior\CheckLangBehavior [ RunTime:0.001000s ]
INFO: [ app_begin ] --END-- [ RunTime:0.003000s ]
NOTIC: [8] Undefined index: url D:\wamp\www\fang\application\Common\Controller\AppframeController.class.php 第 44 行.

[ 2016-06-16T09:47:13+08:00 ] 127.0.0.1 /fang/user/index/is_login.html
INFO: [ app_begin ] --START--
INFO: Run Behavior\ReadHtmlCacheBehavior [ RunTime:0.000000s ]
INFO: Run Behavior\CheckLangBehavior [ RunTime:0.001000s ]
INFO: [ app_begin ] --END-- [ RunTime:0.003000s ]
NOTIC: [8] Undefined index: url D:\wamp\www\fang\application\Common\Controller\AppframeController.class.php 第 44 行.

[ 2016-06-16T09:47:14+08:00 ] 127.0.0.1 /fang/user/index/is_login.html
INFO: [ app_begin ] --START--
INFO: Run Behavior\ReadHtmlCacheBehavior [ RunTime:0.001000s ]
INFO: Run Behavior\CheckLangBehavior [ RunTime:0.002001s ]
INFO: [ app_begin ] --END-- [ RunTime:0.003001s ]
NOTIC: [8] Undefined index: url D:\wamp\www\fang\application\Common\Controller\AppframeController.class.php 第 44 行.

[ 2016-06-16T09:47:14+08:00 ] 127.0.0.1 /fang/user/index/is_login.html
INFO: [ app_begin ] --START--
INFO: Run Behavior\ReadHtmlCacheBehavior [ RunTime:0.001000s ]
INFO: Run Behavior\CheckLangBehavior [ RunTime:0.001000s ]
INFO: [ app_begin ] --END-- [ RunTime:0.002000s ]
NOTIC: [8] Undefined index: url D:\wamp\www\fang\application\Common\Controller\AppframeController.class.php 第 44 行.

[ 2016-06-16T09:47:15+08:00 ] 127.0.0.1 /fang/user/index/is_login.html
INFO: [ app_begin ] --START--
INFO: Run Behavior\ReadHtmlCacheBehavior [ RunTime:0.000000s ]
INFO: Run Behavior\CheckLangBehavior [ RunTime:0.002000s ]
INFO: [ app_begin ] --END-- [ RunTime:0.003000s ]
NOTIC: [8] Undefined index: url D:\wamp\www\fang\application\Common\Controller\AppframeController.class.php 第 44 行.

[ 2016-06-16T09:47:22+08:00 ] 127.0.0.1 /fang/user/index/is_login.html
INFO: [ app_begin ] --START--
INFO: Run Behavior\ReadHtmlCacheBehavior [ RunTime:0.001000s ]
INFO: Run Behavior\CheckLangBehavior [ RunTime:0.001000s ]
INFO: [ app_begin ] --END-- [ RunTime:0.002000s ]
NOTIC: [8] Undefined index: url D:\wamp\www\fang\application\Common\Controller\AppframeController.class.php 第 44 行.

[ 2016-06-16T09:47:23+08:00 ] 127.0.0.1 /fang/user/index/is_login.html
INFO: [ app_begin ] --START--
INFO: Run Behavior\ReadHtmlCacheBehavior [ RunTime:0.001000s ]
INFO: Run Behavior\CheckLangBehavior [ RunTime:0.001000s ]
INFO: [ app_begin ] --END-- [ RunTime:0.002000s ]
NOTIC: [8] Undefined index: url D:\wamp\www\fang\application\Common\Controller\AppframeController.class.php 第 44 行.

[ 2016-06-16T09:47:24+08:00 ] 127.0.0.1 /fang/user/index/is_login.html
INFO: [ app_begin ] --START--
INFO: Run Behavior\ReadHtmlCacheBehavior [ RunTime:0.000000s ]
INFO: Run Behavior\CheckLangBehavior [ RunTime:0.001000s ]
INFO: [ app_begin ] --END-- [ RunTime:0.002000s ]
NOTIC: [8] Undefined index: url D:\wamp\www\fang\application\Common\Controller\AppframeController.class.php 第 44 行.

[ 2016-06-16T09:47:26+08:00 ] 127.0.0.1 /fang/user/index/is_login.html
INFO: [ app_begin ] --START--
INFO: Run Behavior\ReadHtmlCacheBehavior [ RunTime:0.001000s ]
INFO: Run Behavior\CheckLangBehavior [ RunTime:0.001000s ]
INFO: [ app_begin ] --END-- [ RunTime:0.002000s ]
NOTIC: [8] Undefined index: url D:\wamp\www\fang\application\Common\Controller\AppframeController.class.php 第 44 行.

[ 2016-06-16T09:47:27+08:00 ] 127.0.0.1 /fang/user/index/is_login.html
INFO: [ app_begin ] --START--
INFO: Run Behavior\ReadHtmlCacheBehavior [ RunTime:0.001000s ]
INFO: Run Behavior\CheckLangBehavior [ RunTime:0.002000s ]
INFO: [ app_begin ] --END-- [ RunTime:0.004000s ]
NOTIC: [8] Undefined index: url D:\wamp\www\fang\application\Common\Controller\AppframeController.class.php 第 44 行.

[ 2016-06-16T09:47:29+08:00 ] 127.0.0.1 /fang/user/index/is_login.html
INFO: [ app_begin ] --START--
INFO: Run Behavior\ReadHtmlCacheBehavior [ RunTime:0.000000s ]
INFO: Run Behavior\CheckLangBehavior [ RunTime:0.001000s ]
INFO: [ app_begin ] --END-- [ RunTime:0.002000s ]
NOTIC: [8] Undefined index: url D:\wamp\www\fang\application\Common\Controller\AppframeController.class.php 第 44 行.

[ 2016-06-16T09:47:30+08:00 ] 127.0.0.1 /fang/user/index/is_login.html
INFO: [ app_begin ] --START--
INFO: Run Behavior\ReadHtmlCacheBehavior [ RunTime:0.001000s ]
INFO: Run Behavior\CheckLangBehavior [ RunTime:0.001000s ]
INFO: [ app_begin ] --END-- [ RunTime:0.003000s ]
NOTIC: [8] Undefined index: url D:\wamp\www\fang\application\Common\Controller\AppframeController.class.php 第 44 行.

[ 2016-06-16T09:47:31+08:00 ] 127.0.0.1 /fang/user/index/is_login.html
INFO: [ app_begin ] --START--
INFO: Run Behavior\ReadHtmlCacheBehavior [ RunTime:0.001000s ]
INFO: Run Behavior\CheckLangBehavior [ RunTime:0.002000s ]
INFO: [ app_begin ] --END-- [ RunTime:0.004000s ]
NOTIC: [8] Undefined index: url D:\wamp\www\fang\application\Common\Controller\AppframeController.class.php 第 44 行.

[ 2016-06-16T09:47:33+08:00 ] 127.0.0.1 /fang/user/index/is_login.html
INFO: [ app_begin ] --START--
INFO: Run Behavior\ReadHtmlCacheBehavior [ RunTime:0.001000s ]
INFO: Run Behavior\CheckLangBehavior [ RunTime:0.002000s ]
INFO: [ app_begin ] --END-- [ RunTime:0.003000s ]
NOTIC: [8] Undefined index: url D:\wamp\www\fang\application\Common\Controller\AppframeController.class.php 第 44 行.

[ 2016-06-16T09:47:33+08:00 ] 127.0.0.1 /fang/user/index/is_login.html
INFO: [ app_begin ] --START--
INFO: Run Behavior\ReadHtmlCacheBehavior [ RunTime:0.001001s ]
INFO: Run Behavior\CheckLangBehavior [ RunTime:0.001000s ]
INFO: [ app_begin ] --END-- [ RunTime:0.002001s ]
NOTIC: [8] Undefined index: url D:\wamp\www\fang\application\Common\Controller\AppframeController.class.php 第 44 行.

[ 2016-06-16T09:47:34+08:00 ] 127.0.0.1 /fang/user/index/is_login.html
INFO: [ app_begin ] --START--
INFO: Run Behavior\ReadHtmlCacheBehavior [ RunTime:0.000000s ]
INFO: Run Behavior\CheckLangBehavior [ RunTime:0.001000s ]
INFO: [ app_begin ] --END-- [ RunTime:0.003000s ]
NOTIC: [8] Undefined index: url D:\wamp\www\fang\application\Common\Controller\AppframeController.class.php 第 44 行.

[ 2016-06-16T09:47:35+08:00 ] 127.0.0.1 /fang/user/index/is_login.html
INFO: [ app_begin ] --START--
INFO: Run Behavior\ReadHtmlCacheBehavior [ RunTime:0.000000s ]
INFO: Run Behavior\CheckLangBehavior [ RunTime:0.001000s ]
INFO: [ app_begin ] --END-- [ RunTime:0.003000s ]
NOTIC: [8] Undefined index: url D:\wamp\www\fang\application\Common\Controller\AppframeController.class.php 第 44 行.

[ 2016-06-16T09:47:35+08:00 ] 127.0.0.1 /fang/user/index/is_login.html
INFO: [ app_begin ] --START--
INFO: Run Behavior\ReadHtmlCacheBehavior [ RunTime:0.001000s ]
INFO: Run Behavior\CheckLangBehavior [ RunTime:0.002000s ]
INFO: [ app_begin ] --END-- [ RunTime:0.003000s ]
NOTIC: [8] Undefined index: url D:\wamp\www\fang\application\Common\Controller\AppframeController.class.php 第 44 行.

[ 2016-06-16T09:47:36+08:00 ] 127.0.0.1 /fang/user/index/is_login.html
INFO: [ app_begin ] --START--
INFO: Run Behavior\ReadHtmlCacheBehavior [ RunTime:0.001000s ]
INFO: Run Behavior\CheckLangBehavior [ RunTime:0.001000s ]
INFO: [ app_begin ] --END-- [ RunTime:0.002000s ]
NOTIC: [8] Undefined index: url D:\wamp\www\fang\application\Common\Controller\AppframeController.class.php 第 44 行.

[ 2016-06-16T09:47:37+08:00 ] 127.0.0.1 /fang/user/index/is_login.html
INFO: [ app_begin ] --START--
INFO: Run Behavior\ReadHtmlCacheBehavior [ RunTime:0.000000s ]
INFO: Run Behavior\CheckLangBehavior [ RunTime:0.002000s ]
INFO: [ app_begin ] --END-- [ RunTime:0.003000s ]
NOTIC: [8] Undefined index: url D:\wamp\www\fang\application\Common\Controller\AppframeController.class.php 第 44 行.

[ 2016-06-16T09:47:38+08:00 ] 127.0.0.1 /fang/user/index/is_login.html
INFO: [ app_begin ] --START--
INFO: Run Behavior\ReadHtmlCacheBehavior [ RunTime:0.001001s ]
INFO: Run Behavior\CheckLangBehavior [ RunTime:0.001000s ]
INFO: [ app_begin ] --END-- [ RunTime:0.002001s ]
NOTIC: [8] Undefined index: url D:\wamp\www\fang\application\Common\Controller\AppframeController.class.php 第 44 行.

[ 2016-06-16T09:56:36+08:00 ] 127.0.0.1 /fang/user/index/is_login.html
INFO: [ app_begin ] --START--
INFO: Run Behavior\ReadHtmlCacheBehavior [ RunTime:0.001001s ]
INFO: Run Behavior\CheckLangBehavior [ RunTime:0.001000s ]
INFO: [ app_begin ] --END-- [ RunTime:0.003001s ]
NOTIC: [8] Undefined index: url D:\wamp\www\fang\application\Common\Controller\AppframeController.class.php 第 44 行.

[ 2016-06-16T09:56:37+08:00 ] 127.0.0.1 /fang/user/index/is_login.html
INFO: [ app_begin ] --START--
INFO: Run Behavior\ReadHtmlCacheBehavior [ RunTime:0.001000s ]
INFO: Run Behavior\CheckLangBehavior [ RunTime:0.001000s ]
INFO: [ app_begin ] --END-- [ RunTime:0.002000s ]
NOTIC: [8] Undefined index: url D:\wamp\www\fang\application\Common\Controller\AppframeController.class.php 第 44 行.

[ 2016-06-16T09:56:38+08:00 ] 127.0.0.1 /fang/user/index/is_login.html
INFO: [ app_begin ] --START--
INFO: Run Behavior\ReadHtmlCacheBehavior [ RunTime:0.001000s ]
INFO: Run Behavior\CheckLangBehavior [ RunTime:0.002000s ]
INFO: [ app_begin ] --END-- [ RunTime:0.004000s ]
NOTIC: [8] Undefined index: url D:\wamp\www\fang\application\Common\Controller\AppframeController.class.php 第 44 行.

[ 2016-06-16T09:56:39+08:00 ] 127.0.0.1 /fang/user/index/is_login.html
INFO: [ app_begin ] --START--
INFO: Run Behavior\ReadHtmlCacheBehavior [ RunTime:0.001000s ]
INFO: Run Behavior\CheckLangBehavior [ RunTime:0.002000s ]
INFO: [ app_begin ] --END-- [ RunTime:0.004000s ]
NOTIC: [8] Undefined index: url D:\wamp\www\fang\application\Common\Controller\AppframeController.class.php 第 44 行.

[ 2016-06-16T09:56:40+08:00 ] 127.0.0.1 /fang/user/index/is_login.html
INFO: [ app_begin ] --START--
INFO: Run Behavior\ReadHtmlCacheBehavior [ RunTime:0.001000s ]
INFO: Run Behavior\CheckLangBehavior [ RunTime:0.002000s ]
INFO: [ app_begin ] --END-- [ RunTime:0.003000s ]
NOTIC: [8] Undefined index: url D:\wamp\www\fang\application\Common\Controller\AppframeController.class.php 第 44 行.

[ 2016-06-16T09:56:41+08:00 ] 127.0.0.1 /fang/user/index/is_login.html
INFO: [ app_begin ] --START--
INFO: Run Behavior\ReadHtmlCacheBehavior [ RunTime:0.000000s ]
INFO: Run Behavior\CheckLangBehavior [ RunTime:0.002000s ]
INFO: [ app_begin ] --END-- [ RunTime:0.003000s ]
NOTIC: [8] Undefined index: url D:\wamp\www\fang\application\Common\Controller\AppframeController.class.php 第 44 行.

[ 2016-06-16T09:56:42+08:00 ] 127.0.0.1 /fang/user/index/is_login.html
INFO: [ app_begin ] --START--
INFO: Run Behavior\ReadHtmlCacheBehavior [ RunTime:0.001000s ]
INFO: Run Behavior\CheckLangBehavior [ RunTime:0.002000s ]
INFO: [ app_begin ] --END-- [ RunTime:0.003000s ]
NOTIC: [8] Undefined index: url D:\wamp\www\fang\application\Common\Controller\AppframeController.class.php 第 44 行.

[ 2016-06-16T09:56:42+08:00 ] 127.0.0.1 /fang/user/index/is_login.html
INFO: [ app_begin ] --START--
INFO: Run Behavior\ReadHtmlCacheBehavior [ RunTime:0.001000s ]
INFO: Run Behavior\CheckLangBehavior [ RunTime:0.002000s ]
INFO: [ app_begin ] --END-- [ RunTime:0.003000s ]
NOTIC: [8] Undefined index: url D:\wamp\www\fang\application\Common\Controller\AppframeController.class.php 第 44 行.

[ 2016-06-16T09:56:43+08:00 ] 127.0.0.1 /fang/user/index/is_login.html
INFO: [ app_begin ] --START--
INFO: Run Behavior\ReadHtmlCacheBehavior [ RunTime:0.001000s ]
INFO: Run Behavior\CheckLangBehavior [ RunTime:0.001000s ]
INFO: [ app_begin ] --END-- [ RunTime:0.002000s ]
NOTIC: [8] Undefined index: url D:\wamp\www\fang\application\Common\Controller\AppframeController.class.php 第 44 行.

[ 2016-06-16T09:56:43+08:00 ] 127.0.0.1 /fang/user/index/is_login.html
INFO: [ app_begin ] --START--
INFO: Run Behavior\ReadHtmlCacheBehavior [ RunTime:0.000000s ]
INFO: Run Behavior\CheckLangBehavior [ RunTime:0.001000s ]
INFO: [ app_begin ] --END-- [ RunTime:0.002000s ]
NOTIC: [8] Undefined index: url D:\wamp\www\fang\application\Common\Controller\AppframeController.class.php 第 44 行.

[ 2016-06-16T09:56:44+08:00 ] 127.0.0.1 /fang/user/index/is_login.html
INFO: [ app_begin ] --START--
INFO: Run Behavior\ReadHtmlCacheBehavior [ RunTime:0.001000s ]
INFO: Run Behavior\CheckLangBehavior [ RunTime:0.001000s ]
INFO: [ app_begin ] --END-- [ RunTime:0.002000s ]
NOTIC: [8] Undefined index: url D:\wamp\www\fang\application\Common\Controller\AppframeController.class.php 第 44 行.

[ 2016-06-16T09:56:44+08:00 ] 127.0.0.1 /fang/user/index/is_login.html
INFO: [ app_begin ] --START--
INFO: Run Behavior\ReadHtmlCacheBehavior [ RunTime:0.001000s ]
INFO: Run Behavior\CheckLangBehavior [ RunTime:0.001000s ]
INFO: [ app_begin ] --END-- [ RunTime:0.002000s ]
NOTIC: [8] Undefined index: url D:\wamp\www\fang\application\Common\Controller\AppframeController.class.php 第 44 行.

[ 2016-06-16T09:57:14+08:00 ] 127.0.0.1 /fang/user/index/is_login.html
INFO: [ app_begin ] --START--
INFO: Run Behavior\ReadHtmlCacheBehavior [ RunTime:0.001000s ]
INFO: Run Behavior\CheckLangBehavior [ RunTime:0.002000s ]
INFO: [ app_begin ] --END-- [ RunTime:0.003000s ]
NOTIC: [8] Undefined index: url D:\wamp\www\fang\application\Common\Controller\AppframeController.class.php 第 44 行.

[ 2016-06-16T09:57:26+08:00 ] 127.0.0.1 /fang/user/index/is_login.html
INFO: [ app_begin ] --START--
INFO: Run Behavior\ReadHtmlCacheBehavior [ RunTime:0.001000s ]
INFO: Run Behavior\CheckLangBehavior [ RunTime:0.001000s ]
INFO: [ app_begin ] --END-- [ RunTime:0.002000s ]
NOTIC: [8] Undefined index: url D:\wamp\www\fang\application\Common\Controller\AppframeController.class.php 第 44 行.

[ 2016-06-16T09:57:28+08:00 ] 127.0.0.1 /fang/user/index/is_login.html
INFO: [ app_begin ] --START--
INFO: Run Behavior\ReadHtmlCacheBehavior [ RunTime:0.000000s ]
INFO: Run Behavior\CheckLangBehavior [ RunTime:0.002001s ]
INFO: [ app_begin ] --END-- [ RunTime:0.003001s ]
NOTIC: [8] Undefined index: url D:\wamp\www\fang\application\Common\Controller\AppframeController.class.php 第 44 行.

[ 2016-06-16T09:57:29+08:00 ] 127.0.0.1 /fang/user/index/is_login.html
INFO: [ app_begin ] --START--
INFO: Run Behavior\ReadHtmlCacheBehavior [ RunTime:0.000000s ]
INFO: Run Behavior\CheckLangBehavior [ RunTime:0.002000s ]
INFO: [ app_begin ] --END-- [ RunTime:0.003000s ]
NOTIC: [8] Undefined index: url D:\wamp\www\fang\application\Common\Controller\AppframeController.class.php 第 44 行.

[ 2016-06-16T11:01:24+08:00 ] 127.0.0.1 /fang/user/index/is_login.html
INFO: [ app_begin ] --START--
INFO: Run Behavior\ReadHtmlCacheBehavior [ RunTime:0.000000s ]
INFO: Run Behavior\CheckLangBehavior [ RunTime:0.001000s ]
INFO: [ app_begin ] --END-- [ RunTime:0.003000s ]
NOTIC: [8] Undefined index: url D:\wamp\www\fang\application\Common\Controller\AppframeController.class.php 第 44 行.

[ 2016-06-16T11:01:38+08:00 ] 127.0.0.1 /fang/user/index/is_login.html
INFO: [ app_begin ] --START--
INFO: Run Behavior\ReadHtmlCacheBehavior [ RunTime:0.001000s ]
INFO: Run Behavior\CheckLangBehavior [ RunTime:0.001000s ]
INFO: [ app_begin ] --END-- [ RunTime:0.002000s ]
NOTIC: [8] Undefined index: url D:\wamp\www\fang\application\Common\Controller\AppframeController.class.php 第 44 行.

[ 2016-06-16T11:01:39+08:00 ] 127.0.0.1 /fang/user/index/is_login.html
INFO: [ app_begin ] --START--
INFO: Run Behavior\ReadHtmlCacheBehavior [ RunTime:0.000000s ]
INFO: Run Behavior\CheckLangBehavior [ RunTime:0.001000s ]
INFO: [ app_begin ] --END-- [ RunTime:0.002000s ]
NOTIC: [8] Undefined index: url D:\wamp\www\fang\application\Common\Controller\AppframeController.class.php 第 44 行.

[ 2016-06-16T11:01:41+08:00 ] 127.0.0.1 /fang/user/index/is_login.html
INFO: [ app_begin ] --START--
INFO: Run Behavior\ReadHtmlCacheBehavior [ RunTime:0.001000s ]
INFO: Run Behavior\CheckLangBehavior [ RunTime:0.001000s ]
INFO: [ app_begin ] --END-- [ RunTime:0.002000s ]
NOTIC: [8] Undefined index: url D:\wamp\www\fang\application\Common\Controller\AppframeController.class.php 第 44 行.

[ 2016-06-16T11:02:01+08:00 ] 127.0.0.1 /fang/user/index/is_login.html
INFO: [ app_begin ] --START--
INFO: Run Behavior\ReadHtmlCacheBehavior [ RunTime:0.000000s ]
INFO: Run Behavior\CheckLangBehavior [ RunTime:0.001000s ]
INFO: [ app_begin ] --END-- [ RunTime:0.005000s ]
NOTIC: [8] Undefined index: url D:\wamp\www\fang\application\Common\Controller\AppframeController.class.php 第 44 行.

[ 2016-06-16T11:03:38+08:00 ] 127.0.0.1 /fang/user/index/is_login.html
INFO: [ app_begin ] --START--
INFO: Run Behavior\ReadHtmlCacheBehavior [ RunTime:0.001000s ]
INFO: Run Behavior\CheckLangBehavior [ RunTime:0.001000s ]
INFO: [ app_begin ] --END-- [ RunTime:0.002000s ]
NOTIC: [8] Undefined index: url D:\wamp\www\fang\application\Common\Controller\AppframeController.class.php 第 44 行.

[ 2016-06-16T11:03:40+08:00 ] 127.0.0.1 /fang/user/index/is_login.html
INFO: [ app_begin ] --START--
INFO: Run Behavior\ReadHtmlCacheBehavior [ RunTime:0.000000s ]
INFO: Run Behavior\CheckLangBehavior [ RunTime:0.001000s ]
INFO: [ app_begin ] --END-- [ RunTime:0.003000s ]
NOTIC: [8] Undefined index: url D:\wamp\www\fang\application\Common\Controller\AppframeController.class.php 第 44 行.

[ 2016-06-16T11:03:42+08:00 ] 127.0.0.1 /fang/user/index/is_login.html
INFO: [ app_begin ] --START--
INFO: Run Behavior\ReadHtmlCacheBehavior [ RunTime:0.001000s ]
INFO: Run Behavior\CheckLangBehavior [ RunTime:0.002000s ]
INFO: [ app_begin ] --END-- [ RunTime:0.003000s ]
NOTIC: [8] Undefined index: url D:\wamp\www\fang\application\Common\Controller\AppframeController.class.php 第 44 行.

[ 2016-06-16T11:03:46+08:00 ] 127.0.0.1 /fang/user/index/is_login.html
INFO: [ app_begin ] --START--
INFO: Run Behavior\ReadHtmlCacheBehavior [ RunTime:0.000000s ]
INFO: Run Behavior\CheckLangBehavior [ RunTime:0.002000s ]
INFO: [ app_begin ] --END-- [ RunTime:0.003000s ]
NOTIC: [8] Undefined index: url D:\wamp\www\fang\application\Common\Controller\AppframeController.class.php 第 44 行.

[ 2016-06-16T11:03:48+08:00 ] 127.0.0.1 /fang/user/index/is_login.html
INFO: [ app_begin ] --START--
INFO: Run Behavior\ReadHtmlCacheBehavior [ RunTime:0.001000s ]
INFO: Run Behavior\CheckLangBehavior [ RunTime:0.001000s ]
INFO: [ app_begin ] --END-- [ RunTime:0.003000s ]
NOTIC: [8] Undefined index: url D:\wamp\www\fang\application\Common\Controller\AppframeController.class.php 第 44 行.

[ 2016-06-16T11:03:49+08:00 ] 127.0.0.1 /fang/user/index/is_login.html
INFO: [ app_begin ] --START--
INFO: Run Behavior\ReadHtmlCacheBehavior [ RunTime:0.000000s ]
INFO: Run Behavior\CheckLangBehavior [ RunTime:0.002000s ]
INFO: [ app_begin ] --END-- [ RunTime:0.003000s ]
NOTIC: [8] Undefined index: url D:\wamp\www\fang\application\Common\Controller\AppframeController.class.php 第 44 行.

[ 2016-06-16T11:03:51+08:00 ] 127.0.0.1 /fang/user/index/is_login.html
INFO: [ app_begin ] --START--
INFO: Run Behavior\ReadHtmlCacheBehavior [ RunTime:0.001000s ]
INFO: Run Behavior\CheckLangBehavior [ RunTime:0.004001s ]
INFO: [ app_begin ] --END-- [ RunTime:0.006001s ]
NOTIC: [8] Undefined index: url D:\wamp\www\fang\application\Common\Controller\AppframeController.class.php 第 44 行.

[ 2016-06-16T11:03:53+08:00 ] 127.0.0.1 /fang/user/index/is_login.html
INFO: [ app_begin ] --START--
INFO: Run Behavior\ReadHtmlCacheBehavior [ RunTime:0.001000s ]
INFO: Run Behavior\CheckLangBehavior [ RunTime:0.001000s ]
INFO: [ app_begin ] --END-- [ RunTime:0.002000s ]
NOTIC: [8] Undefined index: url D:\wamp\www\fang\application\Common\Controller\AppframeController.class.php 第 44 行.

[ 2016-06-16T11:03:58+08:00 ] 127.0.0.1 /fang/user/index/is_login.html
INFO: [ app_begin ] --START--
INFO: Run Behavior\ReadHtmlCacheBehavior [ RunTime:0.000000s ]
INFO: Run Behavior\CheckLangBehavior [ RunTime:0.001000s ]
INFO: [ app_begin ] --END-- [ RunTime:0.003000s ]
NOTIC: [8] Undefined index: url D:\wamp\www\fang\application\Common\Controller\AppframeController.class.php 第 44 行.

[ 2016-06-16T11:04:05+08:00 ] 127.0.0.1 /fang/user/index/is_login.html
INFO: [ app_begin ] --START--
INFO: Run Behavior\ReadHtmlCacheBehavior [ RunTime:0.000000s ]
INFO: Run Behavior\CheckLangBehavior [ RunTime:0.001000s ]
INFO: [ app_begin ] --END-- [ RunTime:0.002000s ]
NOTIC: [8] Undefined index: url D:\wamp\www\fang\application\Common\Controller\AppframeController.class.php 第 44 行.

[ 2016-06-16T11:04:06+08:00 ] 127.0.0.1 /fang/user/index/is_login.html
INFO: [ app_begin ] --START--
INFO: Run Behavior\ReadHtmlCacheBehavior [ RunTime:0.001000s ]
INFO: Run Behavior\CheckLangBehavior [ RunTime:0.001000s ]
INFO: [ app_begin ] --END-- [ RunTime:0.002000s ]
NOTIC: [8] Undefined index: url D:\wamp\www\fang\application\Common\Controller\AppframeController.class.php 第 44 行.

[ 2016-06-16T11:05:58+08:00 ] 127.0.0.1 /fang/user/index/is_login.html
INFO: [ app_begin ] --START--
INFO: Run Behavior\ReadHtmlCacheBehavior [ RunTime:0.000000s ]
INFO: Run Behavior\CheckLangBehavior [ RunTime:0.002000s ]
INFO: [ app_begin ] --END-- [ RunTime:0.003000s ]
NOTIC: [8] Undefined index: url D:\wamp\www\fang\application\Common\Controller\AppframeController.class.php 第 44 行.

[ 2016-06-16T11:06:09+08:00 ] 127.0.0.1 /fang/user/index/is_login.html
INFO: [ app_begin ] --START--
INFO: Run Behavior\ReadHtmlCacheBehavior [ RunTime:0.001000s ]
INFO: Run Behavior\CheckLangBehavior [ RunTime:0.002000s ]
INFO: [ app_begin ] --END-- [ RunTime:0.003000s ]
NOTIC: [8] Undefined index: url D:\wamp\www\fang\application\Common\Controller\AppframeController.class.php 第 44 行.

[ 2016-06-16T11:06:17+08:00 ] 127.0.0.1 /fang/user/index/is_login.html
INFO: [ app_begin ] --START--
INFO: Run Behavior\ReadHtmlCacheBehavior [ RunTime:0.001000s ]
INFO: Run Behavior\CheckLangBehavior [ RunTime:0.001000s ]
INFO: [ app_begin ] --END-- [ RunTime:0.002000s ]
NOTIC: [8] Undefined index: url D:\wamp\www\fang\application\Common\Controller\AppframeController.class.php 第 44 行.

[ 2016-06-16T11:06:21+08:00 ] 127.0.0.1 /fang/user/index/is_login.html
INFO: [ app_begin ] --START--
INFO: Run Behavior\ReadHtmlCacheBehavior [ RunTime:0.001000s ]
INFO: Run Behavior\CheckLangBehavior [ RunTime:0.001000s ]
INFO: [ app_begin ] --END-- [ RunTime:0.003000s ]
NOTIC: [8] Undefined index: url D:\wamp\www\fang\application\Common\Controller\AppframeController.class.php 第 44 行.

[ 2016-06-16T11:06:41+08:00 ] 127.0.0.1 /fang/user/index/is_login.html
INFO: [ app_begin ] --START--
INFO: Run Behavior\ReadHtmlCacheBehavior [ RunTime:0.001000s ]
INFO: Run Behavior\CheckLangBehavior [ RunTime:0.001000s ]
INFO: [ app_begin ] --END-- [ RunTime:0.002000s ]
NOTIC: [8] Undefined index: url D:\wamp\www\fang\application\Common\Controller\AppframeController.class.php 第 44 行.

[ 2016-06-16T11:07:01+08:00 ] 127.0.0.1 /fang/user/index/is_login.html
INFO: [ app_begin ] --START--
INFO: Run Behavior\ReadHtmlCacheBehavior [ RunTime:0.001000s ]
INFO: Run Behavior\CheckLangBehavior [ RunTime:0.001000s ]
INFO: [ app_begin ] --END-- [ RunTime:0.003000s ]
NOTIC: [8] Undefined index: url D:\wamp\www\fang\application\Common\Controller\AppframeController.class.php 第 44 行.

[ 2016-06-16T11:07:03+08:00 ] 127.0.0.1 /fang/user/index/is_login.html
INFO: [ app_begin ] --START--
INFO: Run Behavior\ReadHtmlCacheBehavior [ RunTime:0.001000s ]
INFO: Run Behavior\CheckLangBehavior [ RunTime:0.001000s ]
INFO: [ app_begin ] --END-- [ RunTime:0.002000s ]
NOTIC: [8] Undefined index: url D:\wamp\www\fang\application\Common\Controller\AppframeController.class.php 第 44 行.

[ 2016-06-16T11:07:05+08:00 ] 127.0.0.1 /fang/user/index/is_login.html
INFO: [ app_begin ] --START--
INFO: Run Behavior\ReadHtmlCacheBehavior [ RunTime:0.000000s ]
INFO: Run Behavior\CheckLangBehavior [ RunTime:0.002000s ]
INFO: [ app_begin ] --END-- [ RunTime:0.003000s ]
NOTIC: [8] Undefined index: url D:\wamp\www\fang\application\Common\Controller\AppframeController.class.php 第 44 行.

[ 2016-06-16T11:07:25+08:00 ] 127.0.0.1 /fang/user/index/is_login.html
INFO: [ app_begin ] --START--
INFO: Run Behavior\ReadHtmlCacheBehavior [ RunTime:0.001000s ]
INFO: Run Behavior\CheckLangBehavior [ RunTime:0.001000s ]
INFO: [ app_begin ] --END-- [ RunTime:0.003000s ]
NOTIC: [8] Undefined index: url D:\wamp\www\fang\application\Common\Controller\AppframeController.class.php 第 44 行.

[ 2016-06-16T11:07:29+08:00 ] 127.0.0.1 /fang/user/index/is_login.html
INFO: [ app_begin ] --START--
INFO: Run Behavior\ReadHtmlCacheBehavior [ RunTime:0.000000s ]
INFO: Run Behavior\CheckLangBehavior [ RunTime:0.001000s ]
INFO: [ app_begin ] --END-- [ RunTime:0.002000s ]
NOTIC: [8] Undefined index: url D:\wamp\www\fang\application\Common\Controller\AppframeController.class.php 第 44 行.

[ 2016-06-16T11:07:31+08:00 ] 127.0.0.1 /fang/user/index/is_login.html
INFO: [ app_begin ] --START--
INFO: Run Behavior\ReadHtmlCacheBehavior [ RunTime:0.000000s ]
INFO: Run Behavior\CheckLangBehavior [ RunTime:0.001001s ]
INFO: [ app_begin ] --END-- [ RunTime:0.003001s ]
NOTIC: [8] Undefined index: url D:\wamp\www\fang\application\Common\Controller\AppframeController.class.php 第 44 行.

[ 2016-06-16T11:07:33+08:00 ] 127.0.0.1 /fang/user/index/is_login.html
INFO: [ app_begin ] --START--
INFO: Run Behavior\ReadHtmlCacheBehavior [ RunTime:0.001000s ]
INFO: Run Behavior\CheckLangBehavior [ RunTime:0.002000s ]
INFO: [ app_begin ] --END-- [ RunTime:0.003000s ]
NOTIC: [8] Undefined index: url D:\wamp\www\fang\application\Common\Controller\AppframeController.class.php 第 44 行.

[ 2016-06-16T11:07:34+08:00 ] 127.0.0.1 /fang/user/index/is_login.html
INFO: [ app_begin ] --START--
INFO: Run Behavior\ReadHtmlCacheBehavior [ RunTime:0.001000s ]
INFO: Run Behavior\CheckLangBehavior [ RunTime:0.001000s ]
INFO: [ app_begin ] --END-- [ RunTime:0.002000s ]
NOTIC: [8] Undefined index: url D:\wamp\www\fang\application\Common\Controller\AppframeController.class.php 第 44 行.

[ 2016-06-16T11:07:36+08:00 ] 127.0.0.1 /fang/user/index/is_login.html
INFO: [ app_begin ] --START--
INFO: Run Behavior\ReadHtmlCacheBehavior [ RunTime:0.001000s ]
INFO: Run Behavior\CheckLangBehavior [ RunTime:0.001000s ]
INFO: [ app_begin ] --END-- [ RunTime:0.002000s ]
NOTIC: [8] Undefined index: url D:\wamp\www\fang\application\Common\Controller\AppframeController.class.php 第 44 行.

[ 2016-06-16T14:42:21+08:00 ] 127.0.0.1 /fang/user/index/is_login.html
INFO: [ app_begin ] --START--
INFO: Run Behavior\ReadHtmlCacheBehavior [ RunTime:0.001000s ]
INFO: Run Behavior\CheckLangBehavior [ RunTime:0.001000s ]
INFO: [ app_begin ] --END-- [ RunTime:0.002000s ]
NOTIC: [8] Undefined index: url D:\wamp\www\fang\application\Common\Controller\AppframeController.class.php 第 44 行.

