[ 2016-06-15T17:16:08+08:00 ] 127.0.0.1 /fang/user/index/is_login.html
INFO: [ app_begin ] --START--
INFO: Run Behavior\ReadHtmlCacheBehavior [ RunTime:0.001000s ]
INFO: Run Behavior\CheckLangBehavior [ RunTime:0.001000s ]
INFO: [ app_begin ] --END-- [ RunTime:0.002000s ]
NOTIC: [8] Undefined index: url D:\wamp\www\fang\application\Common\Controller\AppframeController.class.php 第 44 行.

[ 2016-06-15T17:18:30+08:00 ] 127.0.0.1 /fang/user/index/is_login.html
INFO: [ app_begin ] --START--
INFO: Run Behavior\ReadHtmlCacheBehavior [ RunTime:0.000000s ]
INFO: Run Behavior\CheckLangBehavior [ RunTime:0.001000s ]
INFO: [ app_begin ] --END-- [ RunTime:0.002000s ]
NOTIC: [8] Undefined index: url D:\wamp\www\fang\application\Common\Controller\AppframeController.class.php 第 44 行.

[ 2016-06-15T17:18:36+08:00 ] 127.0.0.1 /fang/user/index/is_login.html
INFO: [ app_begin ] --START--
INFO: Run Behavior\ReadHtmlCacheBehavior [ RunTime:0.001000s ]
INFO: Run Behavior\CheckLangBehavior [ RunTime:0.001000s ]
INFO: [ app_begin ] --END-- [ RunTime:0.002000s ]
NOTIC: [8] Undefined index: url D:\wamp\www\fang\application\Common\Controller\AppframeController.class.php 第 44 行.

[ 2016-06-15T17:18:38+08:00 ] 127.0.0.1 /fang/user/index/is_login.html
INFO: [ app_begin ] --START--
INFO: Run Behavior\ReadHtmlCacheBehavior [ RunTime:0.001000s ]
INFO: Run Behavior\CheckLangBehavior [ RunTime:0.001000s ]
INFO: [ app_begin ] --END-- [ RunTime:0.003000s ]
NOTIC: [8] Undefined index: url D:\wamp\www\fang\application\Common\Controller\AppframeController.class.php 第 44 行.

[ 2016-06-15T17:18:39+08:00 ] 127.0.0.1 /fang/user/index/is_login.html
INFO: [ app_begin ] --START--
INFO: Run Behavior\ReadHtmlCacheBehavior [ RunTime:0.001000s ]
INFO: Run Behavior\CheckLangBehavior [ RunTime:0.002000s ]
INFO: [ app_begin ] --END-- [ RunTime:0.004000s ]
NOTIC: [8] Undefined index: url D:\wamp\www\fang\application\Common\Controller\AppframeController.class.php 第 44 行.

[ 2016-06-15T17:18:40+08:00 ] 127.0.0.1 /fang/user/index/is_login.html
INFO: [ app_begin ] --START--
INFO: Run Behavior\ReadHtmlCacheBehavior [ RunTime:0.001000s ]
INFO: Run Behavior\CheckLangBehavior [ RunTime:0.002000s ]
INFO: [ app_begin ] --END-- [ RunTime:0.004000s ]
NOTIC: [8] Undefined index: url D:\wamp\www\fang\application\Common\Controller\AppframeController.class.php 第 44 行.

[ 2016-06-15T17:18:41+08:00 ] 127.0.0.1 /fang/user/index/is_login.html
INFO: [ app_begin ] --START--
INFO: Run Behavior\ReadHtmlCacheBehavior [ RunTime:0.000000s ]
INFO: Run Behavior\CheckLangBehavior [ RunTime:0.001000s ]
INFO: [ app_begin ] --END-- [ RunTime:0.003000s ]
NOTIC: [8] Undefined index: url D:\wamp\www\fang\application\Common\Controller\AppframeController.class.php 第 44 行.

[ 2016-06-15T17:18:42+08:00 ] 127.0.0.1 /fang/user/index/is_login.html
INFO: [ app_begin ] --START--
INFO: Run Behavior\ReadHtmlCacheBehavior [ RunTime:0.001000s ]
INFO: Run Behavior\CheckLangBehavior [ RunTime:0.001000s ]
INFO: [ app_begin ] --END-- [ RunTime:0.002000s ]
NOTIC: [8] Undefined index: url D:\wamp\www\fang\application\Common\Controller\AppframeController.class.php 第 44 行.

[ 2016-06-15T17:18:43+08:00 ] 127.0.0.1 /fang/user/index/is_login.html
INFO: [ app_begin ] --START--
INFO: Run Behavior\ReadHtmlCacheBehavior [ RunTime:0.001000s ]
INFO: Run Behavior\CheckLangBehavior [ RunTime:0.001000s ]
INFO: [ app_begin ] --END-- [ RunTime:0.002000s ]
NOTIC: [8] Undefined index: url D:\wamp\www\fang\application\Common\Controller\AppframeController.class.php 第 44 行.

[ 2016-06-15T17:18:44+08:00 ] 127.0.0.1 /fang/user/index/is_login.html
INFO: [ app_begin ] --START--
INFO: Run Behavior\ReadHtmlCacheBehavior [ RunTime:0.001000s ]
INFO: Run Behavior\CheckLangBehavior [ RunTime:0.002000s ]
INFO: [ app_begin ] --END-- [ RunTime:0.004000s ]
NOTIC: [8] Undefined index: url D:\wamp\www\fang\application\Common\Controller\AppframeController.class.php 第 44 行.

[ 2016-06-15T17:18:45+08:00 ] 127.0.0.1 /fang/user/index/is_login.html
INFO: [ app_begin ] --START--
INFO: Run Behavior\ReadHtmlCacheBehavior [ RunTime:0.001000s ]
INFO: Run Behavior\CheckLangBehavior [ RunTime:0.001000s ]
INFO: [ app_begin ] --END-- [ RunTime:0.004000s ]
NOTIC: [8] Undefined index: url D:\wamp\www\fang\application\Common\Controller\AppframeController.class.php 第 44 行.

[ 2016-06-15T17:18:46+08:00 ] 127.0.0.1 /fang/user/index/is_login.html
INFO: [ app_begin ] --START--
INFO: Run Behavior\ReadHtmlCacheBehavior [ RunTime:0.001000s ]
INFO: Run Behavior\CheckLangBehavior [ RunTime:0.001000s ]
INFO: [ app_begin ] --END-- [ RunTime:0.003000s ]
NOTIC: [8] Undefined index: url D:\wamp\www\fang\application\Common\Controller\AppframeController.class.php 第 44 行.

[ 2016-06-15T17:18:47+08:00 ] 127.0.0.1 /fang/user/index/is_login.html
INFO: [ app_begin ] --START--
INFO: Run Behavior\ReadHtmlCacheBehavior [ RunTime:0.001000s ]
INFO: Run Behavior\CheckLangBehavior [ RunTime:0.001000s ]
INFO: [ app_begin ] --END-- [ RunTime:0.002000s ]
NOTIC: [8] Undefined index: url D:\wamp\www\fang\application\Common\Controller\AppframeController.class.php 第 44 行.

[ 2016-06-15T17:18:48+08:00 ] 127.0.0.1 /fang/user/index/is_login.html
INFO: [ app_begin ] --START--
INFO: Run Behavior\ReadHtmlCacheBehavior [ RunTime:0.000000s ]
INFO: Run Behavior\CheckLangBehavior [ RunTime:0.001000s ]
INFO: [ app_begin ] --END-- [ RunTime:0.003000s ]
NOTIC: [8] Undefined index: url D:\wamp\www\fang\application\Common\Controller\AppframeController.class.php 第 44 行.

[ 2016-06-15T17:18:49+08:00 ] 127.0.0.1 /fang/user/index/is_login.html
INFO: [ app_begin ] --START--
INFO: Run Behavior\ReadHtmlCacheBehavior [ RunTime:0.001000s ]
INFO: Run Behavior\CheckLangBehavior [ RunTime:0.002000s ]
INFO: [ app_begin ] --END-- [ RunTime:0.003000s ]
NOTIC: [8] Undefined index: url D:\wamp\www\fang\application\Common\Controller\AppframeController.class.php 第 44 行.

[ 2016-06-15T17:18:49+08:00 ] 127.0.0.1 /fang/user/index/is_login.html
INFO: [ app_begin ] --START--
INFO: Run Behavior\ReadHtmlCacheBehavior [ RunTime:0.001000s ]
INFO: Run Behavior\CheckLangBehavior [ RunTime:0.001000s ]
INFO: [ app_begin ] --END-- [ RunTime:0.003000s ]
NOTIC: [8] Undefined index: url D:\wamp\www\fang\application\Common\Controller\AppframeController.class.php 第 44 行.

[ 2016-06-15T17:18:50+08:00 ] 127.0.0.1 /fang/user/index/is_login.html
INFO: [ app_begin ] --START--
INFO: Run Behavior\ReadHtmlCacheBehavior [ RunTime:0.000000s ]
INFO: Run Behavior\CheckLangBehavior [ RunTime:0.001000s ]
INFO: [ app_begin ] --END-- [ RunTime:0.002000s ]
NOTIC: [8] Undefined index: url D:\wamp\www\fang\application\Common\Controller\AppframeController.class.php 第 44 行.

[ 2016-06-15T17:18:50+08:00 ] 127.0.0.1 /fang/user/index/is_login.html
INFO: [ app_begin ] --START--
INFO: Run Behavior\ReadHtmlCacheBehavior [ RunTime:0.001000s ]
INFO: Run Behavior\CheckLangBehavior [ RunTime:0.001000s ]
INFO: [ app_begin ] --END-- [ RunTime:0.002000s ]
NOTIC: [8] Undefined index: url D:\wamp\www\fang\application\Common\Controller\AppframeController.class.php 第 44 行.

[ 2016-06-15T17:18:51+08:00 ] 127.0.0.1 /fang/user/index/is_login.html
INFO: [ app_begin ] --START--
INFO: Run Behavior\ReadHtmlCacheBehavior [ RunTime:0.000000s ]
INFO: Run Behavior\CheckLangBehavior [ RunTime:0.001000s ]
INFO: [ app_begin ] --END-- [ RunTime:0.003000s ]
NOTIC: [8] Undefined index: url D:\wamp\www\fang\application\Common\Controller\AppframeController.class.php 第 44 行.

[ 2016-06-15T17:18:52+08:00 ] 127.0.0.1 /fang/user/index/is_login.html
INFO: [ app_begin ] --START--
INFO: Run Behavior\ReadHtmlCacheBehavior [ RunTime:0.001000s ]
INFO: Run Behavior\CheckLangBehavior [ RunTime:0.001000s ]
INFO: [ app_begin ] --END-- [ RunTime:0.002000s ]
NOTIC: [8] Undefined index: url D:\wamp\www\fang\application\Common\Controller\AppframeController.class.php 第 44 行.

[ 2016-06-15T17:18:53+08:00 ] 127.0.0.1 /fang/user/index/is_login.html
INFO: [ app_begin ] --START--
INFO: Run Behavior\ReadHtmlCacheBehavior [ RunTime:0.001000s ]
INFO: Run Behavior\CheckLangBehavior [ RunTime:0.001000s ]
INFO: [ app_begin ] --END-- [ RunTime:0.002000s ]
NOTIC: [8] Undefined index: url D:\wamp\www\fang\application\Common\Controller\AppframeController.class.php 第 44 行.

[ 2016-06-15T17:18:54+08:00 ] 127.0.0.1 /fang/user/index/is_login.html
INFO: [ app_begin ] --START--
INFO: Run Behavior\ReadHtmlCacheBehavior [ RunTime:0.000000s ]
INFO: Run Behavior\CheckLangBehavior [ RunTime:0.002000s ]
INFO: [ app_begin ] --END-- [ RunTime:0.003000s ]
NOTIC: [8] Undefined index: url D:\wamp\www\fang\application\Common\Controller\AppframeController.class.php 第 44 行.

[ 2016-06-15T17:18:56+08:00 ] 127.0.0.1 /fang/user/index/is_login.html
INFO: [ app_begin ] --START--
INFO: Run Behavior\ReadHtmlCacheBehavior [ RunTime:0.000000s ]
INFO: Run Behavior\CheckLangBehavior [ RunTime:0.001000s ]
INFO: [ app_begin ] --END-- [ RunTime:0.002000s ]
NOTIC: [8] Undefined index: url D:\wamp\www\fang\application\Common\Controller\AppframeController.class.php 第 44 行.

[ 2016-06-15T17:18:58+08:00 ] 127.0.0.1 /fang/user/index/is_login.html
INFO: [ app_begin ] --START--
INFO: Run Behavior\ReadHtmlCacheBehavior [ RunTime:0.001000s ]
INFO: Run Behavior\CheckLangBehavior [ RunTime:0.001000s ]
INFO: [ app_begin ] --END-- [ RunTime:0.003000s ]
NOTIC: [8] Undefined index: url D:\wamp\www\fang\application\Common\Controller\AppframeController.class.php 第 44 行.

[ 2016-06-15T17:18:59+08:00 ] 127.0.0.1 /fang/user/index/is_login.html
INFO: [ app_begin ] --START--
INFO: Run Behavior\ReadHtmlCacheBehavior [ RunTime:0.001000s ]
INFO: Run Behavior\CheckLangBehavior [ RunTime:0.001000s ]
INFO: [ app_begin ] --END-- [ RunTime:0.002000s ]
NOTIC: [8] Undefined index: url D:\wamp\www\fang\application\Common\Controller\AppframeController.class.php 第 44 行.

[ 2016-06-15T17:18:59+08:00 ] 127.0.0.1 /fang/user/index/is_login.html
INFO: [ app_begin ] --START--
INFO: Run Behavior\ReadHtmlCacheBehavior [ RunTime:0.001000s ]
INFO: Run Behavior\CheckLangBehavior [ RunTime:0.002000s ]
INFO: [ app_begin ] --END-- [ RunTime:0.004000s ]
NOTIC: [8] Undefined index: url D:\wamp\www\fang\application\Common\Controller\AppframeController.class.php 第 44 行.

[ 2016-06-15T17:19:00+08:00 ] 127.0.0.1 /fang/user/index/is_login.html
INFO: [ app_begin ] --START--
INFO: Run Behavior\ReadHtmlCacheBehavior [ RunTime:0.001000s ]
INFO: Run Behavior\CheckLangBehavior [ RunTime:0.002000s ]
INFO: [ app_begin ] --END-- [ RunTime:0.003000s ]
NOTIC: [8] Undefined index: url D:\wamp\www\fang\application\Common\Controller\AppframeController.class.php 第 44 行.

[ 2016-06-15T17:19:01+08:00 ] 127.0.0.1 /fang/user/index/is_login.html
INFO: [ app_begin ] --START--
INFO: Run Behavior\ReadHtmlCacheBehavior [ RunTime:0.000000s ]
INFO: Run Behavior\CheckLangBehavior [ RunTime:0.001000s ]
INFO: [ app_begin ] --END-- [ RunTime:0.003001s ]
NOTIC: [8] Undefined index: url D:\wamp\www\fang\application\Common\Controller\AppframeController.class.php 第 44 行.

[ 2016-06-15T17:19:01+08:00 ] 127.0.0.1 /fang/user/index/is_login.html
INFO: [ app_begin ] --START--
INFO: Run Behavior\ReadHtmlCacheBehavior [ RunTime:0.001000s ]
INFO: Run Behavior\CheckLangBehavior [ RunTime:0.002000s ]
INFO: [ app_begin ] --END-- [ RunTime:0.004000s ]
NOTIC: [8] Undefined index: url D:\wamp\www\fang\application\Common\Controller\AppframeController.class.php 第 44 行.

[ 2016-06-15T17:19:03+08:00 ] 127.0.0.1 /fang/user/index/is_login.html
INFO: [ app_begin ] --START--
INFO: Run Behavior\ReadHtmlCacheBehavior [ RunTime:0.001000s ]
INFO: Run Behavior\CheckLangBehavior [ RunTime:0.001000s ]
INFO: [ app_begin ] --END-- [ RunTime:0.002000s ]
NOTIC: [8] Undefined index: url D:\wamp\www\fang\application\Common\Controller\AppframeController.class.php 第 44 行.

[ 2016-06-15T17:19:09+08:00 ] 127.0.0.1 /fang/user/index/is_login.html
INFO: [ app_begin ] --START--
INFO: Run Behavior\ReadHtmlCacheBehavior [ RunTime:0.001000s ]
INFO: Run Behavior\CheckLangBehavior [ RunTime:0.002000s ]
INFO: [ app_begin ] --END-- [ RunTime:0.004000s ]
NOTIC: [8] Undefined index: url D:\wamp\www\fang\application\Common\Controller\AppframeController.class.php 第 44 行.

[ 2016-06-15T17:19:10+08:00 ] 127.0.0.1 /fang/user/index/is_login.html
INFO: [ app_begin ] --START--
INFO: Run Behavior\ReadHtmlCacheBehavior [ RunTime:0.001000s ]
INFO: Run Behavior\CheckLangBehavior [ RunTime:0.001000s ]
INFO: [ app_begin ] --END-- [ RunTime:0.002000s ]
NOTIC: [8] Undefined index: url D:\wamp\www\fang\application\Common\Controller\AppframeController.class.php 第 44 行.

[ 2016-06-15T17:19:11+08:00 ] 127.0.0.1 /fang/user/index/is_login.html
INFO: [ app_begin ] --START--
INFO: Run Behavior\ReadHtmlCacheBehavior [ RunTime:0.001000s ]
INFO: Run Behavior\CheckLangBehavior [ RunTime:0.002001s ]
INFO: [ app_begin ] --END-- [ RunTime:0.004001s ]
NOTIC: [8] Undefined index: url D:\wamp\www\fang\application\Common\Controller\AppframeController.class.php 第 44 行.

[ 2016-06-15T17:19:12+08:00 ] 127.0.0.1 /fang/user/index/is_login.html
INFO: [ app_begin ] --START--
INFO: Run Behavior\ReadHtmlCacheBehavior [ RunTime:0.000000s ]
INFO: Run Behavior\CheckLangBehavior [ RunTime:0.002000s ]
INFO: [ app_begin ] --END-- [ RunTime:0.003000s ]
NOTIC: [8] Undefined index: url D:\wamp\www\fang\application\Common\Controller\AppframeController.class.php 第 44 行.

[ 2016-06-15T17:19:13+08:00 ] 127.0.0.1 /fang/user/index/is_login.html
INFO: [ app_begin ] --START--
INFO: Run Behavior\ReadHtmlCacheBehavior [ RunTime:0.000000s ]
INFO: Run Behavior\CheckLangBehavior [ RunTime:0.001000s ]
INFO: [ app_begin ] --END-- [ RunTime:0.003000s ]
NOTIC: [8] Undefined index: url D:\wamp\www\fang\application\Common\Controller\AppframeController.class.php 第 44 行.

[ 2016-06-15T17:19:14+08:00 ] 127.0.0.1 /fang/user/index/is_login.html
INFO: [ app_begin ] --START--
INFO: Run Behavior\ReadHtmlCacheBehavior [ RunTime:0.001000s ]
INFO: Run Behavior\CheckLangBehavior [ RunTime:0.001000s ]
INFO: [ app_begin ] --END-- [ RunTime:0.002000s ]
NOTIC: [8] Undefined index: url D:\wamp\www\fang\application\Common\Controller\AppframeController.class.php 第 44 行.

[ 2016-06-15T17:19:15+08:00 ] 127.0.0.1 /fang/user/index/is_login.html
INFO: [ app_begin ] --START--
INFO: Run Behavior\ReadHtmlCacheBehavior [ RunTime:0.001000s ]
INFO: Run Behavior\CheckLangBehavior [ RunTime:0.001000s ]
INFO: [ app_begin ] --END-- [ RunTime:0.003000s ]
NOTIC: [8] Undefined index: url D:\wamp\www\fang\application\Common\Controller\AppframeController.class.php 第 44 行.

[ 2016-06-15T17:19:16+08:00 ] 127.0.0.1 /fang/user/index/is_login.html
INFO: [ app_begin ] --START--
INFO: Run Behavior\ReadHtmlCacheBehavior [ RunTime:0.001000s ]
INFO: Run Behavior\CheckLangBehavior [ RunTime:0.001000s ]
INFO: [ app_begin ] --END-- [ RunTime:0.002000s ]
NOTIC: [8] Undefined index: url D:\wamp\www\fang\application\Common\Controller\AppframeController.class.php 第 44 行.

[ 2016-06-15T17:19:16+08:00 ] 127.0.0.1 /fang/user/index/is_login.html
INFO: [ app_begin ] --START--
INFO: Run Behavior\ReadHtmlCacheBehavior [ RunTime:0.001000s ]
INFO: Run Behavior\CheckLangBehavior [ RunTime:0.001000s ]
INFO: [ app_begin ] --END-- [ RunTime:0.002000s ]
NOTIC: [8] Undefined index: url D:\wamp\www\fang\application\Common\Controller\AppframeController.class.php 第 44 行.

[ 2016-06-15T17:19:17+08:00 ] 127.0.0.1 /fang/user/index/is_login.html
INFO: [ app_begin ] --START--
INFO: Run Behavior\ReadHtmlCacheBehavior [ RunTime:0.001000s ]
INFO: Run Behavior\CheckLangBehavior [ RunTime:0.001000s ]
INFO: [ app_begin ] --END-- [ RunTime:0.003000s ]
NOTIC: [8] Undefined index: url D:\wamp\www\fang\application\Common\Controller\AppframeController.class.php 第 44 行.

[ 2016-06-15T17:21:08+08:00 ] 127.0.0.1 /fang/user/index/is_login.html
INFO: [ app_begin ] --START--
INFO: Run Behavior\ReadHtmlCacheBehavior [ RunTime:0.002000s ]
INFO: Run Behavior\CheckLangBehavior [ RunTime:0.002000s ]
INFO: [ app_begin ] --END-- [ RunTime:0.004000s ]
NOTIC: [8] Undefined index: url D:\wamp\www\fang\application\Common\Controller\AppframeController.class.php 第 44 行.

[ 2016-06-15T17:21:11+08:00 ] 127.0.0.1 /fang/user/index/is_login.html
INFO: [ app_begin ] --START--
INFO: Run Behavior\ReadHtmlCacheBehavior [ RunTime:0.001000s ]
INFO: Run Behavior\CheckLangBehavior [ RunTime:0.002000s ]
INFO: [ app_begin ] --END-- [ RunTime:0.003000s ]
NOTIC: [8] Undefined index: url D:\wamp\www\fang\application\Common\Controller\AppframeController.class.php 第 44 行.

[ 2016-06-15T17:21:12+08:00 ] 127.0.0.1 /fang/user/index/is_login.html
INFO: [ app_begin ] --START--
INFO: Run Behavior\ReadHtmlCacheBehavior [ RunTime:0.001000s ]
INFO: Run Behavior\CheckLangBehavior [ RunTime:0.002000s ]
INFO: [ app_begin ] --END-- [ RunTime:0.004000s ]
NOTIC: [8] Undefined index: url D:\wamp\www\fang\application\Common\Controller\AppframeController.class.php 第 44 行.

[ 2016-06-15T17:21:13+08:00 ] 127.0.0.1 /fang/user/index/is_login.html
INFO: [ app_begin ] --START--
INFO: Run Behavior\ReadHtmlCacheBehavior [ RunTime:0.001000s ]
INFO: Run Behavior\CheckLangBehavior [ RunTime:0.002000s ]
INFO: [ app_begin ] --END-- [ RunTime:0.003000s ]
NOTIC: [8] Undefined index: url D:\wamp\www\fang\application\Common\Controller\AppframeController.class.php 第 44 行.

[ 2016-06-15T17:21:14+08:00 ] 127.0.0.1 /fang/user/index/is_login.html
INFO: [ app_begin ] --START--
INFO: Run Behavior\ReadHtmlCacheBehavior [ RunTime:0.000000s ]
INFO: Run Behavior\CheckLangBehavior [ RunTime:0.001000s ]
INFO: [ app_begin ] --END-- [ RunTime:0.003000s ]
NOTIC: [8] Undefined index: url D:\wamp\www\fang\application\Common\Controller\AppframeController.class.php 第 44 行.

[ 2016-06-15T17:21:15+08:00 ] 127.0.0.1 /fang/user/index/is_login.html
INFO: [ app_begin ] --START--
INFO: Run Behavior\ReadHtmlCacheBehavior [ RunTime:0.001000s ]
INFO: Run Behavior\CheckLangBehavior [ RunTime:0.001000s ]
INFO: [ app_begin ] --END-- [ RunTime:0.002000s ]
NOTIC: [8] Undefined index: url D:\wamp\www\fang\application\Common\Controller\AppframeController.class.php 第 44 行.

[ 2016-06-15T17:21:16+08:00 ] 127.0.0.1 /fang/user/index/is_login.html
INFO: [ app_begin ] --START--
INFO: Run Behavior\ReadHtmlCacheBehavior [ RunTime:0.001000s ]
INFO: Run Behavior\CheckLangBehavior [ RunTime:0.002000s ]
INFO: [ app_begin ] --END-- [ RunTime:0.004000s ]
NOTIC: [8] Undefined index: url D:\wamp\www\fang\application\Common\Controller\AppframeController.class.php 第 44 行.

[ 2016-06-15T17:21:16+08:00 ] 127.0.0.1 /fang/user/index/is_login.html
INFO: [ app_begin ] --START--
INFO: Run Behavior\ReadHtmlCacheBehavior [ RunTime:0.001000s ]
INFO: Run Behavior\CheckLangBehavior [ RunTime:0.001000s ]
INFO: [ app_begin ] --END-- [ RunTime:0.002000s ]
NOTIC: [8] Undefined index: url D:\wamp\www\fang\application\Common\Controller\AppframeController.class.php 第 44 行.

[ 2016-06-15T17:21:18+08:00 ] 127.0.0.1 /fang/user/index/is_login.html
INFO: [ app_begin ] --START--
INFO: Run Behavior\ReadHtmlCacheBehavior [ RunTime:0.001000s ]
INFO: Run Behavior\CheckLangBehavior [ RunTime:0.002000s ]
INFO: [ app_begin ] --END-- [ RunTime:0.003000s ]
NOTIC: [8] Undefined index: url D:\wamp\www\fang\application\Common\Controller\AppframeController.class.php 第 44 行.

[ 2016-06-15T17:21:25+08:00 ] 127.0.0.1 /fang/user/index/is_login.html
INFO: [ app_begin ] --START--
INFO: Run Behavior\ReadHtmlCacheBehavior [ RunTime:0.001000s ]
INFO: Run Behavior\CheckLangBehavior [ RunTime:0.002001s ]
INFO: [ app_begin ] --END-- [ RunTime:0.004001s ]
NOTIC: [8] Undefined index: url D:\wamp\www\fang\application\Common\Controller\AppframeController.class.php 第 44 行.

[ 2016-06-15T17:21:27+08:00 ] 127.0.0.1 /fang/user/index/is_login.html
INFO: [ app_begin ] --START--
INFO: Run Behavior\ReadHtmlCacheBehavior [ RunTime:0.001000s ]
INFO: Run Behavior\CheckLangBehavior [ RunTime:0.001000s ]
INFO: [ app_begin ] --END-- [ RunTime:0.003000s ]
NOTIC: [8] Undefined index: url D:\wamp\www\fang\application\Common\Controller\AppframeController.class.php 第 44 行.

[ 2016-06-15T17:21:29+08:00 ] 127.0.0.1 /fang/user/index/is_login.html
INFO: [ app_begin ] --START--
INFO: Run Behavior\ReadHtmlCacheBehavior [ RunTime:0.001000s ]
INFO: Run Behavior\CheckLangBehavior [ RunTime:0.001001s ]
INFO: [ app_begin ] --END-- [ RunTime:0.002001s ]
NOTIC: [8] Undefined index: url D:\wamp\www\fang\application\Common\Controller\AppframeController.class.php 第 44 行.

[ 2016-06-15T17:21:30+08:00 ] 127.0.0.1 /fang/user/index/is_login.html
INFO: [ app_begin ] --START--
INFO: Run Behavior\ReadHtmlCacheBehavior [ RunTime:0.001000s ]
INFO: Run Behavior\CheckLangBehavior [ RunTime:0.001000s ]
INFO: [ app_begin ] --END-- [ RunTime:0.003000s ]
NOTIC: [8] Undefined index: url D:\wamp\www\fang\application\Common\Controller\AppframeController.class.php 第 44 行.

[ 2016-06-15T17:21:30+08:00 ] 127.0.0.1 /fang/user/index/is_login.html
INFO: [ app_begin ] --START--
INFO: Run Behavior\ReadHtmlCacheBehavior [ RunTime:0.002000s ]
INFO: Run Behavior\CheckLangBehavior [ RunTime:0.001000s ]
INFO: [ app_begin ] --END-- [ RunTime:0.004000s ]
NOTIC: [8] Undefined index: url D:\wamp\www\fang\application\Common\Controller\AppframeController.class.php 第 44 行.

[ 2016-06-15T17:21:31+08:00 ] 127.0.0.1 /fang/user/index/is_login.html
INFO: [ app_begin ] --START--
INFO: Run Behavior\ReadHtmlCacheBehavior [ RunTime:0.001000s ]
INFO: Run Behavior\CheckLangBehavior [ RunTime:0.001000s ]
INFO: [ app_begin ] --END-- [ RunTime:0.003000s ]
NOTIC: [8] Undefined index: url D:\wamp\www\fang\application\Common\Controller\AppframeController.class.php 第 44 行.

[ 2016-06-15T17:21:31+08:00 ] 127.0.0.1 /fang/user/index/is_login.html
INFO: [ app_begin ] --START--
INFO: Run Behavior\ReadHtmlCacheBehavior [ RunTime:0.001000s ]
INFO: Run Behavior\CheckLangBehavior [ RunTime:0.001000s ]
INFO: [ app_begin ] --END-- [ RunTime:0.002000s ]
NOTIC: [8] Undefined index: url D:\wamp\www\fang\application\Common\Controller\AppframeController.class.php 第 44 行.

[ 2016-06-15T17:21:32+08:00 ] 127.0.0.1 /fang/user/index/is_login.html
INFO: [ app_begin ] --START--
INFO: Run Behavior\ReadHtmlCacheBehavior [ RunTime:0.001000s ]
INFO: Run Behavior\CheckLangBehavior [ RunTime:0.001000s ]
INFO: [ app_begin ] --END-- [ RunTime:0.002000s ]
NOTIC: [8] Undefined index: url D:\wamp\www\fang\application\Common\Controller\AppframeController.class.php 第 44 行.

[ 2016-06-15T17:21:33+08:00 ] 127.0.0.1 /fang/user/index/is_login.html
INFO: [ app_begin ] --START--
INFO: Run Behavior\ReadHtmlCacheBehavior [ RunTime:0.001000s ]
INFO: Run Behavior\CheckLangBehavior [ RunTime:0.001000s ]
INFO: [ app_begin ] --END-- [ RunTime:0.002000s ]
NOTIC: [8] Undefined index: url D:\wamp\www\fang\application\Common\Controller\AppframeController.class.php 第 44 行.

[ 2016-06-15T17:21:34+08:00 ] 127.0.0.1 /fang/user/index/is_login.html
INFO: [ app_begin ] --START--
INFO: Run Behavior\ReadHtmlCacheBehavior [ RunTime:0.001000s ]
INFO: Run Behavior\CheckLangBehavior [ RunTime:0.002001s ]
INFO: [ app_begin ] --END-- [ RunTime:0.004001s ]
NOTIC: [8] Undefined index: url D:\wamp\www\fang\application\Common\Controller\AppframeController.class.php 第 44 行.

[ 2016-06-15T17:21:34+08:00 ] 127.0.0.1 /fang/user/index/is_login.html
INFO: [ app_begin ] --START--
INFO: Run Behavior\ReadHtmlCacheBehavior [ RunTime:0.001000s ]
INFO: Run Behavior\CheckLangBehavior [ RunTime:0.001000s ]
INFO: [ app_begin ] --END-- [ RunTime:0.002000s ]
NOTIC: [8] Undefined index: url D:\wamp\www\fang\application\Common\Controller\AppframeController.class.php 第 44 行.

[ 2016-06-15T17:21:35+08:00 ] 127.0.0.1 /fang/user/index/is_login.html
INFO: [ app_begin ] --START--
INFO: Run Behavior\ReadHtmlCacheBehavior [ RunTime:0.000000s ]
INFO: Run Behavior\CheckLangBehavior [ RunTime:0.001001s ]
INFO: [ app_begin ] --END-- [ RunTime:0.002001s ]
NOTIC: [8] Undefined index: url D:\wamp\www\fang\application\Common\Controller\AppframeController.class.php 第 44 行.

[ 2016-06-15T17:21:41+08:00 ] 127.0.0.1 /fang/user/index/is_login.html
INFO: [ app_begin ] --START--
INFO: Run Behavior\ReadHtmlCacheBehavior [ RunTime:0.001000s ]
INFO: Run Behavior\CheckLangBehavior [ RunTime:0.001000s ]
INFO: [ app_begin ] --END-- [ RunTime:0.002000s ]
NOTIC: [8] Undefined index: url D:\wamp\www\fang\application\Common\Controller\AppframeController.class.php 第 44 行.

[ 2016-06-15T17:21:43+08:00 ] 127.0.0.1 /fang/user/index/is_login.html
INFO: [ app_begin ] --START--
INFO: Run Behavior\ReadHtmlCacheBehavior [ RunTime:0.001000s ]
INFO: Run Behavior\CheckLangBehavior [ RunTime:0.001001s ]
INFO: [ app_begin ] --END-- [ RunTime:0.003001s ]
NOTIC: [8] Undefined index: url D:\wamp\www\fang\application\Common\Controller\AppframeController.class.php 第 44 行.

[ 2016-06-15T17:21:45+08:00 ] 127.0.0.1 /fang/user/index/is_login.html
INFO: [ app_begin ] --START--
INFO: Run Behavior\ReadHtmlCacheBehavior [ RunTime:0.000000s ]
INFO: Run Behavior\CheckLangBehavior [ RunTime:0.002000s ]
INFO: [ app_begin ] --END-- [ RunTime:0.003000s ]
NOTIC: [8] Undefined index: url D:\wamp\www\fang\application\Common\Controller\AppframeController.class.php 第 44 行.

[ 2016-06-15T17:21:50+08:00 ] 127.0.0.1 /fang/user/index/is_login.html
INFO: [ app_begin ] --START--
INFO: Run Behavior\ReadHtmlCacheBehavior [ RunTime:0.001000s ]
INFO: Run Behavior\CheckLangBehavior [ RunTime:0.001000s ]
INFO: [ app_begin ] --END-- [ RunTime:0.002000s ]
NOTIC: [8] Undefined index: url D:\wamp\www\fang\application\Common\Controller\AppframeController.class.php 第 44 行.

[ 2016-06-15T17:21:52+08:00 ] 127.0.0.1 /fang/user/index/is_login.html
INFO: [ app_begin ] --START--
INFO: Run Behavior\ReadHtmlCacheBehavior [ RunTime:0.000000s ]
INFO: Run Behavior\CheckLangBehavior [ RunTime:0.001000s ]
INFO: [ app_begin ] --END-- [ RunTime:0.003001s ]
NOTIC: [8] Undefined index: url D:\wamp\www\fang\application\Common\Controller\AppframeController.class.php 第 44 行.

[ 2016-06-15T17:21:55+08:00 ] 127.0.0.1 /fang/user/index/is_login.html
INFO: [ app_begin ] --START--
INFO: Run Behavior\ReadHtmlCacheBehavior [ RunTime:0.000000s ]
INFO: Run Behavior\CheckLangBehavior [ RunTime:0.001000s ]
INFO: [ app_begin ] --END-- [ RunTime:0.002000s ]
NOTIC: [8] Undefined index: url D:\wamp\www\fang\application\Common\Controller\AppframeController.class.php 第 44 行.

[ 2016-06-15T17:21:55+08:00 ] 127.0.0.1 /fang/user/index/is_login.html
INFO: [ app_begin ] --START--
INFO: Run Behavior\ReadHtmlCacheBehavior [ RunTime:0.002000s ]
INFO: Run Behavior\CheckLangBehavior [ RunTime:0.001000s ]
INFO: [ app_begin ] --END-- [ RunTime:0.003000s ]
NOTIC: [8] Undefined index: url D:\wamp\www\fang\application\Common\Controller\AppframeController.class.php 第 44 行.

[ 2016-06-15T17:21:56+08:00 ] 127.0.0.1 /fang/user/index/is_login.html
INFO: [ app_begin ] --START--
INFO: Run Behavior\ReadHtmlCacheBehavior [ RunTime:0.000000s ]
INFO: Run Behavior\CheckLangBehavior [ RunTime:0.002000s ]
INFO: [ app_begin ] --END-- [ RunTime:0.003000s ]
NOTIC: [8] Undefined index: url D:\wamp\www\fang\application\Common\Controller\AppframeController.class.php 第 44 行.

[ 2016-06-15T17:21:56+08:00 ] 127.0.0.1 /fang/user/index/is_login.html
INFO: [ app_begin ] --START--
INFO: Run Behavior\ReadHtmlCacheBehavior [ RunTime:0.001000s ]
INFO: Run Behavior\CheckLangBehavior [ RunTime:0.001000s ]
INFO: [ app_begin ] --END-- [ RunTime:0.003000s ]
NOTIC: [8] Undefined index: url D:\wamp\www\fang\application\Common\Controller\AppframeController.class.php 第 44 行.

[ 2016-06-15T17:21:57+08:00 ] 127.0.0.1 /fang/user/index/is_login.html
INFO: [ app_begin ] --START--
INFO: Run Behavior\ReadHtmlCacheBehavior [ RunTime:0.001000s ]
INFO: Run Behavior\CheckLangBehavior [ RunTime:0.002000s ]
INFO: [ app_begin ] --END-- [ RunTime:0.003000s ]
NOTIC: [8] Undefined index: url D:\wamp\www\fang\application\Common\Controller\AppframeController.class.php 第 44 行.

[ 2016-06-15T17:21:58+08:00 ] 127.0.0.1 /fang/user/index/is_login.html
INFO: [ app_begin ] --START--
INFO: Run Behavior\ReadHtmlCacheBehavior [ RunTime:0.000000s ]
INFO: Run Behavior\CheckLangBehavior [ RunTime:0.001000s ]
INFO: [ app_begin ] --END-- [ RunTime:0.003000s ]
NOTIC: [8] Undefined index: url D:\wamp\www\fang\application\Common\Controller\AppframeController.class.php 第 44 行.

[ 2016-06-15T17:21:58+08:00 ] 127.0.0.1 /fang/user/index/is_login.html
INFO: [ app_begin ] --START--
INFO: Run Behavior\ReadHtmlCacheBehavior [ RunTime:0.001000s ]
INFO: Run Behavior\CheckLangBehavior [ RunTime:0.002000s ]
INFO: [ app_begin ] --END-- [ RunTime:0.004000s ]
NOTIC: [8] Undefined index: url D:\wamp\www\fang\application\Common\Controller\AppframeController.class.php 第 44 行.

[ 2016-06-15T17:21:58+08:00 ] 127.0.0.1 /fang/user/index/is_login.html
INFO: [ app_begin ] --START--
INFO: Run Behavior\ReadHtmlCacheBehavior [ RunTime:0.001000s ]
INFO: Run Behavior\CheckLangBehavior [ RunTime:0.001000s ]
INFO: [ app_begin ] --END-- [ RunTime:0.002000s ]
NOTIC: [8] Undefined index: url D:\wamp\www\fang\application\Common\Controller\AppframeController.class.php 第 44 行.

[ 2016-06-15T17:21:59+08:00 ] 127.0.0.1 /fang/user/index/is_login.html
INFO: [ app_begin ] --START--
INFO: Run Behavior\ReadHtmlCacheBehavior [ RunTime:0.000000s ]
INFO: Run Behavior\CheckLangBehavior [ RunTime:0.002000s ]
INFO: [ app_begin ] --END-- [ RunTime:0.003000s ]
NOTIC: [8] Undefined index: url D:\wamp\www\fang\application\Common\Controller\AppframeController.class.php 第 44 行.

[ 2016-06-15T17:22:00+08:00 ] 127.0.0.1 /fang/user/index/is_login.html
INFO: [ app_begin ] --START--
INFO: Run Behavior\ReadHtmlCacheBehavior [ RunTime:0.001000s ]
INFO: Run Behavior\CheckLangBehavior [ RunTime:0.001001s ]
INFO: [ app_begin ] --END-- [ RunTime:0.002001s ]
NOTIC: [8] Undefined index: url D:\wamp\www\fang\application\Common\Controller\AppframeController.class.php 第 44 行.

[ 2016-06-15T17:22:00+08:00 ] 127.0.0.1 /fang/user/index/is_login.html
INFO: [ app_begin ] --START--
INFO: Run Behavior\ReadHtmlCacheBehavior [ RunTime:0.001000s ]
INFO: Run Behavior\CheckLangBehavior [ RunTime:0.002000s ]
INFO: [ app_begin ] --END-- [ RunTime:0.003000s ]
NOTIC: [8] Undefined index: url D:\wamp\www\fang\application\Common\Controller\AppframeController.class.php 第 44 行.

[ 2016-06-15T17:22:01+08:00 ] 127.0.0.1 /fang/user/index/is_login.html
INFO: [ app_begin ] --START--
INFO: Run Behavior\ReadHtmlCacheBehavior [ RunTime:0.001000s ]
INFO: Run Behavior\CheckLangBehavior [ RunTime:0.001000s ]
INFO: [ app_begin ] --END-- [ RunTime:0.002000s ]
NOTIC: [8] Undefined index: url D:\wamp\www\fang\application\Common\Controller\AppframeController.class.php 第 44 行.

[ 2016-06-15T17:22:01+08:00 ] 127.0.0.1 /fang/user/index/is_login.html
INFO: [ app_begin ] --START--
INFO: Run Behavior\ReadHtmlCacheBehavior [ RunTime:0.001000s ]
INFO: Run Behavior\CheckLangBehavior [ RunTime:0.001001s ]
INFO: [ app_begin ] --END-- [ RunTime:0.004001s ]
NOTIC: [8] Undefined index: url D:\wamp\www\fang\application\Common\Controller\AppframeController.class.php 第 44 行.

[ 2016-06-15T17:22:02+08:00 ] 127.0.0.1 /fang/user/index/is_login.html
INFO: [ app_begin ] --START--
INFO: Run Behavior\ReadHtmlCacheBehavior [ RunTime:0.001000s ]
INFO: Run Behavior\CheckLangBehavior [ RunTime:0.001000s ]
INFO: [ app_begin ] --END-- [ RunTime:0.002000s ]
NOTIC: [8] Undefined index: url D:\wamp\www\fang\application\Common\Controller\AppframeController.class.php 第 44 行.

[ 2016-06-15T17:22:03+08:00 ] 127.0.0.1 /fang/user/index/is_login.html
INFO: [ app_begin ] --START--
INFO: Run Behavior\ReadHtmlCacheBehavior [ RunTime:0.001000s ]
INFO: Run Behavior\CheckLangBehavior [ RunTime:0.001000s ]
INFO: [ app_begin ] --END-- [ RunTime:0.002000s ]
NOTIC: [8] Undefined index: url D:\wamp\www\fang\application\Common\Controller\AppframeController.class.php 第 44 行.

[ 2016-06-15T17:22:03+08:00 ] 127.0.0.1 /fang/user/index/is_login.html
INFO: [ app_begin ] --START--
INFO: Run Behavior\ReadHtmlCacheBehavior [ RunTime:0.001000s ]
INFO: Run Behavior\CheckLangBehavior [ RunTime:0.001000s ]
INFO: [ app_begin ] --END-- [ RunTime:0.002000s ]
NOTIC: [8] Undefined index: url D:\wamp\www\fang\application\Common\Controller\AppframeController.class.php 第 44 行.

[ 2016-06-15T17:22:04+08:00 ] 127.0.0.1 /fang/user/index/is_login.html
INFO: [ app_begin ] --START--
INFO: Run Behavior\ReadHtmlCacheBehavior [ RunTime:0.001000s ]
INFO: Run Behavior\CheckLangBehavior [ RunTime:0.001001s ]
INFO: [ app_begin ] --END-- [ RunTime:0.002001s ]
NOTIC: [8] Undefined index: url D:\wamp\www\fang\application\Common\Controller\AppframeController.class.php 第 44 行.

[ 2016-06-15T17:25:04+08:00 ] 127.0.0.1 /fang/user/index/is_login.html
INFO: [ app_begin ] --START--
INFO: Run Behavior\ReadHtmlCacheBehavior [ RunTime:0.000000s ]
INFO: Run Behavior\CheckLangBehavior [ RunTime:0.001001s ]
INFO: [ app_begin ] --END-- [ RunTime:0.003001s ]
NOTIC: [8] Undefined index: url D:\wamp\www\fang\application\Common\Controller\AppframeController.class.php 第 44 行.

[ 2016-06-15T17:25:13+08:00 ] 127.0.0.1 /fang/user/index/is_login.html
INFO: [ app_begin ] --START--
INFO: Run Behavior\ReadHtmlCacheBehavior [ RunTime:0.001001s ]
INFO: Run Behavior\CheckLangBehavior [ RunTime:0.001000s ]
INFO: [ app_begin ] --END-- [ RunTime:0.002001s ]
NOTIC: [8] Undefined index: url D:\wamp\www\fang\application\Common\Controller\AppframeController.class.php 第 44 行.

[ 2016-06-15T17:25:14+08:00 ] 127.0.0.1 /fang/user/index/is_login.html
INFO: [ app_begin ] --START--
INFO: Run Behavior\ReadHtmlCacheBehavior [ RunTime:0.001000s ]
INFO: Run Behavior\CheckLangBehavior [ RunTime:0.001000s ]
INFO: [ app_begin ] --END-- [ RunTime:0.003000s ]
NOTIC: [8] Undefined index: url D:\wamp\www\fang\application\Common\Controller\AppframeController.class.php 第 44 行.

[ 2016-06-15T17:25:15+08:00 ] 127.0.0.1 /fang/user/index/is_login.html
INFO: [ app_begin ] --START--
INFO: Run Behavior\ReadHtmlCacheBehavior [ RunTime:0.000000s ]
INFO: Run Behavior\CheckLangBehavior [ RunTime:0.001000s ]
INFO: [ app_begin ] --END-- [ RunTime:0.003000s ]
NOTIC: [8] Undefined index: url D:\wamp\www\fang\application\Common\Controller\AppframeController.class.php 第 44 行.

[ 2016-06-15T17:25:16+08:00 ] 127.0.0.1 /fang/user/index/is_login.html
INFO: [ app_begin ] --START--
INFO: Run Behavior\ReadHtmlCacheBehavior [ RunTime:0.001000s ]
INFO: Run Behavior\CheckLangBehavior [ RunTime:0.002000s ]
INFO: [ app_begin ] --END-- [ RunTime:0.003000s ]
NOTIC: [8] Undefined index: url D:\wamp\www\fang\application\Common\Controller\AppframeController.class.php 第 44 行.

[ 2016-06-15T17:25:17+08:00 ] 127.0.0.1 /fang/user/index/is_login.html
INFO: [ app_begin ] --START--
INFO: Run Behavior\ReadHtmlCacheBehavior [ RunTime:0.001000s ]
INFO: Run Behavior\CheckLangBehavior [ RunTime:0.001000s ]
INFO: [ app_begin ] --END-- [ RunTime:0.003000s ]
NOTIC: [8] Undefined index: url D:\wamp\www\fang\application\Common\Controller\AppframeController.class.php 第 44 行.

[ 2016-06-15T17:25:17+08:00 ] 127.0.0.1 /fang/user/index/is_login.html
INFO: [ app_begin ] --START--
INFO: Run Behavior\ReadHtmlCacheBehavior [ RunTime:0.001000s ]
INFO: Run Behavior\CheckLangBehavior [ RunTime:0.001000s ]
INFO: [ app_begin ] --END-- [ RunTime:0.002000s ]
NOTIC: [8] Undefined index: url D:\wamp\www\fang\application\Common\Controller\AppframeController.class.php 第 44 行.

[ 2016-06-15T17:25:18+08:00 ] 127.0.0.1 /fang/user/index/is_login.html
INFO: [ app_begin ] --START--
INFO: Run Behavior\ReadHtmlCacheBehavior [ RunTime:0.001000s ]
INFO: Run Behavior\CheckLangBehavior [ RunTime:0.001000s ]
INFO: [ app_begin ] --END-- [ RunTime:0.004000s ]
NOTIC: [8] Undefined index: url D:\wamp\www\fang\application\Common\Controller\AppframeController.class.php 第 44 行.

[ 2016-06-15T17:25:18+08:00 ] 127.0.0.1 /fang/user/index/is_login.html
INFO: [ app_begin ] --START--
INFO: Run Behavior\ReadHtmlCacheBehavior [ RunTime:0.000000s ]
INFO: Run Behavior\CheckLangBehavior [ RunTime:0.001000s ]
INFO: [ app_begin ] --END-- [ RunTime:0.003000s ]
NOTIC: [8] Undefined index: url D:\wamp\www\fang\application\Common\Controller\AppframeController.class.php 第 44 行.

[ 2016-06-15T17:25:19+08:00 ] 127.0.0.1 /fang/user/index/is_login.html
INFO: [ app_begin ] --START--
INFO: Run Behavior\ReadHtmlCacheBehavior [ RunTime:0.001000s ]
INFO: Run Behavior\CheckLangBehavior [ RunTime:0.002000s ]
INFO: [ app_begin ] --END-- [ RunTime:0.003000s ]
NOTIC: [8] Undefined index: url D:\wamp\www\fang\application\Common\Controller\AppframeController.class.php 第 44 行.

[ 2016-06-15T17:25:19+08:00 ] 127.0.0.1 /fang/user/index/is_login.html
INFO: [ app_begin ] --START--
INFO: Run Behavior\ReadHtmlCacheBehavior [ RunTime:0.000000s ]
INFO: Run Behavior\CheckLangBehavior [ RunTime:0.001000s ]
INFO: [ app_begin ] --END-- [ RunTime:0.002000s ]
NOTIC: [8] Undefined index: url D:\wamp\www\fang\application\Common\Controller\AppframeController.class.php 第 44 行.

[ 2016-06-15T17:25:20+08:00 ] 127.0.0.1 /fang/user/index/is_login.html
INFO: [ app_begin ] --START--
INFO: Run Behavior\ReadHtmlCacheBehavior [ RunTime:0.001000s ]
INFO: Run Behavior\CheckLangBehavior [ RunTime:0.001000s ]
INFO: [ app_begin ] --END-- [ RunTime:0.002000s ]
NOTIC: [8] Undefined index: url D:\wamp\www\fang\application\Common\Controller\AppframeController.class.php 第 44 行.

